2025-06-23 00:19:42 - Error: Error: Could not make a database link using opencart4_user@localhost!<br/>Message: Access denied for user 'opencart4_user'@'localhost' to database 'opencart4_8090'
File: /Users/mezbjen/Desktop/meschain-sync-enterprise-1/RESTRUCTURED_UPLOAD/opencart-4.1.0.3/system/library/db/mysqli.php
Line: 86

Backtrace: 0
File: /Users/mezbjen/Desktop/meschain-sync-enterprise-1/RESTRUCTURED_UPLOAD/opencart-4.1.0.3/system/library/db.php
Line: 40
Class: Opencart\System\Library\DB\MySQLi
Function: __construct

Backtrace: 1
File: /Users/mezbjen/Desktop/meschain-sync-enterprise-1/RESTRUCTURED_UPLOAD/opencart-4.1.0.3/install/controller/startup/database.php
Line: 52
Class: Opencart\System\Library\DB
Function: __construct

Backtrace: 2
File: /Users/mezbjen/Desktop/meschain-sync-enterprise-1/RESTRUCTURED_UPLOAD/opencart-4.1.0.3/system/engine/action.php
Line: 96
Class: Opencart\Install\Controller\Startup\Database
Function: index

Backtrace: 3
File: /Users/mezbjen/Desktop/meschain-sync-enterprise-1/RESTRUCTURED_UPLOAD/opencart-4.1.0.3/system/framework.php
Line: 208
Class: Opencart\System\Engine\Action
Function: execute

Backtrace: 4
File: /Users/mezbjen/Desktop/meschain-sync-enterprise-1/RESTRUCTURED_UPLOAD/opencart-4.1.0.3/install/index.php
Line: 42
Function: require_once
2025-06-23 00:19:42 - Error: Error: Could not make a database link using opencart4_user@localhost!<br/>Message: Access denied for user 'opencart4_user'@'localhost' to database 'opencart4_8090'
File: /Users/mezbjen/Desktop/meschain-sync-enterprise-1/RESTRUCTURED_UPLOAD/opencart-4.1.0.3/system/library/db/mysqli.php
Line: 86

Backtrace: 0
File: /Users/mezbjen/Desktop/meschain-sync-enterprise-1/RESTRUCTURED_UPLOAD/opencart-4.1.0.3/system/library/db.php
Line: 40
Class: Opencart\System\Library\DB\MySQLi
Function: __construct

Backtrace: 1
File: /Users/mezbjen/Desktop/meschain-sync-enterprise-1/RESTRUCTURED_UPLOAD/opencart-4.1.0.3/install/controller/startup/database.php
Line: 52
Class: Opencart\System\Library\DB
Function: __construct

Backtrace: 2
File: /Users/mezbjen/Desktop/meschain-sync-enterprise-1/RESTRUCTURED_UPLOAD/opencart-4.1.0.3/system/engine/action.php
Line: 96
Class: Opencart\Install\Controller\Startup\Database
Function: index

Backtrace: 3
File: /Users/mezbjen/Desktop/meschain-sync-enterprise-1/RESTRUCTURED_UPLOAD/opencart-4.1.0.3/system/framework.php
Line: 208
Class: Opencart\System\Engine\Action
Function: execute

Backtrace: 4
File: /Users/mezbjen/Desktop/meschain-sync-enterprise-1/RESTRUCTURED_UPLOAD/opencart-4.1.0.3/install/index.php
Line: 42
Function: require_once
