[2025-06-20 06:06:26] [INFO] Starting MesChain-Sync Enterprise diagnostic...
[2025-06-20 06:06:26] [INFO] === CHECKING FILE STRUCTURE ===
[2025-06-20 06:06:26] [INFO] ✓ Admin Menu Controller: FOUND (opencart4/opencart-4.0.2.3/upload/admin/controller/common/column_left.php)
[2025-06-20 06:06:26] [INFO] ✓ Menu Language File: FOUND (opencart4/opencart-4.0.2.3/upload/admin/language/en-gb/common/column_left.php)
[2025-06-20 06:06:26] [INFO] ✓ MesChain Controller: FOUND (MesChain-Sync-ocmod/upload/admin/controller/extension/module/meschain_sync.php)
[2025-06-20 06:06:26] [INFO] ✓ MesChain Model: FOUND (MesChain-Sync-ocmod/upload/admin/model/extension/module/meschain_sync.php)
[2025-06-20 06:06:26] [INFO] ✓ MesChain Template: FOUND (MesChain-Sync-ocmod/upload/admin/view/template/extension/module/meschain_sync.twig)
[2025-06-20 06:06:26] [INFO] ✓ MesChain Bootstrap: FOUND (system/library/meschain/bootstrap.php)
[2025-06-20 06:06:26] [INFO] ✓ Trendyol API: FOUND (system/library/meschain/api/Trendyol.php)
[2025-06-20 06:06:26] [INFO] ✓ Hepsiburada API: FOUND (system/library/meschain/api/hepsiburada.php)
[2025-06-20 06:06:26] [INFO] 
=== CHECKING MENU INTEGRATION ===
[2025-06-20 06:06:26] [INFO] ✓ MeChain SYNC menu key found in column_left.php
[2025-06-20 06:06:26] [INFO] ✓ MesChain-Sync Enterprise menu key found
[2025-06-20 06:06:26] [INFO] ✓ Permission check for meschain_sync found
[2025-06-20 06:06:26] [INFO] 
=== CHECKING LANGUAGE FILES ===
[2025-06-20 06:06:26] [INFO] ✓ MeChain SYNC language key found
[2025-06-20 06:06:26] [INFO] ✓ MesChain-Sync Enterprise language key found
[2025-06-20 06:06:26] [INFO] 
=== CHECKING EXTENSION STRUCTURE ===
[2025-06-20 06:06:26] [INFO] ✓ Extension directory exists: MesChain-Sync-ocmod/upload/admin/controller/extension/module/
[2025-06-20 06:06:26] [INFO]   Files found: meschain_sync.php
[2025-06-20 06:06:26] [INFO] ✓ Extension directory exists: MesChain-Sync-ocmod/upload/admin/model/extension/module/
[2025-06-20 06:06:26] [INFO]   Files found: meschain_sync.php
[2025-06-20 06:06:26] [INFO] ✓ Extension directory exists: MesChain-Sync-ocmod/upload/admin/view/template/extension/module/
[2025-06-20 06:06:26] [INFO]   Files found: meschain_sync.twig
[2025-06-20 06:06:26] [INFO] ✓ Extension directory exists: MesChain-Sync-ocmod/upload/admin/language/en-gb/extension/module/
[2025-06-20 06:06:26] [INFO]   Files found: meschain_sync.php
[2025-06-20 06:06:26] [INFO] ✓ Extension directory exists: MesChain-Sync-ocmod/upload/system/library/meschain/
[2025-06-20 06:06:26] [INFO]   Files found: 
[2025-06-20 06:06:26] [INFO] 
=== CHECKING SYSTEM LIBRARY INTEGRATION ===
[2025-06-20 06:06:26] [INFO] ✓ MesChain system library directory exists
[2025-06-20 06:06:26] [INFO] ✓ System library file exists: bootstrap.php
[2025-06-20 06:06:26] [INFO] ✓ System library file exists: api/Trendyol.php
[2025-06-20 06:06:26] [INFO] ✓ System library file exists: api/hepsiburada.php
[2025-06-20 06:06:26] [INFO] ✓ System library file exists: logger/MesChainLogger.php
[2025-06-20 06:06:26] [INFO] ✓ System library file exists: helper/TrendyolHelper.php
[2025-06-20 06:06:26] [INFO] 
=== CHECKING INSTALL.XML ===
[2025-06-20 06:06:26] [INFO] ✓ install.xml file exists
[2025-06-20 06:06:26] [INFO] ✓ MesChain-Sync mentioned in install.xml
[2025-06-20 06:06:26] [INFO] 
=== CHECKING CONFIGURATION FILES ===
[2025-06-20 06:06:26] [INFO] ✓ Config file exists: opencart4/config.php
[2025-06-20 06:06:26] [INFO] ✓ Config file exists: opencart4/admin/config.php
[2025-06-20 06:06:26] [INFO] ✓ Config file exists: opencart4/opencart-4.0.2.3/upload/config-dist.php
[2025-06-20 06:06:26] [INFO] 
=== CHECKING FIX SCRIPTS ===
[2025-06-20 06:06:26] [INFO] ✓ Fix script exists: fix_opencart_menu_final.php
[2025-06-20 06:06:26] [INFO] ✓ Fix script exists: setup_mechain_sync_menu.php
[2025-06-20 06:06:26] [INFO] ✓ Fix script exists: verify_mechain_sync_setup.php
[2025-06-20 06:06:26] [INFO] 
=== DIAGNOSTIC SUMMARY ===
[2025-06-20 06:06:26] [INFO] ✅ NO CRITICAL ISSUES FOUND - System appears to be properly configured
[2025-06-20 06:06:26] [INFO] 
=== RECOMMENDED ACTIONS ===
[2025-06-20 06:06:26] [INFO] 📋 NEXT STEPS:
[2025-06-20 06:06:26] [INFO] 1. Review this diagnostic log: meschain_diagnostic_2025-06-20_06-06-26.log
[2025-06-20 06:06:26] [INFO] 2. Address issues in order of severity
[2025-06-20 06:06:26] [INFO] 3. Run verification scripts after fixes
[2025-06-20 06:06:26] [INFO] 4. Test admin panel access
[2025-06-20 06:06:26] [INFO] 
=== DIAGNOSTIC COMPLETE ===
[2025-06-20 06:06:26] [INFO] Log file saved as: meschain_diagnostic_2025-06-20_06-06-26.log
