2025-06-22 20:11:24 - 0:  Error: Table 'opencart4.oc_meschain_settings' doesn't exist<br/>Error No: 1146<br/>SELECT * FROM oc_meschain_settings WHERE marketplace = 'trendyol'
File: /Users/mezbjen/Desktop/meschain-sync-enterprise-1/RESTRUCTURED_UPLOAD/opencart4_clean/system/library/db/mysqli.php
Line: 76

2025-06-22 20:11:24 - 0:  Error: Table 'opencart4.oc_meschain_settings' doesn't exist<br/>Error No: 1146<br/>SELECT * FROM oc_meschain_settings WHERE marketplace = 'trendyol'
File: /Users/mezbjen/Desktop/meschain-sync-enterprise-1/RESTRUCTURED_UPLOAD/opencart4_clean/system/library/db/mysqli.php
Line: 76

2025-06-22 20:11:32 - 0:  Error: Table 'opencart4.oc_meschain_amazon_products' doesn't exist<br/>Error No: 1146<br/>SELECT COUNT(*) as total FROM oc_meschain_amazon_products
File: /Users/mezbjen/Desktop/meschain-sync-enterprise-1/RESTRUCTURED_UPLOAD/opencart4_clean/system/library/db/mysqli.php
Line: 76

2025-06-22 20:11:32 - 0:  Error: Table 'opencart4.oc_meschain_amazon_products' doesn't exist<br/>Error No: 1146<br/>SELECT COUNT(*) as total FROM oc_meschain_amazon_products
File: /Users/mezbjen/Desktop/meschain-sync-enterprise-1/RESTRUCTURED_UPLOAD/opencart4_clean/system/library/db/mysqli.php
Line: 76

2025-06-22 20:11:36 - 0:  Error: Table 'opencart4.oc_meschain_settings' doesn't exist<br/>Error No: 1146<br/>SELECT * FROM oc_meschain_settings WHERE marketplace = 'trendyol'
File: /Users/mezbjen/Desktop/meschain-sync-enterprise-1/RESTRUCTURED_UPLOAD/opencart4_clean/system/library/db/mysqli.php
Line: 76

2025-06-22 20:11:36 - 0:  Error: Table 'opencart4.oc_meschain_settings' doesn't exist<br/>Error No: 1146<br/>SELECT * FROM oc_meschain_settings WHERE marketplace = 'trendyol'
File: /Users/mezbjen/Desktop/meschain-sync-enterprise-1/RESTRUCTURED_UPLOAD/opencart4_clean/system/library/db/mysqli.php
Line: 76

2025-06-22 20:14:08 - 0:  Error: Table 'opencart4.oc_meschain_settings' doesn't exist<br/>Error No: 1146<br/>SELECT * FROM oc_meschain_settings WHERE marketplace = 'trendyol'
File: /Users/mezbjen/Desktop/meschain-sync-enterprise-1/RESTRUCTURED_UPLOAD/opencart4_clean/system/library/db/mysqli.php
Line: 76

2025-06-22 20:14:08 - 0:  Error: Table 'opencart4.oc_meschain_settings' doesn't exist<br/>Error No: 1146<br/>SELECT * FROM oc_meschain_settings WHERE marketplace = 'trendyol'
File: /Users/mezbjen/Desktop/meschain-sync-enterprise-1/RESTRUCTURED_UPLOAD/opencart4_clean/system/library/db/mysqli.php
Line: 76

2025-06-22 20:14:49 - 0:  Error: Table 'opencart4.oc_meschain_product_sync' doesn't exist<br/>Error No: 1146<br/>
            SELECT COUNT(*) as total
            FROM oc_meschain_product_sync
            WHERE marketplace = 'hepsiburada'
        
File: /Users/mezbjen/Desktop/meschain-sync-enterprise-1/RESTRUCTURED_UPLOAD/opencart4_clean/system/library/db/mysqli.php
Line: 76

2025-06-22 20:14:49 - 0:  Error: Table 'opencart4.oc_meschain_product_sync' doesn't exist<br/>Error No: 1146<br/>
            SELECT COUNT(*) as total
            FROM oc_meschain_product_sync
            WHERE marketplace = 'hepsiburada'
        
File: /Users/mezbjen/Desktop/meschain-sync-enterprise-1/RESTRUCTURED_UPLOAD/opencart4_clean/system/library/db/mysqli.php
Line: 76

2025-06-22 20:29:25 - 0:  Error: Could not call registry key error!
File: /Users/mezbjen/Desktop/meschain-sync-enterprise-1/RESTRUCTURED_UPLOAD/opencart4_clean/system/engine/controller.php
Line: 39

2025-06-22 20:29:41 - 0:  Error: Table 'opencart4.oc_meschain_product_sync' doesn't exist<br/>Error No: 1146<br/>
            SELECT COUNT(*) as total
            FROM oc_meschain_product_sync
            WHERE marketplace = 'hepsiburada'
        
File: /Users/mezbjen/Desktop/meschain-sync-enterprise-1/RESTRUCTURED_UPLOAD/opencart4_clean/system/library/db/mysqli.php
Line: 76

2025-06-22 20:29:41 - 0:  Error: Table 'opencart4.oc_meschain_product_sync' doesn't exist<br/>Error No: 1146<br/>
            SELECT COUNT(*) as total
            FROM oc_meschain_product_sync
            WHERE marketplace = 'hepsiburada'
        
File: /Users/mezbjen/Desktop/meschain-sync-enterprise-1/RESTRUCTURED_UPLOAD/opencart4_clean/system/library/db/mysqli.php
Line: 76

2025-06-22 20:42:23 - 0:  Error: Could not call registry key error!
File: /Users/mezbjen/Desktop/meschain-sync-enterprise-1/RESTRUCTURED_UPLOAD/opencart4_clean/system/engine/controller.php
Line: 39

2025-06-22 20:55:35 - 0:  Error: Table 'opencart4.oc_meschain_settings' doesn't exist<br/>Error No: 1146<br/>SELECT * FROM oc_meschain_settings WHERE marketplace = 'trendyol'
File: /Users/mezbjen/Desktop/meschain-sync-enterprise-1/RESTRUCTURED_UPLOAD/opencart4_clean/system/library/db/mysqli.php
Line: 76

2025-06-22 20:55:35 - 0:  Error: Table 'opencart4.oc_meschain_settings' doesn't exist<br/>Error No: 1146<br/>SELECT * FROM oc_meschain_settings WHERE marketplace = 'trendyol'
File: /Users/mezbjen/Desktop/meschain-sync-enterprise-1/RESTRUCTURED_UPLOAD/opencart4_clean/system/library/db/mysqli.php
Line: 76

2025-06-22 22:20:26 - 0:  Error: Table 'opencart4.oc_meschain_settings' doesn't exist<br/>Error No: 1146<br/>SELECT * FROM oc_meschain_settings WHERE marketplace = 'trendyol'
File: /Users/mezbjen/Desktop/meschain-sync-enterprise-1/RESTRUCTURED_UPLOAD/opencart4_clean/system/library/db/mysqli.php
Line: 76

2025-06-22 22:20:26 - 0:  Error: Table 'opencart4.oc_meschain_settings' doesn't exist<br/>Error No: 1146<br/>SELECT * FROM oc_meschain_settings WHERE marketplace = 'trendyol'
File: /Users/mezbjen/Desktop/meschain-sync-enterprise-1/RESTRUCTURED_UPLOAD/opencart4_clean/system/library/db/mysqli.php
Line: 76

2025-06-22 23:36:42 - 0:  Error: Table 'opencart4.oc_meschain_settings' doesn't exist<br/>Error No: 1146<br/>SELECT * FROM oc_meschain_settings WHERE marketplace = 'trendyol'
File: /Users/mezbjen/Desktop/meschain-sync-enterprise-1/RESTRUCTURED_UPLOAD/opencart4_clean/system/library/db/mysqli.php
Line: 76

2025-06-22 23:36:43 - 0:  Error: Table 'opencart4.oc_meschain_settings' doesn't exist<br/>Error No: 1146<br/>SELECT * FROM oc_meschain_settings WHERE marketplace = 'trendyol'
File: /Users/mezbjen/Desktop/meschain-sync-enterprise-1/RESTRUCTURED_UPLOAD/opencart4_clean/system/library/db/mysqli.php
Line: 76

2025-06-22 23:38:45 - 0:  Error: Could not call registry key error!
File: /Users/mezbjen/Desktop/meschain-sync-enterprise-1/RESTRUCTURED_UPLOAD/opencart4_clean/system/engine/controller.php
Line: 39

2025-06-22 23:47:45 - 0:  Error: Could not call registry key error!
File: /Users/mezbjen/Desktop/meschain-sync-enterprise-1/RESTRUCTURED_UPLOAD/opencart4_clean/system/engine/controller.php
Line: 39

2025-06-22 23:47:59 - 0:  Error: Could not load model Opencart\Admin\Model\Extension\Module\Meschain\Trendyol!
File: /Users/mezbjen/Desktop/meschain-sync-enterprise-1/RESTRUCTURED_UPLOAD/opencart4_clean/system/engine/loader.php
Line: 177

2025-06-22 23:47:59 - 0:  Error: Could not load model Opencart\Admin\Model\Extension\Module\Meschain\Trendyol!
File: /Users/mezbjen/Desktop/meschain-sync-enterprise-1/RESTRUCTURED_UPLOAD/opencart4_clean/system/engine/loader.php
Line: 177

2025-06-22 23:54:02 - 0:  Error: Could not load model Opencart\Admin\Model\Extension\Module\Meschain\Trendyol!
File: /Users/mezbjen/Desktop/meschain-sync-enterprise-1/RESTRUCTURED_UPLOAD/opencart4_clean/system/engine/loader.php
Line: 177

2025-06-22 23:54:04 - 0:  Error: Could not load model Opencart\Admin\Model\Extension\Module\Meschain\Trendyol!
File: /Users/mezbjen/Desktop/meschain-sync-enterprise-1/RESTRUCTURED_UPLOAD/opencart4_clean/system/engine/loader.php
Line: 177

2025-06-22 23:57:10 - 0:  Error: Could not load model Opencart\Admin\Model\Extension\Module\Meschain\Trendyol!
File: /Users/mezbjen/Desktop/meschain-sync-enterprise-1/RESTRUCTURED_UPLOAD/opencart4_clean/system/engine/loader.php
Line: 177

2025-06-22 23:57:14 - 0:  Error: Could not load model Opencart\Admin\Model\Extension\Module\Meschain\Trendyol!
File: /Users/mezbjen/Desktop/meschain-sync-enterprise-1/RESTRUCTURED_UPLOAD/opencart4_clean/system/engine/loader.php
Line: 177

2025-06-23 00:05:51 - 0:  Error: Could not load model Opencart\Admin\Model\Extension\Module\Meschain\Trendyol!
File: /Users/mezbjen/Desktop/meschain-sync-enterprise-1/RESTRUCTURED_UPLOAD/opencart4_clean/system/engine/loader.php
Line: 177

2025-06-23 00:05:52 - 0:  Error: Could not load model Opencart\Admin\Model\Extension\Module\Meschain\Trendyol!
File: /Users/mezbjen/Desktop/meschain-sync-enterprise-1/RESTRUCTURED_UPLOAD/opencart4_clean/system/engine/loader.php
Line: 177

2025-06-23 00:06:11 - 0:  Error: Could not call registry key error!
File: /Users/mezbjen/Desktop/meschain-sync-enterprise-1/RESTRUCTURED_UPLOAD/opencart4_clean/system/engine/controller.php
Line: 39

2025-06-23 00:13:43 - 0:  Error: Could not call registry key error!
File: /Users/mezbjen/Desktop/meschain-sync-enterprise-1/RESTRUCTURED_UPLOAD/opencart4_clean/system/engine/controller.php
Line: 39

2025-06-23 00:14:13 - 0:  Error: Could not load model Opencart\Admin\Model\Extension\Module\Meschain\Trendyol!
File: /Users/mezbjen/Desktop/meschain-sync-enterprise-1/RESTRUCTURED_UPLOAD/opencart4_clean/system/engine/loader.php
Line: 177

2025-06-23 00:14:13 - 0:  Error: Could not load model Opencart\Admin\Model\Extension\Module\Meschain\Trendyol!
File: /Users/mezbjen/Desktop/meschain-sync-enterprise-1/RESTRUCTURED_UPLOAD/opencart4_clean/system/engine/loader.php
Line: 177

2025-06-23 00:14:18 - 0:  Error: Table 'opencart4.oc_meschain_amazon_products' doesn't exist<br/>Error No: 1146<br/>SELECT COUNT(*) as total FROM oc_meschain_amazon_products
File: /Users/mezbjen/Desktop/meschain-sync-enterprise-1/RESTRUCTURED_UPLOAD/opencart4_clean/system/library/db/mysqli.php
Line: 76

2025-06-23 00:14:18 - 0:  Error: Table 'opencart4.oc_meschain_amazon_products' doesn't exist<br/>Error No: 1146<br/>SELECT COUNT(*) as total FROM oc_meschain_amazon_products
File: /Users/mezbjen/Desktop/meschain-sync-enterprise-1/RESTRUCTURED_UPLOAD/opencart4_clean/system/library/db/mysqli.php
Line: 76

2025-06-23 00:14:33 - 0:  Error: Could not load model Opencart\Admin\Model\Extension\Module\Meschain\Trendyol!
File: /Users/mezbjen/Desktop/meschain-sync-enterprise-1/RESTRUCTURED_UPLOAD/opencart4_clean/system/engine/loader.php
Line: 177

2025-06-23 00:14:33 - 0:  Error: Could not load model Opencart\Admin\Model\Extension\Module\Meschain\Trendyol!
File: /Users/mezbjen/Desktop/meschain-sync-enterprise-1/RESTRUCTURED_UPLOAD/opencart4_clean/system/engine/loader.php
Line: 177

2025-06-23 00:15:01 - 0:  Error: Could not call registry key error!
File: /Users/mezbjen/Desktop/meschain-sync-enterprise-1/RESTRUCTURED_UPLOAD/opencart4_clean/system/engine/controller.php
Line: 39

2025-06-23 00:16:58 - 0:  Error: Could not load model Opencart\Admin\Model\Extension\Module\Meschain\Trendyol!
File: /Users/mezbjen/Desktop/meschain-sync-enterprise-1/RESTRUCTURED_UPLOAD/opencart4_clean/system/engine/loader.php
Line: 177

2025-06-23 14:19:52 - 0:  Error: Could not load model Opencart\Admin\Model\Extension\Module\Meschain\Trendyol!
File: /Users/mezbjen/Desktop/meschain-sync-enterprise-1/RESTRUCTURED_UPLOAD/opencart4_clean/system/engine/loader.php
Line: 177

2025-06-23 14:19:53 - 0:  Error: Could not load model Opencart\Admin\Model\Extension\Module\Meschain\Trendyol!
File: /Users/mezbjen/Desktop/meschain-sync-enterprise-1/RESTRUCTURED_UPLOAD/opencart4_clean/system/engine/loader.php
Line: 177

2025-06-23 14:21:36 - 0:  Error: Could not load model Opencart\Admin\Model\Extension\Module\Meschain\Trendyol!
File: /Users/mezbjen/Desktop/meschain-sync-enterprise-1/RESTRUCTURED_UPLOAD/opencart4_clean/system/engine/loader.php
Line: 177

2025-06-23 14:21:36 - 0:  Error: Could not load model Opencart\Admin\Model\Extension\Module\Meschain\Trendyol!
File: /Users/mezbjen/Desktop/meschain-sync-enterprise-1/RESTRUCTURED_UPLOAD/opencart4_clean/system/engine/loader.php
Line: 177

2025-06-23 14:26:10 - 0:  Error: Table 'opencart4.oc_meschain_settings' doesn't exist<br/>Error No: 1146<br/>SELECT * FROM oc_meschain_settings WHERE marketplace = 'trendyol'
File: /Users/mezbjen/Desktop/meschain-sync-enterprise-1/RESTRUCTURED_UPLOAD/opencart4_clean/system/library/db/mysqli.php
Line: 76

2025-06-23 14:26:13 - 0:  Error: Table 'opencart4.oc_meschain_settings' doesn't exist<br/>Error No: 1146<br/>SELECT * FROM oc_meschain_settings WHERE marketplace = 'trendyol'
File: /Users/mezbjen/Desktop/meschain-sync-enterprise-1/RESTRUCTURED_UPLOAD/opencart4_clean/system/library/db/mysqli.php
Line: 76

2025-06-23 14:27:34 - 0:  Error: Could not call registry key error!
File: /Users/mezbjen/Desktop/meschain-sync-enterprise-1/RESTRUCTURED_UPLOAD/opencart4_clean/system/engine/controller.php
Line: 39

2025-06-23 14:27:39 - 0:  Error: Table 'opencart4.oc_meschain_amazon_products' doesn't exist<br/>Error No: 1146<br/>SELECT COUNT(*) as total FROM oc_meschain_amazon_products
File: /Users/mezbjen/Desktop/meschain-sync-enterprise-1/RESTRUCTURED_UPLOAD/opencart4_clean/system/library/db/mysqli.php
Line: 76

2025-06-23 14:27:40 - 0:  Error: Table 'opencart4.oc_meschain_amazon_products' doesn't exist<br/>Error No: 1146<br/>SELECT COUNT(*) as total FROM oc_meschain_amazon_products
File: /Users/mezbjen/Desktop/meschain-sync-enterprise-1/RESTRUCTURED_UPLOAD/opencart4_clean/system/library/db/mysqli.php
Line: 76

2025-06-23 14:35:18 - 0:  Error: Table 'opencart4.oc_meschain_settings' doesn't exist<br/>Error No: 1146<br/>SELECT * FROM oc_meschain_settings WHERE marketplace = 'trendyol'
File: /Users/mezbjen/Desktop/meschain-sync-enterprise-1/RESTRUCTURED_UPLOAD/opencart4_clean/system/library/db/mysqli.php
Line: 76

2025-06-23 14:35:19 - 0:  Error: Table 'opencart4.oc_meschain_settings' doesn't exist<br/>Error No: 1146<br/>SELECT * FROM oc_meschain_settings WHERE marketplace = 'trendyol'
File: /Users/mezbjen/Desktop/meschain-sync-enterprise-1/RESTRUCTURED_UPLOAD/opencart4_clean/system/library/db/mysqli.php
Line: 76

2025-06-23 14:37:24 - 0:  Error: Table 'opencart4.oc_meschain_settings' doesn't exist<br/>Error No: 1146<br/>SELECT * FROM oc_meschain_settings WHERE marketplace = 'trendyol'
File: /Users/mezbjen/Desktop/meschain-sync-enterprise-1/RESTRUCTURED_UPLOAD/opencart4_clean/system/library/db/mysqli.php
Line: 76

2025-06-23 14:37:50 - 0:  Error: Table 'opencart4.oc_meschain_settings' doesn't exist<br/>Error No: 1146<br/>SELECT * FROM oc_meschain_settings WHERE marketplace = 'trendyol'
File: /Users/mezbjen/Desktop/meschain-sync-enterprise-1/RESTRUCTURED_UPLOAD/opencart4_clean/system/library/db/mysqli.php
Line: 76

2025-06-23 14:37:50 - 0:  Error: Table 'opencart4.oc_meschain_settings' doesn't exist<br/>Error No: 1146<br/>SELECT * FROM oc_meschain_settings WHERE marketplace = 'trendyol'
File: /Users/mezbjen/Desktop/meschain-sync-enterprise-1/RESTRUCTURED_UPLOAD/opencart4_clean/system/library/db/mysqli.php
Line: 76

2025-06-23 14:42:07 - PHP Warning: Undefined array key "setting_key"
File: /Users/mezbjen/Desktop/meschain-sync-enterprise-1/RESTRUCTURED_UPLOAD/opencart4_clean/admin/model/extension/meschain/trendyol.php
Line: 20

2025-06-23 14:42:07 - PHP Warning: Undefined array key "setting_value"
File: /Users/mezbjen/Desktop/meschain-sync-enterprise-1/RESTRUCTURED_UPLOAD/opencart4_clean/admin/model/extension/meschain/trendyol.php
Line: 20

2025-06-23 14:42:07 - PHP Warning: Undefined array key "setting_key"
File: /Users/mezbjen/Desktop/meschain-sync-enterprise-1/RESTRUCTURED_UPLOAD/opencart4_clean/admin/model/extension/meschain/trendyol.php
Line: 20

2025-06-23 14:42:07 - PHP Warning: Undefined array key "setting_value"
File: /Users/mezbjen/Desktop/meschain-sync-enterprise-1/RESTRUCTURED_UPLOAD/opencart4_clean/admin/model/extension/meschain/trendyol.php
Line: 20

2025-06-23 14:42:07 - PHP Warning: Undefined array key "setting_key"
File: /Users/mezbjen/Desktop/meschain-sync-enterprise-1/RESTRUCTURED_UPLOAD/opencart4_clean/admin/model/extension/meschain/trendyol.php
Line: 20

2025-06-23 14:42:07 - PHP Warning: Undefined array key "setting_value"
File: /Users/mezbjen/Desktop/meschain-sync-enterprise-1/RESTRUCTURED_UPLOAD/opencart4_clean/admin/model/extension/meschain/trendyol.php
Line: 20

2025-06-23 14:42:07 - PHP Warning: Undefined array key "setting_key"
File: /Users/mezbjen/Desktop/meschain-sync-enterprise-1/RESTRUCTURED_UPLOAD/opencart4_clean/admin/model/extension/meschain/trendyol.php
Line: 20

2025-06-23 14:42:07 - PHP Warning: Undefined array key "setting_value"
File: /Users/mezbjen/Desktop/meschain-sync-enterprise-1/RESTRUCTURED_UPLOAD/opencart4_clean/admin/model/extension/meschain/trendyol.php
Line: 20

2025-06-23 14:42:07 - PHP Warning: Undefined array key "setting_key"
File: /Users/mezbjen/Desktop/meschain-sync-enterprise-1/RESTRUCTURED_UPLOAD/opencart4_clean/admin/model/extension/meschain/trendyol.php
Line: 20

2025-06-23 14:42:07 - PHP Warning: Undefined array key "setting_value"
File: /Users/mezbjen/Desktop/meschain-sync-enterprise-1/RESTRUCTURED_UPLOAD/opencart4_clean/admin/model/extension/meschain/trendyol.php
Line: 20

2025-06-23 14:42:07 - PHP Warning: Undefined array key "setting_key"
File: /Users/mezbjen/Desktop/meschain-sync-enterprise-1/RESTRUCTURED_UPLOAD/opencart4_clean/admin/model/extension/meschain/trendyol.php
Line: 20

2025-06-23 14:42:07 - PHP Warning: Undefined array key "setting_value"
File: /Users/mezbjen/Desktop/meschain-sync-enterprise-1/RESTRUCTURED_UPLOAD/opencart4_clean/admin/model/extension/meschain/trendyol.php
Line: 20

2025-06-23 14:42:09 - PHP Warning: Undefined array key "setting_key"
File: /Users/mezbjen/Desktop/meschain-sync-enterprise-1/RESTRUCTURED_UPLOAD/opencart4_clean/admin/model/extension/meschain/trendyol.php
Line: 20

2025-06-23 14:42:09 - PHP Warning: Undefined array key "setting_value"
File: /Users/mezbjen/Desktop/meschain-sync-enterprise-1/RESTRUCTURED_UPLOAD/opencart4_clean/admin/model/extension/meschain/trendyol.php
Line: 20

2025-06-23 14:42:09 - PHP Warning: Undefined array key "setting_key"
File: /Users/mezbjen/Desktop/meschain-sync-enterprise-1/RESTRUCTURED_UPLOAD/opencart4_clean/admin/model/extension/meschain/trendyol.php
Line: 20

2025-06-23 14:42:09 - PHP Warning: Undefined array key "setting_value"
File: /Users/mezbjen/Desktop/meschain-sync-enterprise-1/RESTRUCTURED_UPLOAD/opencart4_clean/admin/model/extension/meschain/trendyol.php
Line: 20

2025-06-23 14:42:09 - PHP Warning: Undefined array key "setting_key"
File: /Users/mezbjen/Desktop/meschain-sync-enterprise-1/RESTRUCTURED_UPLOAD/opencart4_clean/admin/model/extension/meschain/trendyol.php
Line: 20

2025-06-23 14:42:09 - PHP Warning: Undefined array key "setting_value"
File: /Users/mezbjen/Desktop/meschain-sync-enterprise-1/RESTRUCTURED_UPLOAD/opencart4_clean/admin/model/extension/meschain/trendyol.php
Line: 20

2025-06-23 14:42:09 - PHP Warning: Undefined array key "setting_key"
File: /Users/mezbjen/Desktop/meschain-sync-enterprise-1/RESTRUCTURED_UPLOAD/opencart4_clean/admin/model/extension/meschain/trendyol.php
Line: 20

2025-06-23 14:42:09 - PHP Warning: Undefined array key "setting_value"
File: /Users/mezbjen/Desktop/meschain-sync-enterprise-1/RESTRUCTURED_UPLOAD/opencart4_clean/admin/model/extension/meschain/trendyol.php
Line: 20

2025-06-23 14:42:09 - PHP Warning: Undefined array key "setting_key"
File: /Users/mezbjen/Desktop/meschain-sync-enterprise-1/RESTRUCTURED_UPLOAD/opencart4_clean/admin/model/extension/meschain/trendyol.php
Line: 20

2025-06-23 14:42:09 - PHP Warning: Undefined array key "setting_value"
File: /Users/mezbjen/Desktop/meschain-sync-enterprise-1/RESTRUCTURED_UPLOAD/opencart4_clean/admin/model/extension/meschain/trendyol.php
Line: 20

2025-06-23 14:42:09 - PHP Warning: Undefined array key "setting_key"
File: /Users/mezbjen/Desktop/meschain-sync-enterprise-1/RESTRUCTURED_UPLOAD/opencart4_clean/admin/model/extension/meschain/trendyol.php
Line: 20

2025-06-23 14:42:09 - PHP Warning: Undefined array key "setting_value"
File: /Users/mezbjen/Desktop/meschain-sync-enterprise-1/RESTRUCTURED_UPLOAD/opencart4_clean/admin/model/extension/meschain/trendyol.php
Line: 20

2025-06-23 14:42:17 - 0:  Error: Table 'opencart4.oc_meschain_amazon_products' doesn't exist<br/>Error No: 1146<br/>SELECT COUNT(*) as total FROM oc_meschain_amazon_products
File: /Users/mezbjen/Desktop/meschain-sync-enterprise-1/RESTRUCTURED_UPLOAD/opencart4_clean/system/library/db/mysqli.php
Line: 76

2025-06-23 14:42:18 - 0:  Error: Table 'opencart4.oc_meschain_amazon_products' doesn't exist<br/>Error No: 1146<br/>SELECT COUNT(*) as total FROM oc_meschain_amazon_products
File: /Users/mezbjen/Desktop/meschain-sync-enterprise-1/RESTRUCTURED_UPLOAD/opencart4_clean/system/library/db/mysqli.php
Line: 76

2025-06-23 14:42:22 - PHP Warning: Undefined array key "setting_key"
File: /Users/mezbjen/Desktop/meschain-sync-enterprise-1/RESTRUCTURED_UPLOAD/opencart4_clean/admin/model/extension/meschain/trendyol.php
Line: 20

2025-06-23 14:42:22 - PHP Warning: Undefined array key "setting_value"
File: /Users/mezbjen/Desktop/meschain-sync-enterprise-1/RESTRUCTURED_UPLOAD/opencart4_clean/admin/model/extension/meschain/trendyol.php
Line: 20

2025-06-23 14:42:22 - PHP Warning: Undefined array key "setting_key"
File: /Users/mezbjen/Desktop/meschain-sync-enterprise-1/RESTRUCTURED_UPLOAD/opencart4_clean/admin/model/extension/meschain/trendyol.php
Line: 20

2025-06-23 14:42:22 - PHP Warning: Undefined array key "setting_value"
File: /Users/mezbjen/Desktop/meschain-sync-enterprise-1/RESTRUCTURED_UPLOAD/opencart4_clean/admin/model/extension/meschain/trendyol.php
Line: 20

2025-06-23 14:42:22 - PHP Warning: Undefined array key "setting_key"
File: /Users/mezbjen/Desktop/meschain-sync-enterprise-1/RESTRUCTURED_UPLOAD/opencart4_clean/admin/model/extension/meschain/trendyol.php
Line: 20

2025-06-23 14:42:22 - PHP Warning: Undefined array key "setting_value"
File: /Users/mezbjen/Desktop/meschain-sync-enterprise-1/RESTRUCTURED_UPLOAD/opencart4_clean/admin/model/extension/meschain/trendyol.php
Line: 20

2025-06-23 14:42:22 - PHP Warning: Undefined array key "setting_key"
File: /Users/mezbjen/Desktop/meschain-sync-enterprise-1/RESTRUCTURED_UPLOAD/opencart4_clean/admin/model/extension/meschain/trendyol.php
Line: 20

2025-06-23 14:42:22 - PHP Warning: Undefined array key "setting_value"
File: /Users/mezbjen/Desktop/meschain-sync-enterprise-1/RESTRUCTURED_UPLOAD/opencart4_clean/admin/model/extension/meschain/trendyol.php
Line: 20

2025-06-23 14:42:22 - PHP Warning: Undefined array key "setting_key"
File: /Users/mezbjen/Desktop/meschain-sync-enterprise-1/RESTRUCTURED_UPLOAD/opencart4_clean/admin/model/extension/meschain/trendyol.php
Line: 20

2025-06-23 14:42:22 - PHP Warning: Undefined array key "setting_value"
File: /Users/mezbjen/Desktop/meschain-sync-enterprise-1/RESTRUCTURED_UPLOAD/opencart4_clean/admin/model/extension/meschain/trendyol.php
Line: 20

2025-06-23 14:42:22 - PHP Warning: Undefined array key "setting_key"
File: /Users/mezbjen/Desktop/meschain-sync-enterprise-1/RESTRUCTURED_UPLOAD/opencart4_clean/admin/model/extension/meschain/trendyol.php
Line: 20

2025-06-23 14:42:22 - PHP Warning: Undefined array key "setting_value"
File: /Users/mezbjen/Desktop/meschain-sync-enterprise-1/RESTRUCTURED_UPLOAD/opencart4_clean/admin/model/extension/meschain/trendyol.php
Line: 20

2025-06-23 14:42:23 - PHP Warning: Undefined array key "setting_key"
File: /Users/mezbjen/Desktop/meschain-sync-enterprise-1/RESTRUCTURED_UPLOAD/opencart4_clean/admin/model/extension/meschain/trendyol.php
Line: 20

2025-06-23 14:42:23 - PHP Warning: Undefined array key "setting_value"
File: /Users/mezbjen/Desktop/meschain-sync-enterprise-1/RESTRUCTURED_UPLOAD/opencart4_clean/admin/model/extension/meschain/trendyol.php
Line: 20

2025-06-23 14:42:23 - PHP Warning: Undefined array key "setting_key"
File: /Users/mezbjen/Desktop/meschain-sync-enterprise-1/RESTRUCTURED_UPLOAD/opencart4_clean/admin/model/extension/meschain/trendyol.php
Line: 20

2025-06-23 14:42:23 - PHP Warning: Undefined array key "setting_value"
File: /Users/mezbjen/Desktop/meschain-sync-enterprise-1/RESTRUCTURED_UPLOAD/opencart4_clean/admin/model/extension/meschain/trendyol.php
Line: 20

2025-06-23 14:42:23 - PHP Warning: Undefined array key "setting_key"
File: /Users/mezbjen/Desktop/meschain-sync-enterprise-1/RESTRUCTURED_UPLOAD/opencart4_clean/admin/model/extension/meschain/trendyol.php
Line: 20

2025-06-23 14:42:23 - PHP Warning: Undefined array key "setting_value"
File: /Users/mezbjen/Desktop/meschain-sync-enterprise-1/RESTRUCTURED_UPLOAD/opencart4_clean/admin/model/extension/meschain/trendyol.php
Line: 20

2025-06-23 14:42:23 - PHP Warning: Undefined array key "setting_key"
File: /Users/mezbjen/Desktop/meschain-sync-enterprise-1/RESTRUCTURED_UPLOAD/opencart4_clean/admin/model/extension/meschain/trendyol.php
Line: 20

2025-06-23 14:42:23 - PHP Warning: Undefined array key "setting_value"
File: /Users/mezbjen/Desktop/meschain-sync-enterprise-1/RESTRUCTURED_UPLOAD/opencart4_clean/admin/model/extension/meschain/trendyol.php
Line: 20

2025-06-23 14:42:23 - PHP Warning: Undefined array key "setting_key"
File: /Users/mezbjen/Desktop/meschain-sync-enterprise-1/RESTRUCTURED_UPLOAD/opencart4_clean/admin/model/extension/meschain/trendyol.php
Line: 20

2025-06-23 14:42:23 - PHP Warning: Undefined array key "setting_value"
File: /Users/mezbjen/Desktop/meschain-sync-enterprise-1/RESTRUCTURED_UPLOAD/opencart4_clean/admin/model/extension/meschain/trendyol.php
Line: 20

2025-06-23 14:42:23 - PHP Warning: Undefined array key "setting_key"
File: /Users/mezbjen/Desktop/meschain-sync-enterprise-1/RESTRUCTURED_UPLOAD/opencart4_clean/admin/model/extension/meschain/trendyol.php
Line: 20

2025-06-23 14:42:23 - PHP Warning: Undefined array key "setting_value"
File: /Users/mezbjen/Desktop/meschain-sync-enterprise-1/RESTRUCTURED_UPLOAD/opencart4_clean/admin/model/extension/meschain/trendyol.php
Line: 20

2025-06-23 14:42:51 - PHP Warning: Undefined array key "setting_key"
File: /Users/mezbjen/Desktop/meschain-sync-enterprise-1/RESTRUCTURED_UPLOAD/opencart4_clean/admin/model/extension/meschain/trendyol.php
Line: 20

2025-06-23 14:42:51 - PHP Warning: Undefined array key "setting_value"
File: /Users/mezbjen/Desktop/meschain-sync-enterprise-1/RESTRUCTURED_UPLOAD/opencart4_clean/admin/model/extension/meschain/trendyol.php
Line: 20

2025-06-23 14:42:51 - PHP Warning: Undefined array key "setting_key"
File: /Users/mezbjen/Desktop/meschain-sync-enterprise-1/RESTRUCTURED_UPLOAD/opencart4_clean/admin/model/extension/meschain/trendyol.php
Line: 20

2025-06-23 14:42:51 - PHP Warning: Undefined array key "setting_value"
File: /Users/mezbjen/Desktop/meschain-sync-enterprise-1/RESTRUCTURED_UPLOAD/opencart4_clean/admin/model/extension/meschain/trendyol.php
Line: 20

2025-06-23 14:42:51 - PHP Warning: Undefined array key "setting_key"
File: /Users/mezbjen/Desktop/meschain-sync-enterprise-1/RESTRUCTURED_UPLOAD/opencart4_clean/admin/model/extension/meschain/trendyol.php
Line: 20

2025-06-23 14:42:51 - PHP Warning: Undefined array key "setting_value"
File: /Users/mezbjen/Desktop/meschain-sync-enterprise-1/RESTRUCTURED_UPLOAD/opencart4_clean/admin/model/extension/meschain/trendyol.php
Line: 20

2025-06-23 14:42:51 - PHP Warning: Undefined array key "setting_key"
File: /Users/mezbjen/Desktop/meschain-sync-enterprise-1/RESTRUCTURED_UPLOAD/opencart4_clean/admin/model/extension/meschain/trendyol.php
Line: 20

2025-06-23 14:42:51 - PHP Warning: Undefined array key "setting_value"
File: /Users/mezbjen/Desktop/meschain-sync-enterprise-1/RESTRUCTURED_UPLOAD/opencart4_clean/admin/model/extension/meschain/trendyol.php
Line: 20

2025-06-23 14:42:51 - PHP Warning: Undefined array key "setting_key"
File: /Users/mezbjen/Desktop/meschain-sync-enterprise-1/RESTRUCTURED_UPLOAD/opencart4_clean/admin/model/extension/meschain/trendyol.php
Line: 20

2025-06-23 14:42:51 - PHP Warning: Undefined array key "setting_value"
File: /Users/mezbjen/Desktop/meschain-sync-enterprise-1/RESTRUCTURED_UPLOAD/opencart4_clean/admin/model/extension/meschain/trendyol.php
Line: 20

2025-06-23 14:42:51 - PHP Warning: Undefined array key "setting_key"
File: /Users/mezbjen/Desktop/meschain-sync-enterprise-1/RESTRUCTURED_UPLOAD/opencart4_clean/admin/model/extension/meschain/trendyol.php
Line: 20

2025-06-23 14:42:51 - PHP Warning: Undefined array key "setting_value"
File: /Users/mezbjen/Desktop/meschain-sync-enterprise-1/RESTRUCTURED_UPLOAD/opencart4_clean/admin/model/extension/meschain/trendyol.php
Line: 20

2025-06-23 14:42:53 - PHP Warning: Undefined array key "setting_key"
File: /Users/mezbjen/Desktop/meschain-sync-enterprise-1/RESTRUCTURED_UPLOAD/opencart4_clean/admin/model/extension/meschain/trendyol.php
Line: 20

2025-06-23 14:42:53 - PHP Warning: Undefined array key "setting_value"
File: /Users/mezbjen/Desktop/meschain-sync-enterprise-1/RESTRUCTURED_UPLOAD/opencart4_clean/admin/model/extension/meschain/trendyol.php
Line: 20

2025-06-23 14:42:53 - PHP Warning: Undefined array key "setting_key"
File: /Users/mezbjen/Desktop/meschain-sync-enterprise-1/RESTRUCTURED_UPLOAD/opencart4_clean/admin/model/extension/meschain/trendyol.php
Line: 20

2025-06-23 14:42:53 - PHP Warning: Undefined array key "setting_value"
File: /Users/mezbjen/Desktop/meschain-sync-enterprise-1/RESTRUCTURED_UPLOAD/opencart4_clean/admin/model/extension/meschain/trendyol.php
Line: 20

2025-06-23 14:42:53 - PHP Warning: Undefined array key "setting_key"
File: /Users/mezbjen/Desktop/meschain-sync-enterprise-1/RESTRUCTURED_UPLOAD/opencart4_clean/admin/model/extension/meschain/trendyol.php
Line: 20

2025-06-23 14:42:53 - PHP Warning: Undefined array key "setting_value"
File: /Users/mezbjen/Desktop/meschain-sync-enterprise-1/RESTRUCTURED_UPLOAD/opencart4_clean/admin/model/extension/meschain/trendyol.php
Line: 20

2025-06-23 14:42:53 - PHP Warning: Undefined array key "setting_key"
File: /Users/mezbjen/Desktop/meschain-sync-enterprise-1/RESTRUCTURED_UPLOAD/opencart4_clean/admin/model/extension/meschain/trendyol.php
Line: 20

2025-06-23 14:42:53 - PHP Warning: Undefined array key "setting_value"
File: /Users/mezbjen/Desktop/meschain-sync-enterprise-1/RESTRUCTURED_UPLOAD/opencart4_clean/admin/model/extension/meschain/trendyol.php
Line: 20

2025-06-23 14:42:53 - PHP Warning: Undefined array key "setting_key"
File: /Users/mezbjen/Desktop/meschain-sync-enterprise-1/RESTRUCTURED_UPLOAD/opencart4_clean/admin/model/extension/meschain/trendyol.php
Line: 20

2025-06-23 14:42:53 - PHP Warning: Undefined array key "setting_value"
File: /Users/mezbjen/Desktop/meschain-sync-enterprise-1/RESTRUCTURED_UPLOAD/opencart4_clean/admin/model/extension/meschain/trendyol.php
Line: 20

2025-06-23 14:42:53 - PHP Warning: Undefined array key "setting_key"
File: /Users/mezbjen/Desktop/meschain-sync-enterprise-1/RESTRUCTURED_UPLOAD/opencart4_clean/admin/model/extension/meschain/trendyol.php
Line: 20

2025-06-23 14:42:53 - PHP Warning: Undefined array key "setting_value"
File: /Users/mezbjen/Desktop/meschain-sync-enterprise-1/RESTRUCTURED_UPLOAD/opencart4_clean/admin/model/extension/meschain/trendyol.php
Line: 20

2025-06-23 14:42:54 - PHP Warning: Undefined array key "setting_key"
File: /Users/mezbjen/Desktop/meschain-sync-enterprise-1/RESTRUCTURED_UPLOAD/opencart4_clean/admin/model/extension/meschain/trendyol.php
Line: 20

2025-06-23 14:42:54 - PHP Warning: Undefined array key "setting_value"
File: /Users/mezbjen/Desktop/meschain-sync-enterprise-1/RESTRUCTURED_UPLOAD/opencart4_clean/admin/model/extension/meschain/trendyol.php
Line: 20

2025-06-23 14:42:54 - PHP Warning: Undefined array key "setting_key"
File: /Users/mezbjen/Desktop/meschain-sync-enterprise-1/RESTRUCTURED_UPLOAD/opencart4_clean/admin/model/extension/meschain/trendyol.php
Line: 20

2025-06-23 14:42:54 - PHP Warning: Undefined array key "setting_value"
File: /Users/mezbjen/Desktop/meschain-sync-enterprise-1/RESTRUCTURED_UPLOAD/opencart4_clean/admin/model/extension/meschain/trendyol.php
Line: 20

2025-06-23 14:42:54 - PHP Warning: Undefined array key "setting_key"
File: /Users/mezbjen/Desktop/meschain-sync-enterprise-1/RESTRUCTURED_UPLOAD/opencart4_clean/admin/model/extension/meschain/trendyol.php
Line: 20

2025-06-23 14:42:54 - PHP Warning: Undefined array key "setting_value"
File: /Users/mezbjen/Desktop/meschain-sync-enterprise-1/RESTRUCTURED_UPLOAD/opencart4_clean/admin/model/extension/meschain/trendyol.php
Line: 20

2025-06-23 14:42:54 - PHP Warning: Undefined array key "setting_key"
File: /Users/mezbjen/Desktop/meschain-sync-enterprise-1/RESTRUCTURED_UPLOAD/opencart4_clean/admin/model/extension/meschain/trendyol.php
Line: 20

2025-06-23 14:42:54 - PHP Warning: Undefined array key "setting_value"
File: /Users/mezbjen/Desktop/meschain-sync-enterprise-1/RESTRUCTURED_UPLOAD/opencart4_clean/admin/model/extension/meschain/trendyol.php
Line: 20

2025-06-23 14:42:54 - PHP Warning: Undefined array key "setting_key"
File: /Users/mezbjen/Desktop/meschain-sync-enterprise-1/RESTRUCTURED_UPLOAD/opencart4_clean/admin/model/extension/meschain/trendyol.php
Line: 20

2025-06-23 14:42:54 - PHP Warning: Undefined array key "setting_value"
File: /Users/mezbjen/Desktop/meschain-sync-enterprise-1/RESTRUCTURED_UPLOAD/opencart4_clean/admin/model/extension/meschain/trendyol.php
Line: 20

2025-06-23 14:42:54 - PHP Warning: Undefined array key "setting_key"
File: /Users/mezbjen/Desktop/meschain-sync-enterprise-1/RESTRUCTURED_UPLOAD/opencart4_clean/admin/model/extension/meschain/trendyol.php
Line: 20

2025-06-23 14:42:54 - PHP Warning: Undefined array key "setting_value"
File: /Users/mezbjen/Desktop/meschain-sync-enterprise-1/RESTRUCTURED_UPLOAD/opencart4_clean/admin/model/extension/meschain/trendyol.php
Line: 20

2025-06-23 14:42:54 - PHP Warning: Undefined array key "setting_key"
File: /Users/mezbjen/Desktop/meschain-sync-enterprise-1/RESTRUCTURED_UPLOAD/opencart4_clean/admin/model/extension/meschain/trendyol.php
Line: 20

2025-06-23 14:42:54 - PHP Warning: Undefined array key "setting_value"
File: /Users/mezbjen/Desktop/meschain-sync-enterprise-1/RESTRUCTURED_UPLOAD/opencart4_clean/admin/model/extension/meschain/trendyol.php
Line: 20

2025-06-23 14:42:54 - PHP Warning: Undefined array key "setting_key"
File: /Users/mezbjen/Desktop/meschain-sync-enterprise-1/RESTRUCTURED_UPLOAD/opencart4_clean/admin/model/extension/meschain/trendyol.php
Line: 20

2025-06-23 14:42:54 - PHP Warning: Undefined array key "setting_value"
File: /Users/mezbjen/Desktop/meschain-sync-enterprise-1/RESTRUCTURED_UPLOAD/opencart4_clean/admin/model/extension/meschain/trendyol.php
Line: 20

2025-06-23 14:42:54 - PHP Warning: Undefined array key "setting_key"
File: /Users/mezbjen/Desktop/meschain-sync-enterprise-1/RESTRUCTURED_UPLOAD/opencart4_clean/admin/model/extension/meschain/trendyol.php
Line: 20

2025-06-23 14:42:54 - PHP Warning: Undefined array key "setting_value"
File: /Users/mezbjen/Desktop/meschain-sync-enterprise-1/RESTRUCTURED_UPLOAD/opencart4_clean/admin/model/extension/meschain/trendyol.php
Line: 20

2025-06-23 14:42:54 - PHP Warning: Undefined array key "setting_key"
File: /Users/mezbjen/Desktop/meschain-sync-enterprise-1/RESTRUCTURED_UPLOAD/opencart4_clean/admin/model/extension/meschain/trendyol.php
Line: 20

2025-06-23 14:42:54 - PHP Warning: Undefined array key "setting_value"
File: /Users/mezbjen/Desktop/meschain-sync-enterprise-1/RESTRUCTURED_UPLOAD/opencart4_clean/admin/model/extension/meschain/trendyol.php
Line: 20

2025-06-23 14:42:54 - PHP Warning: Undefined array key "setting_key"
File: /Users/mezbjen/Desktop/meschain-sync-enterprise-1/RESTRUCTURED_UPLOAD/opencart4_clean/admin/model/extension/meschain/trendyol.php
Line: 20

2025-06-23 14:42:54 - PHP Warning: Undefined array key "setting_value"
File: /Users/mezbjen/Desktop/meschain-sync-enterprise-1/RESTRUCTURED_UPLOAD/opencart4_clean/admin/model/extension/meschain/trendyol.php
Line: 20

2025-06-23 14:42:54 - PHP Warning: Undefined array key "setting_key"
File: /Users/mezbjen/Desktop/meschain-sync-enterprise-1/RESTRUCTURED_UPLOAD/opencart4_clean/admin/model/extension/meschain/trendyol.php
Line: 20

2025-06-23 14:42:54 - PHP Warning: Undefined array key "setting_value"
File: /Users/mezbjen/Desktop/meschain-sync-enterprise-1/RESTRUCTURED_UPLOAD/opencart4_clean/admin/model/extension/meschain/trendyol.php
Line: 20

2025-06-23 14:43:19 - PHP Warning: Undefined array key "setting_key"
File: /Users/mezbjen/Desktop/meschain-sync-enterprise-1/RESTRUCTURED_UPLOAD/opencart4_clean/admin/model/extension/meschain/trendyol.php
Line: 20

2025-06-23 14:43:19 - PHP Warning: Undefined array key "setting_value"
File: /Users/mezbjen/Desktop/meschain-sync-enterprise-1/RESTRUCTURED_UPLOAD/opencart4_clean/admin/model/extension/meschain/trendyol.php
Line: 20

2025-06-23 14:43:19 - PHP Warning: Undefined array key "setting_key"
File: /Users/mezbjen/Desktop/meschain-sync-enterprise-1/RESTRUCTURED_UPLOAD/opencart4_clean/admin/model/extension/meschain/trendyol.php
Line: 20

2025-06-23 14:43:19 - PHP Warning: Undefined array key "setting_value"
File: /Users/mezbjen/Desktop/meschain-sync-enterprise-1/RESTRUCTURED_UPLOAD/opencart4_clean/admin/model/extension/meschain/trendyol.php
Line: 20

2025-06-23 14:43:19 - PHP Warning: Undefined array key "setting_key"
File: /Users/mezbjen/Desktop/meschain-sync-enterprise-1/RESTRUCTURED_UPLOAD/opencart4_clean/admin/model/extension/meschain/trendyol.php
Line: 20

2025-06-23 14:43:19 - PHP Warning: Undefined array key "setting_value"
File: /Users/mezbjen/Desktop/meschain-sync-enterprise-1/RESTRUCTURED_UPLOAD/opencart4_clean/admin/model/extension/meschain/trendyol.php
Line: 20

2025-06-23 14:43:19 - PHP Warning: Undefined array key "setting_key"
File: /Users/mezbjen/Desktop/meschain-sync-enterprise-1/RESTRUCTURED_UPLOAD/opencart4_clean/admin/model/extension/meschain/trendyol.php
Line: 20

2025-06-23 14:43:19 - PHP Warning: Undefined array key "setting_value"
File: /Users/mezbjen/Desktop/meschain-sync-enterprise-1/RESTRUCTURED_UPLOAD/opencart4_clean/admin/model/extension/meschain/trendyol.php
Line: 20

2025-06-23 14:43:19 - PHP Warning: Undefined array key "setting_key"
File: /Users/mezbjen/Desktop/meschain-sync-enterprise-1/RESTRUCTURED_UPLOAD/opencart4_clean/admin/model/extension/meschain/trendyol.php
Line: 20

2025-06-23 14:43:19 - PHP Warning: Undefined array key "setting_value"
File: /Users/mezbjen/Desktop/meschain-sync-enterprise-1/RESTRUCTURED_UPLOAD/opencart4_clean/admin/model/extension/meschain/trendyol.php
Line: 20

2025-06-23 14:43:19 - PHP Warning: Undefined array key "setting_key"
File: /Users/mezbjen/Desktop/meschain-sync-enterprise-1/RESTRUCTURED_UPLOAD/opencart4_clean/admin/model/extension/meschain/trendyol.php
Line: 20

2025-06-23 14:43:19 - PHP Warning: Undefined array key "setting_value"
File: /Users/mezbjen/Desktop/meschain-sync-enterprise-1/RESTRUCTURED_UPLOAD/opencart4_clean/admin/model/extension/meschain/trendyol.php
Line: 20

2025-06-23 14:43:21 - PHP Warning: Undefined array key "setting_key"
File: /Users/mezbjen/Desktop/meschain-sync-enterprise-1/RESTRUCTURED_UPLOAD/opencart4_clean/admin/model/extension/meschain/trendyol.php
Line: 20

2025-06-23 14:43:21 - PHP Warning: Undefined array key "setting_value"
File: /Users/mezbjen/Desktop/meschain-sync-enterprise-1/RESTRUCTURED_UPLOAD/opencart4_clean/admin/model/extension/meschain/trendyol.php
Line: 20

2025-06-23 14:43:21 - PHP Warning: Undefined array key "setting_key"
File: /Users/mezbjen/Desktop/meschain-sync-enterprise-1/RESTRUCTURED_UPLOAD/opencart4_clean/admin/model/extension/meschain/trendyol.php
Line: 20

2025-06-23 14:43:21 - PHP Warning: Undefined array key "setting_value"
File: /Users/mezbjen/Desktop/meschain-sync-enterprise-1/RESTRUCTURED_UPLOAD/opencart4_clean/admin/model/extension/meschain/trendyol.php
Line: 20

2025-06-23 14:43:21 - PHP Warning: Undefined array key "setting_key"
File: /Users/mezbjen/Desktop/meschain-sync-enterprise-1/RESTRUCTURED_UPLOAD/opencart4_clean/admin/model/extension/meschain/trendyol.php
Line: 20

2025-06-23 14:43:21 - PHP Warning: Undefined array key "setting_value"
File: /Users/mezbjen/Desktop/meschain-sync-enterprise-1/RESTRUCTURED_UPLOAD/opencart4_clean/admin/model/extension/meschain/trendyol.php
Line: 20

2025-06-23 14:43:21 - PHP Warning: Undefined array key "setting_key"
File: /Users/mezbjen/Desktop/meschain-sync-enterprise-1/RESTRUCTURED_UPLOAD/opencart4_clean/admin/model/extension/meschain/trendyol.php
Line: 20

2025-06-23 14:43:21 - PHP Warning: Undefined array key "setting_value"
File: /Users/mezbjen/Desktop/meschain-sync-enterprise-1/RESTRUCTURED_UPLOAD/opencart4_clean/admin/model/extension/meschain/trendyol.php
Line: 20

2025-06-23 14:43:21 - PHP Warning: Undefined array key "setting_key"
File: /Users/mezbjen/Desktop/meschain-sync-enterprise-1/RESTRUCTURED_UPLOAD/opencart4_clean/admin/model/extension/meschain/trendyol.php
Line: 20

2025-06-23 14:43:21 - PHP Warning: Undefined array key "setting_value"
File: /Users/mezbjen/Desktop/meschain-sync-enterprise-1/RESTRUCTURED_UPLOAD/opencart4_clean/admin/model/extension/meschain/trendyol.php
Line: 20

2025-06-23 14:43:21 - PHP Warning: Undefined array key "setting_key"
File: /Users/mezbjen/Desktop/meschain-sync-enterprise-1/RESTRUCTURED_UPLOAD/opencart4_clean/admin/model/extension/meschain/trendyol.php
Line: 20

2025-06-23 14:43:21 - PHP Warning: Undefined array key "setting_value"
File: /Users/mezbjen/Desktop/meschain-sync-enterprise-1/RESTRUCTURED_UPLOAD/opencart4_clean/admin/model/extension/meschain/trendyol.php
Line: 20

2025-06-23 14:45:41 - PHP Warning: Undefined array key "setting_key"
File: /Users/mezbjen/Desktop/meschain-sync-enterprise-1/RESTRUCTURED_UPLOAD/opencart4_clean/admin/model/extension/meschain/trendyol.php
Line: 20

2025-06-23 14:45:41 - PHP Warning: Undefined array key "setting_value"
File: /Users/mezbjen/Desktop/meschain-sync-enterprise-1/RESTRUCTURED_UPLOAD/opencart4_clean/admin/model/extension/meschain/trendyol.php
Line: 20

2025-06-23 14:45:41 - PHP Warning: Undefined array key "setting_key"
File: /Users/mezbjen/Desktop/meschain-sync-enterprise-1/RESTRUCTURED_UPLOAD/opencart4_clean/admin/model/extension/meschain/trendyol.php
Line: 20

2025-06-23 14:45:41 - PHP Warning: Undefined array key "setting_value"
File: /Users/mezbjen/Desktop/meschain-sync-enterprise-1/RESTRUCTURED_UPLOAD/opencart4_clean/admin/model/extension/meschain/trendyol.php
Line: 20

2025-06-23 14:45:41 - PHP Warning: Undefined array key "setting_key"
File: /Users/mezbjen/Desktop/meschain-sync-enterprise-1/RESTRUCTURED_UPLOAD/opencart4_clean/admin/model/extension/meschain/trendyol.php
Line: 20

2025-06-23 14:45:41 - PHP Warning: Undefined array key "setting_value"
File: /Users/mezbjen/Desktop/meschain-sync-enterprise-1/RESTRUCTURED_UPLOAD/opencart4_clean/admin/model/extension/meschain/trendyol.php
Line: 20

2025-06-23 14:45:41 - PHP Warning: Undefined array key "setting_key"
File: /Users/mezbjen/Desktop/meschain-sync-enterprise-1/RESTRUCTURED_UPLOAD/opencart4_clean/admin/model/extension/meschain/trendyol.php
Line: 20

2025-06-23 14:45:41 - PHP Warning: Undefined array key "setting_value"
File: /Users/mezbjen/Desktop/meschain-sync-enterprise-1/RESTRUCTURED_UPLOAD/opencart4_clean/admin/model/extension/meschain/trendyol.php
Line: 20

2025-06-23 14:45:41 - PHP Warning: Undefined array key "setting_key"
File: /Users/mezbjen/Desktop/meschain-sync-enterprise-1/RESTRUCTURED_UPLOAD/opencart4_clean/admin/model/extension/meschain/trendyol.php
Line: 20

2025-06-23 14:45:41 - PHP Warning: Undefined array key "setting_value"
File: /Users/mezbjen/Desktop/meschain-sync-enterprise-1/RESTRUCTURED_UPLOAD/opencart4_clean/admin/model/extension/meschain/trendyol.php
Line: 20

2025-06-23 14:45:41 - PHP Warning: Undefined array key "setting_key"
File: /Users/mezbjen/Desktop/meschain-sync-enterprise-1/RESTRUCTURED_UPLOAD/opencart4_clean/admin/model/extension/meschain/trendyol.php
Line: 20

2025-06-23 14:45:41 - PHP Warning: Undefined array key "setting_value"
File: /Users/mezbjen/Desktop/meschain-sync-enterprise-1/RESTRUCTURED_UPLOAD/opencart4_clean/admin/model/extension/meschain/trendyol.php
Line: 20

2025-06-23 14:46:38 - 0:  Error: Could not call registry key error!
File: /Users/mezbjen/Desktop/meschain-sync-enterprise-1/RESTRUCTURED_UPLOAD/opencart4_clean/system/engine/controller.php
Line: 39

2025-06-23 15:16:55 - PHP Warning: Undefined array key "setting_key"
File: /Users/mezbjen/Desktop/meschain-sync-enterprise-1/RESTRUCTURED_UPLOAD/opencart4_clean/admin/model/extension/meschain/trendyol.php
Line: 20

2025-06-23 15:16:55 - PHP Warning: Undefined array key "setting_value"
File: /Users/mezbjen/Desktop/meschain-sync-enterprise-1/RESTRUCTURED_UPLOAD/opencart4_clean/admin/model/extension/meschain/trendyol.php
Line: 20

2025-06-23 15:16:55 - PHP Warning: Undefined array key "setting_key"
File: /Users/mezbjen/Desktop/meschain-sync-enterprise-1/RESTRUCTURED_UPLOAD/opencart4_clean/admin/model/extension/meschain/trendyol.php
Line: 20

2025-06-23 15:16:55 - PHP Warning: Undefined array key "setting_value"
File: /Users/mezbjen/Desktop/meschain-sync-enterprise-1/RESTRUCTURED_UPLOAD/opencart4_clean/admin/model/extension/meschain/trendyol.php
Line: 20

2025-06-23 15:16:55 - PHP Warning: Undefined array key "setting_key"
File: /Users/mezbjen/Desktop/meschain-sync-enterprise-1/RESTRUCTURED_UPLOAD/opencart4_clean/admin/model/extension/meschain/trendyol.php
Line: 20

2025-06-23 15:16:55 - PHP Warning: Undefined array key "setting_value"
File: /Users/mezbjen/Desktop/meschain-sync-enterprise-1/RESTRUCTURED_UPLOAD/opencart4_clean/admin/model/extension/meschain/trendyol.php
Line: 20

2025-06-23 15:16:55 - PHP Warning: Undefined array key "setting_key"
File: /Users/mezbjen/Desktop/meschain-sync-enterprise-1/RESTRUCTURED_UPLOAD/opencart4_clean/admin/model/extension/meschain/trendyol.php
Line: 20

2025-06-23 15:16:55 - PHP Warning: Undefined array key "setting_value"
File: /Users/mezbjen/Desktop/meschain-sync-enterprise-1/RESTRUCTURED_UPLOAD/opencart4_clean/admin/model/extension/meschain/trendyol.php
Line: 20

2025-06-23 15:16:55 - PHP Warning: Undefined array key "setting_key"
File: /Users/mezbjen/Desktop/meschain-sync-enterprise-1/RESTRUCTURED_UPLOAD/opencart4_clean/admin/model/extension/meschain/trendyol.php
Line: 20

2025-06-23 15:16:55 - PHP Warning: Undefined array key "setting_value"
File: /Users/mezbjen/Desktop/meschain-sync-enterprise-1/RESTRUCTURED_UPLOAD/opencart4_clean/admin/model/extension/meschain/trendyol.php
Line: 20

2025-06-23 15:16:55 - PHP Warning: Undefined array key "setting_key"
File: /Users/mezbjen/Desktop/meschain-sync-enterprise-1/RESTRUCTURED_UPLOAD/opencart4_clean/admin/model/extension/meschain/trendyol.php
Line: 20

2025-06-23 15:16:55 - PHP Warning: Undefined array key "setting_value"
File: /Users/mezbjen/Desktop/meschain-sync-enterprise-1/RESTRUCTURED_UPLOAD/opencart4_clean/admin/model/extension/meschain/trendyol.php
Line: 20

2025-06-23 15:16:56 - PHP Warning: Undefined array key "setting_key"
File: /Users/mezbjen/Desktop/meschain-sync-enterprise-1/RESTRUCTURED_UPLOAD/opencart4_clean/admin/model/extension/meschain/trendyol.php
Line: 20

2025-06-23 15:16:56 - PHP Warning: Undefined array key "setting_value"
File: /Users/mezbjen/Desktop/meschain-sync-enterprise-1/RESTRUCTURED_UPLOAD/opencart4_clean/admin/model/extension/meschain/trendyol.php
Line: 20

2025-06-23 15:16:56 - PHP Warning: Undefined array key "setting_key"
File: /Users/mezbjen/Desktop/meschain-sync-enterprise-1/RESTRUCTURED_UPLOAD/opencart4_clean/admin/model/extension/meschain/trendyol.php
Line: 20

2025-06-23 15:16:56 - PHP Warning: Undefined array key "setting_value"
File: /Users/mezbjen/Desktop/meschain-sync-enterprise-1/RESTRUCTURED_UPLOAD/opencart4_clean/admin/model/extension/meschain/trendyol.php
Line: 20

2025-06-23 15:16:56 - PHP Warning: Undefined array key "setting_key"
File: /Users/mezbjen/Desktop/meschain-sync-enterprise-1/RESTRUCTURED_UPLOAD/opencart4_clean/admin/model/extension/meschain/trendyol.php
Line: 20

2025-06-23 15:16:56 - PHP Warning: Undefined array key "setting_value"
File: /Users/mezbjen/Desktop/meschain-sync-enterprise-1/RESTRUCTURED_UPLOAD/opencart4_clean/admin/model/extension/meschain/trendyol.php
Line: 20

2025-06-23 15:16:56 - PHP Warning: Undefined array key "setting_key"
File: /Users/mezbjen/Desktop/meschain-sync-enterprise-1/RESTRUCTURED_UPLOAD/opencart4_clean/admin/model/extension/meschain/trendyol.php
Line: 20

2025-06-23 15:16:56 - PHP Warning: Undefined array key "setting_value"
File: /Users/mezbjen/Desktop/meschain-sync-enterprise-1/RESTRUCTURED_UPLOAD/opencart4_clean/admin/model/extension/meschain/trendyol.php
Line: 20

2025-06-23 15:16:56 - PHP Warning: Undefined array key "setting_key"
File: /Users/mezbjen/Desktop/meschain-sync-enterprise-1/RESTRUCTURED_UPLOAD/opencart4_clean/admin/model/extension/meschain/trendyol.php
Line: 20

2025-06-23 15:16:56 - PHP Warning: Undefined array key "setting_value"
File: /Users/mezbjen/Desktop/meschain-sync-enterprise-1/RESTRUCTURED_UPLOAD/opencart4_clean/admin/model/extension/meschain/trendyol.php
Line: 20

2025-06-23 15:16:56 - PHP Warning: Undefined array key "setting_key"
File: /Users/mezbjen/Desktop/meschain-sync-enterprise-1/RESTRUCTURED_UPLOAD/opencart4_clean/admin/model/extension/meschain/trendyol.php
Line: 20

2025-06-23 15:16:56 - PHP Warning: Undefined array key "setting_value"
File: /Users/mezbjen/Desktop/meschain-sync-enterprise-1/RESTRUCTURED_UPLOAD/opencart4_clean/admin/model/extension/meschain/trendyol.php
Line: 20

2025-06-23 15:44:10 - PHP Warning: Undefined array key "setting_key"
File: /Users/mezbjen/Desktop/meschain-sync-enterprise-1/RESTRUCTURED_UPLOAD/opencart4_clean/admin/model/extension/meschain/trendyol.php
Line: 20

2025-06-23 15:44:10 - PHP Warning: Undefined array key "setting_value"
File: /Users/mezbjen/Desktop/meschain-sync-enterprise-1/RESTRUCTURED_UPLOAD/opencart4_clean/admin/model/extension/meschain/trendyol.php
Line: 20

2025-06-23 15:44:10 - PHP Warning: Undefined array key "setting_key"
File: /Users/mezbjen/Desktop/meschain-sync-enterprise-1/RESTRUCTURED_UPLOAD/opencart4_clean/admin/model/extension/meschain/trendyol.php
Line: 20

2025-06-23 15:44:10 - PHP Warning: Undefined array key "setting_value"
File: /Users/mezbjen/Desktop/meschain-sync-enterprise-1/RESTRUCTURED_UPLOAD/opencart4_clean/admin/model/extension/meschain/trendyol.php
Line: 20

2025-06-23 15:44:10 - PHP Warning: Undefined array key "setting_key"
File: /Users/mezbjen/Desktop/meschain-sync-enterprise-1/RESTRUCTURED_UPLOAD/opencart4_clean/admin/model/extension/meschain/trendyol.php
Line: 20

2025-06-23 15:44:10 - PHP Warning: Undefined array key "setting_value"
File: /Users/mezbjen/Desktop/meschain-sync-enterprise-1/RESTRUCTURED_UPLOAD/opencart4_clean/admin/model/extension/meschain/trendyol.php
Line: 20

2025-06-23 15:44:10 - PHP Warning: Undefined array key "setting_key"
File: /Users/mezbjen/Desktop/meschain-sync-enterprise-1/RESTRUCTURED_UPLOAD/opencart4_clean/admin/model/extension/meschain/trendyol.php
Line: 20

2025-06-23 15:44:10 - PHP Warning: Undefined array key "setting_value"
File: /Users/mezbjen/Desktop/meschain-sync-enterprise-1/RESTRUCTURED_UPLOAD/opencart4_clean/admin/model/extension/meschain/trendyol.php
Line: 20

2025-06-23 15:44:10 - PHP Warning: Undefined array key "setting_key"
File: /Users/mezbjen/Desktop/meschain-sync-enterprise-1/RESTRUCTURED_UPLOAD/opencart4_clean/admin/model/extension/meschain/trendyol.php
Line: 20

2025-06-23 15:44:10 - PHP Warning: Undefined array key "setting_value"
File: /Users/mezbjen/Desktop/meschain-sync-enterprise-1/RESTRUCTURED_UPLOAD/opencart4_clean/admin/model/extension/meschain/trendyol.php
Line: 20

2025-06-23 15:44:10 - PHP Warning: Undefined array key "setting_key"
File: /Users/mezbjen/Desktop/meschain-sync-enterprise-1/RESTRUCTURED_UPLOAD/opencart4_clean/admin/model/extension/meschain/trendyol.php
Line: 20

2025-06-23 15:44:10 - PHP Warning: Undefined array key "setting_value"
File: /Users/mezbjen/Desktop/meschain-sync-enterprise-1/RESTRUCTURED_UPLOAD/opencart4_clean/admin/model/extension/meschain/trendyol.php
Line: 20

2025-06-23 15:44:22 - PHP Warning: Undefined array key "setting_key"
File: /Users/mezbjen/Desktop/meschain-sync-enterprise-1/RESTRUCTURED_UPLOAD/opencart4_clean/admin/model/extension/meschain/trendyol.php
Line: 20

2025-06-23 15:44:22 - PHP Warning: Undefined array key "setting_value"
File: /Users/mezbjen/Desktop/meschain-sync-enterprise-1/RESTRUCTURED_UPLOAD/opencart4_clean/admin/model/extension/meschain/trendyol.php
Line: 20

2025-06-23 15:44:22 - PHP Warning: Undefined array key "setting_key"
File: /Users/mezbjen/Desktop/meschain-sync-enterprise-1/RESTRUCTURED_UPLOAD/opencart4_clean/admin/model/extension/meschain/trendyol.php
Line: 20

2025-06-23 15:44:22 - PHP Warning: Undefined array key "setting_value"
File: /Users/mezbjen/Desktop/meschain-sync-enterprise-1/RESTRUCTURED_UPLOAD/opencart4_clean/admin/model/extension/meschain/trendyol.php
Line: 20

2025-06-23 15:44:22 - PHP Warning: Undefined array key "setting_key"
File: /Users/mezbjen/Desktop/meschain-sync-enterprise-1/RESTRUCTURED_UPLOAD/opencart4_clean/admin/model/extension/meschain/trendyol.php
Line: 20

2025-06-23 15:44:22 - PHP Warning: Undefined array key "setting_value"
File: /Users/mezbjen/Desktop/meschain-sync-enterprise-1/RESTRUCTURED_UPLOAD/opencart4_clean/admin/model/extension/meschain/trendyol.php
Line: 20

2025-06-23 15:44:22 - PHP Warning: Undefined array key "setting_key"
File: /Users/mezbjen/Desktop/meschain-sync-enterprise-1/RESTRUCTURED_UPLOAD/opencart4_clean/admin/model/extension/meschain/trendyol.php
Line: 20

2025-06-23 15:44:22 - PHP Warning: Undefined array key "setting_value"
File: /Users/mezbjen/Desktop/meschain-sync-enterprise-1/RESTRUCTURED_UPLOAD/opencart4_clean/admin/model/extension/meschain/trendyol.php
Line: 20

2025-06-23 15:44:22 - PHP Warning: Undefined array key "setting_key"
File: /Users/mezbjen/Desktop/meschain-sync-enterprise-1/RESTRUCTURED_UPLOAD/opencart4_clean/admin/model/extension/meschain/trendyol.php
Line: 20

2025-06-23 15:44:22 - PHP Warning: Undefined array key "setting_value"
File: /Users/mezbjen/Desktop/meschain-sync-enterprise-1/RESTRUCTURED_UPLOAD/opencart4_clean/admin/model/extension/meschain/trendyol.php
Line: 20

2025-06-23 15:44:22 - PHP Warning: Undefined array key "setting_key"
File: /Users/mezbjen/Desktop/meschain-sync-enterprise-1/RESTRUCTURED_UPLOAD/opencart4_clean/admin/model/extension/meschain/trendyol.php
Line: 20

2025-06-23 15:44:22 - PHP Warning: Undefined array key "setting_value"
File: /Users/mezbjen/Desktop/meschain-sync-enterprise-1/RESTRUCTURED_UPLOAD/opencart4_clean/admin/model/extension/meschain/trendyol.php
Line: 20

