2025-06-21 09:27:51 - PHP Unknown:  Twig\Loader\FilesystemLoader::__construct(): Implicitly marking parameter $rootPath as nullable is deprecated, the explicit nullable type must be used instead in /Users/mezbjen/Desktop/meschain-sync-enterprise-1/RESTRUCTURED_UPLOAD/storage/vendor/twig/twig/src/Loader/FilesystemLoader.php on line 37
2025-06-21 09:27:51 - PHP Unknown: Twig\Environment::getTemplateClass(): Implicitly marking parameter $index as nullable is deprecated, the explicit nullable type must be used instead
File: /Users/mezbjen/Desktop/meschain-sync-enterprise-1/RESTRUCTURED_UPLOAD/storage/vendor/twig/twig/src/Environment.php
Line: 259

2025-06-21 09:27:51 - PHP Unknown: Twig\Environment::loadTemplate(): Implicitly marking parameter $index as nullable is deprecated, the explicit nullable type must be used instead
File: /Users/mezbjen/Desktop/meschain-sync-enterprise-1/RESTRUCTURED_UPLOAD/storage/vendor/twig/twig/src/Environment.php
Line: 327

2025-06-21 09:27:51 - PHP Unknown: Twig\Environment::createTemplate(): Implicitly marking parameter $name as nullable is deprecated, the explicit nullable type must be used instead
File: /Users/mezbjen/Desktop/meschain-sync-enterprise-1/RESTRUCTURED_UPLOAD/storage/vendor/twig/twig/src/Environment.php
Line: 383

2025-06-21 09:27:51 - PHP Unknown: Twig\Template::displayBlock(): Implicitly marking parameter $templateContext as nullable is deprecated, the explicit nullable type must be used instead
File: /Users/mezbjen/Desktop/meschain-sync-enterprise-1/RESTRUCTURED_UPLOAD/storage/vendor/twig/twig/src/Template.php
Line: 151

2025-06-21 09:27:57 - PHP Unknown:  Twig\Loader\FilesystemLoader::__construct(): Implicitly marking parameter $rootPath as nullable is deprecated, the explicit nullable type must be used instead in /Users/mezbjen/Desktop/meschain-sync-enterprise-1/RESTRUCTURED_UPLOAD/storage/vendor/twig/twig/src/Loader/FilesystemLoader.php on line 37
2025-06-21 09:28:01 - PHP Unknown: Twig\Environment::getTemplateClass(): Implicitly marking parameter $index as nullable is deprecated, the explicit nullable type must be used instead
File: /Users/mezbjen/Desktop/meschain-sync-enterprise-1/RESTRUCTURED_UPLOAD/storage/vendor/twig/twig/src/Environment.php
Line: 259

2025-06-21 09:28:01 - PHP Unknown: Twig\Environment::loadTemplate(): Implicitly marking parameter $index as nullable is deprecated, the explicit nullable type must be used instead
File: /Users/mezbjen/Desktop/meschain-sync-enterprise-1/RESTRUCTURED_UPLOAD/storage/vendor/twig/twig/src/Environment.php
Line: 327

2025-06-21 09:28:01 - PHP Unknown: Twig\Environment::createTemplate(): Implicitly marking parameter $name as nullable is deprecated, the explicit nullable type must be used instead
File: /Users/mezbjen/Desktop/meschain-sync-enterprise-1/RESTRUCTURED_UPLOAD/storage/vendor/twig/twig/src/Environment.php
Line: 383

2025-06-21 09:28:01 - PHP Unknown: Twig\NodeVisitor\SafeAnalysisNodeVisitor::intersectSafe(): Implicitly marking parameter $a as nullable is deprecated, the explicit nullable type must be used instead
File: /Users/mezbjen/Desktop/meschain-sync-enterprise-1/RESTRUCTURED_UPLOAD/storage/vendor/twig/twig/src/NodeVisitor/SafeAnalysisNodeVisitor.php
Line: 139

2025-06-21 09:28:01 - PHP Unknown: Twig\NodeVisitor\SafeAnalysisNodeVisitor::intersectSafe(): Implicitly marking parameter $b as nullable is deprecated, the explicit nullable type must be used instead
File: /Users/mezbjen/Desktop/meschain-sync-enterprise-1/RESTRUCTURED_UPLOAD/storage/vendor/twig/twig/src/NodeVisitor/SafeAnalysisNodeVisitor.php
Line: 139

2025-06-21 09:28:01 - PHP Unknown: Twig\TokenStream::__construct(): Implicitly marking parameter $source as nullable is deprecated, the explicit nullable type must be used instead
File: /Users/mezbjen/Desktop/meschain-sync-enterprise-1/RESTRUCTURED_UPLOAD/storage/vendor/twig/twig/src/TokenStream.php
Line: 28

2025-06-21 09:28:01 - PHP Unknown: Twig\TokenStream::expect(): Implicitly marking parameter $message as nullable is deprecated, the explicit nullable type must be used instead
File: /Users/mezbjen/Desktop/meschain-sync-enterprise-1/RESTRUCTURED_UPLOAD/storage/vendor/twig/twig/src/TokenStream.php
Line: 71

2025-06-21 09:28:01 - PHP Unknown: Twig\Parser::addImportedSymbol(): Implicitly marking parameter $name as nullable is deprecated, the explicit nullable type must be used instead
File: /Users/mezbjen/Desktop/meschain-sync-enterprise-1/RESTRUCTURED_UPLOAD/storage/vendor/twig/twig/src/Parser.php
Line: 250

2025-06-21 09:28:01 - PHP Unknown: Twig\Parser::addImportedSymbol(): Implicitly marking parameter $node as nullable is deprecated, the explicit nullable type must be used instead
File: /Users/mezbjen/Desktop/meschain-sync-enterprise-1/RESTRUCTURED_UPLOAD/storage/vendor/twig/twig/src/Parser.php
Line: 250

2025-06-21 09:28:01 - PHP Unknown: Twig\Node\Node::__construct(): Implicitly marking parameter $tag as nullable is deprecated, the explicit nullable type must be used instead
File: /Users/mezbjen/Desktop/meschain-sync-enterprise-1/RESTRUCTURED_UPLOAD/storage/vendor/twig/twig/src/Node/Node.php
Line: 39

2025-06-21 09:28:01 - PHP Unknown: Twig\Node\PrintNode::__construct(): Implicitly marking parameter $tag as nullable is deprecated, the explicit nullable type must be used instead
File: /Users/mezbjen/Desktop/meschain-sync-enterprise-1/RESTRUCTURED_UPLOAD/storage/vendor/twig/twig/src/Node/PrintNode.php
Line: 25

2025-06-21 09:28:01 - PHP Unknown: Twig\Node\IfNode::__construct(): Implicitly marking parameter $tag as nullable is deprecated, the explicit nullable type must be used instead
File: /Users/mezbjen/Desktop/meschain-sync-enterprise-1/RESTRUCTURED_UPLOAD/storage/vendor/twig/twig/src/Node/IfNode.php
Line: 24

2025-06-21 09:28:01 - PHP Unknown: Twig\Node\Expression\ArrayExpression::addElement(): Implicitly marking parameter $key as nullable is deprecated, the explicit nullable type must be used instead
File: /Users/mezbjen/Desktop/meschain-sync-enterprise-1/RESTRUCTURED_UPLOAD/storage/vendor/twig/twig/src/Node/Expression/ArrayExpression.php
Line: 58

2025-06-21 09:28:01 - PHP Unknown: Twig\Template::displayBlock(): Implicitly marking parameter $templateContext as nullable is deprecated, the explicit nullable type must be used instead
File: /Users/mezbjen/Desktop/meschain-sync-enterprise-1/RESTRUCTURED_UPLOAD/storage/vendor/twig/twig/src/Template.php
Line: 151

2025-06-21 09:28:01 - PHP Unknown: Twig\Node\ForNode::__construct(): Implicitly marking parameter $tag as nullable is deprecated, the explicit nullable type must be used instead
File: /Users/mezbjen/Desktop/meschain-sync-enterprise-1/RESTRUCTURED_UPLOAD/storage/vendor/twig/twig/src/Node/ForNode.php
Line: 28

2025-06-21 09:28:01 - PHP Unknown: Twig\Node\ForLoopNode::__construct(): Implicitly marking parameter $tag as nullable is deprecated, the explicit nullable type must be used instead
File: /Users/mezbjen/Desktop/meschain-sync-enterprise-1/RESTRUCTURED_UPLOAD/storage/vendor/twig/twig/src/Node/ForLoopNode.php
Line: 23

2025-06-21 09:28:01 - PHP Unknown:  Twig\Loader\FilesystemLoader::__construct(): Implicitly marking parameter $rootPath as nullable is deprecated, the explicit nullable type must be used instead in /Users/mezbjen/Desktop/meschain-sync-enterprise-1/RESTRUCTURED_UPLOAD/storage/vendor/twig/twig/src/Loader/FilesystemLoader.php on line 37
2025-06-21 09:28:01 - PHP Unknown: Twig\Environment::getTemplateClass(): Implicitly marking parameter $index as nullable is deprecated, the explicit nullable type must be used instead
File: /Users/mezbjen/Desktop/meschain-sync-enterprise-1/RESTRUCTURED_UPLOAD/storage/vendor/twig/twig/src/Environment.php
Line: 259

2025-06-21 09:28:01 - PHP Unknown: Twig\Environment::loadTemplate(): Implicitly marking parameter $index as nullable is deprecated, the explicit nullable type must be used instead
File: /Users/mezbjen/Desktop/meschain-sync-enterprise-1/RESTRUCTURED_UPLOAD/storage/vendor/twig/twig/src/Environment.php
Line: 327

2025-06-21 09:28:01 - PHP Unknown: Twig\Environment::createTemplate(): Implicitly marking parameter $name as nullable is deprecated, the explicit nullable type must be used instead
File: /Users/mezbjen/Desktop/meschain-sync-enterprise-1/RESTRUCTURED_UPLOAD/storage/vendor/twig/twig/src/Environment.php
Line: 383

2025-06-21 09:28:01 - PHP Unknown: Twig\Template::displayBlock(): Implicitly marking parameter $templateContext as nullable is deprecated, the explicit nullable type must be used instead
File: /Users/mezbjen/Desktop/meschain-sync-enterprise-1/RESTRUCTURED_UPLOAD/storage/vendor/twig/twig/src/Template.php
Line: 151

2025-06-21 09:28:50 - PHP Unknown:  Twig\Loader\FilesystemLoader::__construct(): Implicitly marking parameter $rootPath as nullable is deprecated, the explicit nullable type must be used instead in /Users/mezbjen/Desktop/meschain-sync-enterprise-1/RESTRUCTURED_UPLOAD/storage/vendor/twig/twig/src/Loader/FilesystemLoader.php on line 37
2025-06-21 09:28:50 - PHP Unknown: Twig\Environment::getTemplateClass(): Implicitly marking parameter $index as nullable is deprecated, the explicit nullable type must be used instead
File: /Users/mezbjen/Desktop/meschain-sync-enterprise-1/RESTRUCTURED_UPLOAD/storage/vendor/twig/twig/src/Environment.php
Line: 259

2025-06-21 09:28:50 - PHP Unknown: Twig\Environment::loadTemplate(): Implicitly marking parameter $index as nullable is deprecated, the explicit nullable type must be used instead
File: /Users/mezbjen/Desktop/meschain-sync-enterprise-1/RESTRUCTURED_UPLOAD/storage/vendor/twig/twig/src/Environment.php
Line: 327

2025-06-21 09:28:50 - PHP Unknown: Twig\Environment::createTemplate(): Implicitly marking parameter $name as nullable is deprecated, the explicit nullable type must be used instead
File: /Users/mezbjen/Desktop/meschain-sync-enterprise-1/RESTRUCTURED_UPLOAD/storage/vendor/twig/twig/src/Environment.php
Line: 383

2025-06-21 09:28:50 - PHP Unknown: Twig\Template::displayBlock(): Implicitly marking parameter $templateContext as nullable is deprecated, the explicit nullable type must be used instead
File: /Users/mezbjen/Desktop/meschain-sync-enterprise-1/RESTRUCTURED_UPLOAD/storage/vendor/twig/twig/src/Template.php
Line: 151

2025-06-21 09:28:50 - PHP Unknown:  Twig\Loader\FilesystemLoader::__construct(): Implicitly marking parameter $rootPath as nullable is deprecated, the explicit nullable type must be used instead in /Users/mezbjen/Desktop/meschain-sync-enterprise-1/RESTRUCTURED_UPLOAD/storage/vendor/twig/twig/src/Loader/FilesystemLoader.php on line 37
2025-06-21 09:28:50 - PHP Unknown: Twig\Environment::getTemplateClass(): Implicitly marking parameter $index as nullable is deprecated, the explicit nullable type must be used instead
File: /Users/mezbjen/Desktop/meschain-sync-enterprise-1/RESTRUCTURED_UPLOAD/storage/vendor/twig/twig/src/Environment.php
Line: 259

2025-06-21 09:28:50 - PHP Unknown: Twig\Environment::loadTemplate(): Implicitly marking parameter $index as nullable is deprecated, the explicit nullable type must be used instead
File: /Users/mezbjen/Desktop/meschain-sync-enterprise-1/RESTRUCTURED_UPLOAD/storage/vendor/twig/twig/src/Environment.php
Line: 327

2025-06-21 09:28:50 - PHP Unknown: Twig\Environment::createTemplate(): Implicitly marking parameter $name as nullable is deprecated, the explicit nullable type must be used instead
File: /Users/mezbjen/Desktop/meschain-sync-enterprise-1/RESTRUCTURED_UPLOAD/storage/vendor/twig/twig/src/Environment.php
Line: 383

2025-06-21 09:28:50 - PHP Unknown: Twig\Template::displayBlock(): Implicitly marking parameter $templateContext as nullable is deprecated, the explicit nullable type must be used instead
File: /Users/mezbjen/Desktop/meschain-sync-enterprise-1/RESTRUCTURED_UPLOAD/storage/vendor/twig/twig/src/Template.php
Line: 151

2025-06-21 09:38:46 - PHP Unknown:  Twig\Loader\FilesystemLoader::__construct(): Implicitly marking parameter $rootPath as nullable is deprecated, the explicit nullable type must be used instead in /Users/mezbjen/Desktop/meschain-sync-enterprise-1/RESTRUCTURED_UPLOAD/storage/vendor/twig/twig/src/Loader/FilesystemLoader.php on line 37
2025-06-21 09:38:46 - PHP Unknown: Twig\Environment::getTemplateClass(): Implicitly marking parameter $index as nullable is deprecated, the explicit nullable type must be used instead
File: /Users/mezbjen/Desktop/meschain-sync-enterprise-1/RESTRUCTURED_UPLOAD/storage/vendor/twig/twig/src/Environment.php
Line: 259

2025-06-21 09:38:46 - PHP Unknown: Twig\Environment::loadTemplate(): Implicitly marking parameter $index as nullable is deprecated, the explicit nullable type must be used instead
File: /Users/mezbjen/Desktop/meschain-sync-enterprise-1/RESTRUCTURED_UPLOAD/storage/vendor/twig/twig/src/Environment.php
Line: 327

2025-06-21 09:38:46 - PHP Unknown: Twig\Environment::createTemplate(): Implicitly marking parameter $name as nullable is deprecated, the explicit nullable type must be used instead
File: /Users/mezbjen/Desktop/meschain-sync-enterprise-1/RESTRUCTURED_UPLOAD/storage/vendor/twig/twig/src/Environment.php
Line: 383

2025-06-21 09:38:46 - PHP Unknown: Twig\Template::displayBlock(): Implicitly marking parameter $templateContext as nullable is deprecated, the explicit nullable type must be used instead
File: /Users/mezbjen/Desktop/meschain-sync-enterprise-1/RESTRUCTURED_UPLOAD/storage/vendor/twig/twig/src/Template.php
Line: 151

2025-06-21 09:38:47 - PHP Unknown:  Twig\Loader\FilesystemLoader::__construct(): Implicitly marking parameter $rootPath as nullable is deprecated, the explicit nullable type must be used instead in /Users/mezbjen/Desktop/meschain-sync-enterprise-1/RESTRUCTURED_UPLOAD/storage/vendor/twig/twig/src/Loader/FilesystemLoader.php on line 37
2025-06-21 09:38:47 - PHP Unknown: Twig\Environment::getTemplateClass(): Implicitly marking parameter $index as nullable is deprecated, the explicit nullable type must be used instead
File: /Users/mezbjen/Desktop/meschain-sync-enterprise-1/RESTRUCTURED_UPLOAD/storage/vendor/twig/twig/src/Environment.php
Line: 259

2025-06-21 09:38:47 - PHP Unknown: Twig\Environment::loadTemplate(): Implicitly marking parameter $index as nullable is deprecated, the explicit nullable type must be used instead
File: /Users/mezbjen/Desktop/meschain-sync-enterprise-1/RESTRUCTURED_UPLOAD/storage/vendor/twig/twig/src/Environment.php
Line: 327

2025-06-21 09:38:47 - PHP Unknown: Twig\Environment::createTemplate(): Implicitly marking parameter $name as nullable is deprecated, the explicit nullable type must be used instead
File: /Users/mezbjen/Desktop/meschain-sync-enterprise-1/RESTRUCTURED_UPLOAD/storage/vendor/twig/twig/src/Environment.php
Line: 383

2025-06-21 09:38:47 - PHP Unknown: Twig\Template::displayBlock(): Implicitly marking parameter $templateContext as nullable is deprecated, the explicit nullable type must be used instead
File: /Users/mezbjen/Desktop/meschain-sync-enterprise-1/RESTRUCTURED_UPLOAD/storage/vendor/twig/twig/src/Template.php
Line: 151

2025-06-21 09:41:52 - PHP Unknown:  Twig\Loader\FilesystemLoader::__construct(): Implicitly marking parameter $rootPath as nullable is deprecated, the explicit nullable type must be used instead in /Users/mezbjen/Desktop/meschain-sync-enterprise-1/RESTRUCTURED_UPLOAD/storage/vendor/twig/twig/src/Loader/FilesystemLoader.php on line 37
2025-06-21 09:41:52 - PHP Unknown: Twig\Environment::getTemplateClass(): Implicitly marking parameter $index as nullable is deprecated, the explicit nullable type must be used instead
File: /Users/mezbjen/Desktop/meschain-sync-enterprise-1/RESTRUCTURED_UPLOAD/storage/vendor/twig/twig/src/Environment.php
Line: 259

2025-06-21 09:41:52 - PHP Unknown: Twig\Environment::loadTemplate(): Implicitly marking parameter $index as nullable is deprecated, the explicit nullable type must be used instead
File: /Users/mezbjen/Desktop/meschain-sync-enterprise-1/RESTRUCTURED_UPLOAD/storage/vendor/twig/twig/src/Environment.php
Line: 327

2025-06-21 09:41:52 - PHP Unknown: Twig\Environment::createTemplate(): Implicitly marking parameter $name as nullable is deprecated, the explicit nullable type must be used instead
File: /Users/mezbjen/Desktop/meschain-sync-enterprise-1/RESTRUCTURED_UPLOAD/storage/vendor/twig/twig/src/Environment.php
Line: 383

2025-06-21 09:41:52 - PHP Unknown: Twig\Template::displayBlock(): Implicitly marking parameter $templateContext as nullable is deprecated, the explicit nullable type must be used instead
File: /Users/mezbjen/Desktop/meschain-sync-enterprise-1/RESTRUCTURED_UPLOAD/storage/vendor/twig/twig/src/Template.php
Line: 151

2025-06-21 09:41:52 - PHP Unknown:  Twig\Loader\FilesystemLoader::__construct(): Implicitly marking parameter $rootPath as nullable is deprecated, the explicit nullable type must be used instead in /Users/mezbjen/Desktop/meschain-sync-enterprise-1/RESTRUCTURED_UPLOAD/storage/vendor/twig/twig/src/Loader/FilesystemLoader.php on line 37
2025-06-21 09:41:52 - PHP Unknown: Twig\Environment::getTemplateClass(): Implicitly marking parameter $index as nullable is deprecated, the explicit nullable type must be used instead
File: /Users/mezbjen/Desktop/meschain-sync-enterprise-1/RESTRUCTURED_UPLOAD/storage/vendor/twig/twig/src/Environment.php
Line: 259

2025-06-21 09:41:52 - PHP Unknown: Twig\Environment::loadTemplate(): Implicitly marking parameter $index as nullable is deprecated, the explicit nullable type must be used instead
File: /Users/mezbjen/Desktop/meschain-sync-enterprise-1/RESTRUCTURED_UPLOAD/storage/vendor/twig/twig/src/Environment.php
Line: 327

2025-06-21 09:41:52 - PHP Unknown: Twig\Environment::createTemplate(): Implicitly marking parameter $name as nullable is deprecated, the explicit nullable type must be used instead
File: /Users/mezbjen/Desktop/meschain-sync-enterprise-1/RESTRUCTURED_UPLOAD/storage/vendor/twig/twig/src/Environment.php
Line: 383

2025-06-21 09:41:52 - PHP Unknown: Twig\Template::displayBlock(): Implicitly marking parameter $templateContext as nullable is deprecated, the explicit nullable type must be used instead
File: /Users/mezbjen/Desktop/meschain-sync-enterprise-1/RESTRUCTURED_UPLOAD/storage/vendor/twig/twig/src/Template.php
Line: 151

2025-06-21 09:41:56 - PHP Unknown:  Twig\Loader\FilesystemLoader::__construct(): Implicitly marking parameter $rootPath as nullable is deprecated, the explicit nullable type must be used instead in /Users/mezbjen/Desktop/meschain-sync-enterprise-1/RESTRUCTURED_UPLOAD/storage/vendor/twig/twig/src/Loader/FilesystemLoader.php on line 37
2025-06-21 09:41:56 - PHP Unknown:  Twig\Environment::getTemplateClass(): Implicitly marking parameter $index as nullable is deprecated, the explicit nullable type must be used instead in /Users/mezbjen/Desktop/meschain-sync-enterprise-1/RESTRUCTURED_UPLOAD/storage/vendor/twig/twig/src/Environment.php on line 259
2025-06-21 09:41:56 - PHP Unknown:  Twig\Environment::loadTemplate(): Implicitly marking parameter $index as nullable is deprecated, the explicit nullable type must be used instead in /Users/mezbjen/Desktop/meschain-sync-enterprise-1/RESTRUCTURED_UPLOAD/storage/vendor/twig/twig/src/Environment.php on line 327
2025-06-21 09:41:56 - PHP Unknown:  Twig\Environment::createTemplate(): Implicitly marking parameter $name as nullable is deprecated, the explicit nullable type must be used instead in /Users/mezbjen/Desktop/meschain-sync-enterprise-1/RESTRUCTURED_UPLOAD/storage/vendor/twig/twig/src/Environment.php on line 383
2025-06-21 09:41:56 - PHP Unknown:  Twig\Template::displayBlock(): Implicitly marking parameter $templateContext as nullable is deprecated, the explicit nullable type must be used instead in /Users/mezbjen/Desktop/meschain-sync-enterprise-1/RESTRUCTURED_UPLOAD/storage/vendor/twig/twig/src/Template.php on line 151
2025-06-21 09:41:57 - PHP Unknown:  Twig\Loader\FilesystemLoader::__construct(): Implicitly marking parameter $rootPath as nullable is deprecated, the explicit nullable type must be used instead in /Users/mezbjen/Desktop/meschain-sync-enterprise-1/RESTRUCTURED_UPLOAD/storage/vendor/twig/twig/src/Loader/FilesystemLoader.php on line 37
2025-06-21 09:41:57 - PHP Unknown:  Twig\Environment::getTemplateClass(): Implicitly marking parameter $index as nullable is deprecated, the explicit nullable type must be used instead in /Users/mezbjen/Desktop/meschain-sync-enterprise-1/RESTRUCTURED_UPLOAD/storage/vendor/twig/twig/src/Environment.php on line 259
2025-06-21 09:41:57 - PHP Unknown:  Twig\Environment::loadTemplate(): Implicitly marking parameter $index as nullable is deprecated, the explicit nullable type must be used instead in /Users/mezbjen/Desktop/meschain-sync-enterprise-1/RESTRUCTURED_UPLOAD/storage/vendor/twig/twig/src/Environment.php on line 327
2025-06-21 09:41:57 - PHP Unknown:  Twig\Environment::createTemplate(): Implicitly marking parameter $name as nullable is deprecated, the explicit nullable type must be used instead in /Users/mezbjen/Desktop/meschain-sync-enterprise-1/RESTRUCTURED_UPLOAD/storage/vendor/twig/twig/src/Environment.php on line 383
2025-06-21 09:41:57 - PHP Unknown:  Twig\Template::displayBlock(): Implicitly marking parameter $templateContext as nullable is deprecated, the explicit nullable type must be used instead in /Users/mezbjen/Desktop/meschain-sync-enterprise-1/RESTRUCTURED_UPLOAD/storage/vendor/twig/twig/src/Template.php on line 151
2025-06-21 09:42:01 - PHP Unknown:  Twig\Loader\FilesystemLoader::__construct(): Implicitly marking parameter $rootPath as nullable is deprecated, the explicit nullable type must be used instead in /Users/mezbjen/Desktop/meschain-sync-enterprise-1/RESTRUCTURED_UPLOAD/storage/vendor/twig/twig/src/Loader/FilesystemLoader.php on line 37
2025-06-21 09:42:01 - PHP Unknown: Twig\Environment::getTemplateClass(): Implicitly marking parameter $index as nullable is deprecated, the explicit nullable type must be used instead
File: /Users/mezbjen/Desktop/meschain-sync-enterprise-1/RESTRUCTURED_UPLOAD/storage/vendor/twig/twig/src/Environment.php
Line: 259

2025-06-21 09:42:01 - PHP Unknown: Twig\Environment::loadTemplate(): Implicitly marking parameter $index as nullable is deprecated, the explicit nullable type must be used instead
File: /Users/mezbjen/Desktop/meschain-sync-enterprise-1/RESTRUCTURED_UPLOAD/storage/vendor/twig/twig/src/Environment.php
Line: 327

2025-06-21 09:42:01 - PHP Unknown: Twig\Environment::createTemplate(): Implicitly marking parameter $name as nullable is deprecated, the explicit nullable type must be used instead
File: /Users/mezbjen/Desktop/meschain-sync-enterprise-1/RESTRUCTURED_UPLOAD/storage/vendor/twig/twig/src/Environment.php
Line: 383

2025-06-21 09:42:01 - PHP Unknown: Twig\Template::displayBlock(): Implicitly marking parameter $templateContext as nullable is deprecated, the explicit nullable type must be used instead
File: /Users/mezbjen/Desktop/meschain-sync-enterprise-1/RESTRUCTURED_UPLOAD/storage/vendor/twig/twig/src/Template.php
Line: 151

2025-06-21 09:42:01 - PHP Unknown:  Twig\Loader\FilesystemLoader::__construct(): Implicitly marking parameter $rootPath as nullable is deprecated, the explicit nullable type must be used instead in /Users/mezbjen/Desktop/meschain-sync-enterprise-1/RESTRUCTURED_UPLOAD/storage/vendor/twig/twig/src/Loader/FilesystemLoader.php on line 37
2025-06-21 09:42:01 - PHP Unknown: Twig\Environment::getTemplateClass(): Implicitly marking parameter $index as nullable is deprecated, the explicit nullable type must be used instead
File: /Users/mezbjen/Desktop/meschain-sync-enterprise-1/RESTRUCTURED_UPLOAD/storage/vendor/twig/twig/src/Environment.php
Line: 259

2025-06-21 09:42:01 - PHP Unknown: Twig\Environment::loadTemplate(): Implicitly marking parameter $index as nullable is deprecated, the explicit nullable type must be used instead
File: /Users/mezbjen/Desktop/meschain-sync-enterprise-1/RESTRUCTURED_UPLOAD/storage/vendor/twig/twig/src/Environment.php
Line: 327

2025-06-21 09:42:01 - PHP Unknown: Twig\Environment::createTemplate(): Implicitly marking parameter $name as nullable is deprecated, the explicit nullable type must be used instead
File: /Users/mezbjen/Desktop/meschain-sync-enterprise-1/RESTRUCTURED_UPLOAD/storage/vendor/twig/twig/src/Environment.php
Line: 383

2025-06-21 09:42:01 - PHP Unknown: Twig\Template::displayBlock(): Implicitly marking parameter $templateContext as nullable is deprecated, the explicit nullable type must be used instead
File: /Users/mezbjen/Desktop/meschain-sync-enterprise-1/RESTRUCTURED_UPLOAD/storage/vendor/twig/twig/src/Template.php
Line: 151

2025-06-21 09:42:07 - PHP Unknown:  Twig\Loader\FilesystemLoader::__construct(): Implicitly marking parameter $rootPath as nullable is deprecated, the explicit nullable type must be used instead in /Users/mezbjen/Desktop/meschain-sync-enterprise-1/RESTRUCTURED_UPLOAD/storage/vendor/twig/twig/src/Loader/FilesystemLoader.php on line 37
2025-06-21 09:42:08 - PHP Unknown:  Twig\Environment::getTemplateClass(): Implicitly marking parameter $index as nullable is deprecated, the explicit nullable type must be used instead in /Users/mezbjen/Desktop/meschain-sync-enterprise-1/RESTRUCTURED_UPLOAD/storage/vendor/twig/twig/src/Environment.php on line 259
2025-06-21 09:42:08 - PHP Unknown:  Twig\Environment::loadTemplate(): Implicitly marking parameter $index as nullable is deprecated, the explicit nullable type must be used instead in /Users/mezbjen/Desktop/meschain-sync-enterprise-1/RESTRUCTURED_UPLOAD/storage/vendor/twig/twig/src/Environment.php on line 327
2025-06-21 09:42:08 - PHP Unknown:  Twig\Environment::createTemplate(): Implicitly marking parameter $name as nullable is deprecated, the explicit nullable type must be used instead in /Users/mezbjen/Desktop/meschain-sync-enterprise-1/RESTRUCTURED_UPLOAD/storage/vendor/twig/twig/src/Environment.php on line 383
2025-06-21 09:42:08 - PHP Unknown:  Twig\NodeVisitor\SafeAnalysisNodeVisitor::intersectSafe(): Implicitly marking parameter $a as nullable is deprecated, the explicit nullable type must be used instead in /Users/mezbjen/Desktop/meschain-sync-enterprise-1/RESTRUCTURED_UPLOAD/storage/vendor/twig/twig/src/NodeVisitor/SafeAnalysisNodeVisitor.php on line 139
2025-06-21 09:42:08 - PHP Unknown:  Twig\NodeVisitor\SafeAnalysisNodeVisitor::intersectSafe(): Implicitly marking parameter $b as nullable is deprecated, the explicit nullable type must be used instead in /Users/mezbjen/Desktop/meschain-sync-enterprise-1/RESTRUCTURED_UPLOAD/storage/vendor/twig/twig/src/NodeVisitor/SafeAnalysisNodeVisitor.php on line 139
2025-06-21 09:42:08 - PHP Unknown:  Twig\TokenStream::__construct(): Implicitly marking parameter $source as nullable is deprecated, the explicit nullable type must be used instead in /Users/mezbjen/Desktop/meschain-sync-enterprise-1/RESTRUCTURED_UPLOAD/storage/vendor/twig/twig/src/TokenStream.php on line 28
2025-06-21 09:42:08 - PHP Unknown:  Twig\TokenStream::expect(): Implicitly marking parameter $message as nullable is deprecated, the explicit nullable type must be used instead in /Users/mezbjen/Desktop/meschain-sync-enterprise-1/RESTRUCTURED_UPLOAD/storage/vendor/twig/twig/src/TokenStream.php on line 71
2025-06-21 09:42:08 - PHP Unknown:  Twig\Parser::addImportedSymbol(): Implicitly marking parameter $name as nullable is deprecated, the explicit nullable type must be used instead in /Users/mezbjen/Desktop/meschain-sync-enterprise-1/RESTRUCTURED_UPLOAD/storage/vendor/twig/twig/src/Parser.php on line 250
2025-06-21 09:42:08 - PHP Unknown:  Twig\Parser::addImportedSymbol(): Implicitly marking parameter $node as nullable is deprecated, the explicit nullable type must be used instead in /Users/mezbjen/Desktop/meschain-sync-enterprise-1/RESTRUCTURED_UPLOAD/storage/vendor/twig/twig/src/Parser.php on line 250
2025-06-21 09:42:08 - PHP Unknown:  Twig\Node\Node::__construct(): Implicitly marking parameter $tag as nullable is deprecated, the explicit nullable type must be used instead in /Users/mezbjen/Desktop/meschain-sync-enterprise-1/RESTRUCTURED_UPLOAD/storage/vendor/twig/twig/src/Node/Node.php on line 39
2025-06-21 09:42:08 - PHP Unknown:  Twig\Node\Expression\ArrayExpression::addElement(): Implicitly marking parameter $key as nullable is deprecated, the explicit nullable type must be used instead in /Users/mezbjen/Desktop/meschain-sync-enterprise-1/RESTRUCTURED_UPLOAD/storage/vendor/twig/twig/src/Node/Expression/ArrayExpression.php on line 58
2025-06-21 09:42:08 - PHP Unknown:  Twig\Template::displayBlock(): Implicitly marking parameter $templateContext as nullable is deprecated, the explicit nullable type must be used instead in /Users/mezbjen/Desktop/meschain-sync-enterprise-1/RESTRUCTURED_UPLOAD/storage/vendor/twig/twig/src/Template.php on line 151
2025-06-21 09:42:08 - PHP Unknown:  Twig\Node\PrintNode::__construct(): Implicitly marking parameter $tag as nullable is deprecated, the explicit nullable type must be used instead in /Users/mezbjen/Desktop/meschain-sync-enterprise-1/RESTRUCTURED_UPLOAD/storage/vendor/twig/twig/src/Node/PrintNode.php on line 25
2025-06-21 09:42:08 - PHP Unknown:  Twig\Node\IfNode::__construct(): Implicitly marking parameter $tag as nullable is deprecated, the explicit nullable type must be used instead in /Users/mezbjen/Desktop/meschain-sync-enterprise-1/RESTRUCTURED_UPLOAD/storage/vendor/twig/twig/src/Node/IfNode.php on line 24
2025-06-21 09:42:08 - PHP Unknown:  Twig\Node\ForNode::__construct(): Implicitly marking parameter $tag as nullable is deprecated, the explicit nullable type must be used instead in /Users/mezbjen/Desktop/meschain-sync-enterprise-1/RESTRUCTURED_UPLOAD/storage/vendor/twig/twig/src/Node/ForNode.php on line 28
2025-06-21 09:42:08 - PHP Unknown:  Twig\Node\ForLoopNode::__construct(): Implicitly marking parameter $tag as nullable is deprecated, the explicit nullable type must be used instead in /Users/mezbjen/Desktop/meschain-sync-enterprise-1/RESTRUCTURED_UPLOAD/storage/vendor/twig/twig/src/Node/ForLoopNode.php on line 23
2025-06-21 09:42:08 - PHP Unknown:  Twig\Node\Expression\FilterExpression::__construct(): Implicitly marking parameter $tag as nullable is deprecated, the explicit nullable type must be used instead in /Users/mezbjen/Desktop/meschain-sync-enterprise-1/RESTRUCTURED_UPLOAD/storage/vendor/twig/twig/src/Node/Expression/FilterExpression.php on line 20
2025-06-21 09:42:08 - PHP Unknown:  Twig\Loader\FilesystemLoader::__construct(): Implicitly marking parameter $rootPath as nullable is deprecated, the explicit nullable type must be used instead in /Users/mezbjen/Desktop/meschain-sync-enterprise-1/RESTRUCTURED_UPLOAD/storage/vendor/twig/twig/src/Loader/FilesystemLoader.php on line 37
2025-06-21 09:42:08 - PHP Unknown:  Twig\Environment::getTemplateClass(): Implicitly marking parameter $index as nullable is deprecated, the explicit nullable type must be used instead in /Users/mezbjen/Desktop/meschain-sync-enterprise-1/RESTRUCTURED_UPLOAD/storage/vendor/twig/twig/src/Environment.php on line 259
2025-06-21 09:42:08 - PHP Unknown:  Twig\Environment::loadTemplate(): Implicitly marking parameter $index as nullable is deprecated, the explicit nullable type must be used instead in /Users/mezbjen/Desktop/meschain-sync-enterprise-1/RESTRUCTURED_UPLOAD/storage/vendor/twig/twig/src/Environment.php on line 327
2025-06-21 09:42:08 - PHP Unknown:  Twig\Environment::createTemplate(): Implicitly marking parameter $name as nullable is deprecated, the explicit nullable type must be used instead in /Users/mezbjen/Desktop/meschain-sync-enterprise-1/RESTRUCTURED_UPLOAD/storage/vendor/twig/twig/src/Environment.php on line 383
2025-06-21 09:42:08 - PHP Unknown:  Twig\Template::displayBlock(): Implicitly marking parameter $templateContext as nullable is deprecated, the explicit nullable type must be used instead in /Users/mezbjen/Desktop/meschain-sync-enterprise-1/RESTRUCTURED_UPLOAD/storage/vendor/twig/twig/src/Template.php on line 151
2025-06-21 09:46:06 - PHP Unknown:  Twig\Loader\FilesystemLoader::__construct(): Implicitly marking parameter $rootPath as nullable is deprecated, the explicit nullable type must be used instead in /Users/mezbjen/Desktop/meschain-sync-enterprise-1/RESTRUCTURED_UPLOAD/storage/vendor/twig/twig/src/Loader/FilesystemLoader.php on line 37
2025-06-21 09:46:07 - PHP Unknown:  Twig\Environment::getTemplateClass(): Implicitly marking parameter $index as nullable is deprecated, the explicit nullable type must be used instead in /Users/mezbjen/Desktop/meschain-sync-enterprise-1/RESTRUCTURED_UPLOAD/storage/vendor/twig/twig/src/Environment.php on line 259
2025-06-21 09:46:07 - PHP Unknown:  Twig\Environment::loadTemplate(): Implicitly marking parameter $index as nullable is deprecated, the explicit nullable type must be used instead in /Users/mezbjen/Desktop/meschain-sync-enterprise-1/RESTRUCTURED_UPLOAD/storage/vendor/twig/twig/src/Environment.php on line 327
2025-06-21 09:46:07 - PHP Unknown:  Twig\Environment::createTemplate(): Implicitly marking parameter $name as nullable is deprecated, the explicit nullable type must be used instead in /Users/mezbjen/Desktop/meschain-sync-enterprise-1/RESTRUCTURED_UPLOAD/storage/vendor/twig/twig/src/Environment.php on line 383
2025-06-21 09:46:07 - PHP Unknown:  Twig\Template::displayBlock(): Implicitly marking parameter $templateContext as nullable is deprecated, the explicit nullable type must be used instead in /Users/mezbjen/Desktop/meschain-sync-enterprise-1/RESTRUCTURED_UPLOAD/storage/vendor/twig/twig/src/Template.php on line 151
2025-06-21 09:46:08 - PHP Unknown:  Twig\Loader\FilesystemLoader::__construct(): Implicitly marking parameter $rootPath as nullable is deprecated, the explicit nullable type must be used instead in /Users/mezbjen/Desktop/meschain-sync-enterprise-1/RESTRUCTURED_UPLOAD/storage/vendor/twig/twig/src/Loader/FilesystemLoader.php on line 37
2025-06-21 09:46:08 - PHP Unknown:  Twig\Environment::getTemplateClass(): Implicitly marking parameter $index as nullable is deprecated, the explicit nullable type must be used instead in /Users/mezbjen/Desktop/meschain-sync-enterprise-1/RESTRUCTURED_UPLOAD/storage/vendor/twig/twig/src/Environment.php on line 259
2025-06-21 09:46:08 - PHP Unknown:  Twig\Environment::loadTemplate(): Implicitly marking parameter $index as nullable is deprecated, the explicit nullable type must be used instead in /Users/mezbjen/Desktop/meschain-sync-enterprise-1/RESTRUCTURED_UPLOAD/storage/vendor/twig/twig/src/Environment.php on line 327
2025-06-21 09:46:08 - PHP Unknown:  Twig\Environment::createTemplate(): Implicitly marking parameter $name as nullable is deprecated, the explicit nullable type must be used instead in /Users/mezbjen/Desktop/meschain-sync-enterprise-1/RESTRUCTURED_UPLOAD/storage/vendor/twig/twig/src/Environment.php on line 383
2025-06-21 09:46:08 - PHP Unknown:  Twig\Template::displayBlock(): Implicitly marking parameter $templateContext as nullable is deprecated, the explicit nullable type must be used instead in /Users/mezbjen/Desktop/meschain-sync-enterprise-1/RESTRUCTURED_UPLOAD/storage/vendor/twig/twig/src/Template.php on line 151
2025-06-21 09:46:22 - PHP Unknown:  Twig\Loader\FilesystemLoader::__construct(): Implicitly marking parameter $rootPath as nullable is deprecated, the explicit nullable type must be used instead in /Users/mezbjen/Desktop/meschain-sync-enterprise-1/RESTRUCTURED_UPLOAD/storage/vendor/twig/twig/src/Loader/FilesystemLoader.php on line 37
2025-06-21 09:46:22 - PHP Unknown:  Twig\Environment::getTemplateClass(): Implicitly marking parameter $index as nullable is deprecated, the explicit nullable type must be used instead in /Users/mezbjen/Desktop/meschain-sync-enterprise-1/RESTRUCTURED_UPLOAD/storage/vendor/twig/twig/src/Environment.php on line 259
2025-06-21 09:46:22 - PHP Unknown:  Twig\Environment::loadTemplate(): Implicitly marking parameter $index as nullable is deprecated, the explicit nullable type must be used instead in /Users/mezbjen/Desktop/meschain-sync-enterprise-1/RESTRUCTURED_UPLOAD/storage/vendor/twig/twig/src/Environment.php on line 327
2025-06-21 09:46:22 - PHP Unknown:  Twig\Environment::createTemplate(): Implicitly marking parameter $name as nullable is deprecated, the explicit nullable type must be used instead in /Users/mezbjen/Desktop/meschain-sync-enterprise-1/RESTRUCTURED_UPLOAD/storage/vendor/twig/twig/src/Environment.php on line 383
2025-06-21 09:46:22 - PHP Unknown:  Twig\Template::displayBlock(): Implicitly marking parameter $templateContext as nullable is deprecated, the explicit nullable type must be used instead in /Users/mezbjen/Desktop/meschain-sync-enterprise-1/RESTRUCTURED_UPLOAD/storage/vendor/twig/twig/src/Template.php on line 151
2025-06-21 09:46:22 - PHP Unknown:  Twig\Loader\FilesystemLoader::__construct(): Implicitly marking parameter $rootPath as nullable is deprecated, the explicit nullable type must be used instead in /Users/mezbjen/Desktop/meschain-sync-enterprise-1/RESTRUCTURED_UPLOAD/storage/vendor/twig/twig/src/Loader/FilesystemLoader.php on line 37
2025-06-21 09:46:22 - PHP Unknown:  Twig\Environment::getTemplateClass(): Implicitly marking parameter $index as nullable is deprecated, the explicit nullable type must be used instead in /Users/mezbjen/Desktop/meschain-sync-enterprise-1/RESTRUCTURED_UPLOAD/storage/vendor/twig/twig/src/Environment.php on line 259
2025-06-21 09:46:22 - PHP Unknown:  Twig\Environment::loadTemplate(): Implicitly marking parameter $index as nullable is deprecated, the explicit nullable type must be used instead in /Users/mezbjen/Desktop/meschain-sync-enterprise-1/RESTRUCTURED_UPLOAD/storage/vendor/twig/twig/src/Environment.php on line 327
2025-06-21 09:46:22 - PHP Unknown:  Twig\Environment::createTemplate(): Implicitly marking parameter $name as nullable is deprecated, the explicit nullable type must be used instead in /Users/mezbjen/Desktop/meschain-sync-enterprise-1/RESTRUCTURED_UPLOAD/storage/vendor/twig/twig/src/Environment.php on line 383
2025-06-21 09:46:22 - PHP Unknown:  Twig\Template::displayBlock(): Implicitly marking parameter $templateContext as nullable is deprecated, the explicit nullable type must be used instead in /Users/mezbjen/Desktop/meschain-sync-enterprise-1/RESTRUCTURED_UPLOAD/storage/vendor/twig/twig/src/Template.php on line 151
2025-06-21 09:46:26 - PHP Unknown:  Twig\Loader\FilesystemLoader::__construct(): Implicitly marking parameter $rootPath as nullable is deprecated, the explicit nullable type must be used instead in /Users/mezbjen/Desktop/meschain-sync-enterprise-1/RESTRUCTURED_UPLOAD/storage/vendor/twig/twig/src/Loader/FilesystemLoader.php on line 37
2025-06-21 09:46:27 - PHP Unknown: Twig\Environment::getTemplateClass(): Implicitly marking parameter $index as nullable is deprecated, the explicit nullable type must be used instead
File: /Users/mezbjen/Desktop/meschain-sync-enterprise-1/RESTRUCTURED_UPLOAD/storage/vendor/twig/twig/src/Environment.php
Line: 259

2025-06-21 09:46:27 - PHP Unknown: Twig\Environment::loadTemplate(): Implicitly marking parameter $index as nullable is deprecated, the explicit nullable type must be used instead
File: /Users/mezbjen/Desktop/meschain-sync-enterprise-1/RESTRUCTURED_UPLOAD/storage/vendor/twig/twig/src/Environment.php
Line: 327

2025-06-21 09:46:27 - PHP Unknown: Twig\Environment::createTemplate(): Implicitly marking parameter $name as nullable is deprecated, the explicit nullable type must be used instead
File: /Users/mezbjen/Desktop/meschain-sync-enterprise-1/RESTRUCTURED_UPLOAD/storage/vendor/twig/twig/src/Environment.php
Line: 383

2025-06-21 09:46:27 - PHP Unknown: Twig\Template::displayBlock(): Implicitly marking parameter $templateContext as nullable is deprecated, the explicit nullable type must be used instead
File: /Users/mezbjen/Desktop/meschain-sync-enterprise-1/RESTRUCTURED_UPLOAD/storage/vendor/twig/twig/src/Template.php
Line: 151

2025-06-21 09:46:27 - PHP Unknown:  Twig\Loader\FilesystemLoader::__construct(): Implicitly marking parameter $rootPath as nullable is deprecated, the explicit nullable type must be used instead in /Users/mezbjen/Desktop/meschain-sync-enterprise-1/RESTRUCTURED_UPLOAD/storage/vendor/twig/twig/src/Loader/FilesystemLoader.php on line 37
2025-06-21 09:46:27 - PHP Unknown: Twig\Environment::getTemplateClass(): Implicitly marking parameter $index as nullable is deprecated, the explicit nullable type must be used instead
File: /Users/mezbjen/Desktop/meschain-sync-enterprise-1/RESTRUCTURED_UPLOAD/storage/vendor/twig/twig/src/Environment.php
Line: 259

2025-06-21 09:46:27 - PHP Unknown: Twig\Environment::loadTemplate(): Implicitly marking parameter $index as nullable is deprecated, the explicit nullable type must be used instead
File: /Users/mezbjen/Desktop/meschain-sync-enterprise-1/RESTRUCTURED_UPLOAD/storage/vendor/twig/twig/src/Environment.php
Line: 327

2025-06-21 09:46:27 - PHP Unknown: Twig\Environment::createTemplate(): Implicitly marking parameter $name as nullable is deprecated, the explicit nullable type must be used instead
File: /Users/mezbjen/Desktop/meschain-sync-enterprise-1/RESTRUCTURED_UPLOAD/storage/vendor/twig/twig/src/Environment.php
Line: 383

2025-06-21 09:46:27 - PHP Unknown: Twig\Template::displayBlock(): Implicitly marking parameter $templateContext as nullable is deprecated, the explicit nullable type must be used instead
File: /Users/mezbjen/Desktop/meschain-sync-enterprise-1/RESTRUCTURED_UPLOAD/storage/vendor/twig/twig/src/Template.php
Line: 151

2025-06-21 09:46:31 - PHP Unknown:  Twig\Loader\FilesystemLoader::__construct(): Implicitly marking parameter $rootPath as nullable is deprecated, the explicit nullable type must be used instead in /Users/mezbjen/Desktop/meschain-sync-enterprise-1/RESTRUCTURED_UPLOAD/storage/vendor/twig/twig/src/Loader/FilesystemLoader.php on line 37
2025-06-21 09:46:31 - PHP Unknown: Twig\Environment::getTemplateClass(): Implicitly marking parameter $index as nullable is deprecated, the explicit nullable type must be used instead
File: /Users/mezbjen/Desktop/meschain-sync-enterprise-1/RESTRUCTURED_UPLOAD/storage/vendor/twig/twig/src/Environment.php
Line: 259

2025-06-21 09:46:31 - PHP Unknown: Twig\Environment::loadTemplate(): Implicitly marking parameter $index as nullable is deprecated, the explicit nullable type must be used instead
File: /Users/mezbjen/Desktop/meschain-sync-enterprise-1/RESTRUCTURED_UPLOAD/storage/vendor/twig/twig/src/Environment.php
Line: 327

2025-06-21 09:46:31 - PHP Unknown: Twig\Environment::createTemplate(): Implicitly marking parameter $name as nullable is deprecated, the explicit nullable type must be used instead
File: /Users/mezbjen/Desktop/meschain-sync-enterprise-1/RESTRUCTURED_UPLOAD/storage/vendor/twig/twig/src/Environment.php
Line: 383

2025-06-21 09:46:31 - PHP Unknown: Twig\Template::displayBlock(): Implicitly marking parameter $templateContext as nullable is deprecated, the explicit nullable type must be used instead
File: /Users/mezbjen/Desktop/meschain-sync-enterprise-1/RESTRUCTURED_UPLOAD/storage/vendor/twig/twig/src/Template.php
Line: 151

2025-06-21 09:46:32 - PHP Unknown:  Twig\Loader\FilesystemLoader::__construct(): Implicitly marking parameter $rootPath as nullable is deprecated, the explicit nullable type must be used instead in /Users/mezbjen/Desktop/meschain-sync-enterprise-1/RESTRUCTURED_UPLOAD/storage/vendor/twig/twig/src/Loader/FilesystemLoader.php on line 37
2025-06-21 09:46:32 - PHP Unknown: Twig\Environment::getTemplateClass(): Implicitly marking parameter $index as nullable is deprecated, the explicit nullable type must be used instead
File: /Users/mezbjen/Desktop/meschain-sync-enterprise-1/RESTRUCTURED_UPLOAD/storage/vendor/twig/twig/src/Environment.php
Line: 259

2025-06-21 09:46:32 - PHP Unknown: Twig\Environment::loadTemplate(): Implicitly marking parameter $index as nullable is deprecated, the explicit nullable type must be used instead
File: /Users/mezbjen/Desktop/meschain-sync-enterprise-1/RESTRUCTURED_UPLOAD/storage/vendor/twig/twig/src/Environment.php
Line: 327

2025-06-21 09:46:32 - PHP Unknown: Twig\Environment::createTemplate(): Implicitly marking parameter $name as nullable is deprecated, the explicit nullable type must be used instead
File: /Users/mezbjen/Desktop/meschain-sync-enterprise-1/RESTRUCTURED_UPLOAD/storage/vendor/twig/twig/src/Environment.php
Line: 383

2025-06-21 09:46:32 - PHP Unknown: Twig\Template::displayBlock(): Implicitly marking parameter $templateContext as nullable is deprecated, the explicit nullable type must be used instead
File: /Users/mezbjen/Desktop/meschain-sync-enterprise-1/RESTRUCTURED_UPLOAD/storage/vendor/twig/twig/src/Template.php
Line: 151

2025-06-21 09:47:17 - PHP Unknown:  Twig\Loader\FilesystemLoader::__construct(): Implicitly marking parameter $rootPath as nullable is deprecated, the explicit nullable type must be used instead in /Users/mezbjen/Desktop/meschain-sync-enterprise-1/RESTRUCTURED_UPLOAD/storage/vendor/twig/twig/src/Loader/FilesystemLoader.php on line 37
2025-06-21 09:47:18 - PHP Unknown: Twig\Environment::getTemplateClass(): Implicitly marking parameter $index as nullable is deprecated, the explicit nullable type must be used instead
File: /Users/mezbjen/Desktop/meschain-sync-enterprise-1/RESTRUCTURED_UPLOAD/storage/vendor/twig/twig/src/Environment.php
Line: 259

2025-06-21 09:47:18 - PHP Unknown: Twig\Environment::loadTemplate(): Implicitly marking parameter $index as nullable is deprecated, the explicit nullable type must be used instead
File: /Users/mezbjen/Desktop/meschain-sync-enterprise-1/RESTRUCTURED_UPLOAD/storage/vendor/twig/twig/src/Environment.php
Line: 327

2025-06-21 09:47:18 - PHP Unknown: Twig\Environment::createTemplate(): Implicitly marking parameter $name as nullable is deprecated, the explicit nullable type must be used instead
File: /Users/mezbjen/Desktop/meschain-sync-enterprise-1/RESTRUCTURED_UPLOAD/storage/vendor/twig/twig/src/Environment.php
Line: 383

2025-06-21 09:47:18 - PHP Unknown: Twig\Template::displayBlock(): Implicitly marking parameter $templateContext as nullable is deprecated, the explicit nullable type must be used instead
File: /Users/mezbjen/Desktop/meschain-sync-enterprise-1/RESTRUCTURED_UPLOAD/storage/vendor/twig/twig/src/Template.php
Line: 151

2025-06-21 09:47:18 - PHP Unknown:  Twig\Loader\FilesystemLoader::__construct(): Implicitly marking parameter $rootPath as nullable is deprecated, the explicit nullable type must be used instead in /Users/mezbjen/Desktop/meschain-sync-enterprise-1/RESTRUCTURED_UPLOAD/storage/vendor/twig/twig/src/Loader/FilesystemLoader.php on line 37
2025-06-21 09:47:18 - PHP Unknown: Twig\Environment::getTemplateClass(): Implicitly marking parameter $index as nullable is deprecated, the explicit nullable type must be used instead
File: /Users/mezbjen/Desktop/meschain-sync-enterprise-1/RESTRUCTURED_UPLOAD/storage/vendor/twig/twig/src/Environment.php
Line: 259

2025-06-21 09:47:18 - PHP Unknown: Twig\Environment::loadTemplate(): Implicitly marking parameter $index as nullable is deprecated, the explicit nullable type must be used instead
File: /Users/mezbjen/Desktop/meschain-sync-enterprise-1/RESTRUCTURED_UPLOAD/storage/vendor/twig/twig/src/Environment.php
Line: 327

2025-06-21 09:47:18 - PHP Unknown: Twig\Environment::createTemplate(): Implicitly marking parameter $name as nullable is deprecated, the explicit nullable type must be used instead
File: /Users/mezbjen/Desktop/meschain-sync-enterprise-1/RESTRUCTURED_UPLOAD/storage/vendor/twig/twig/src/Environment.php
Line: 383

2025-06-21 09:47:18 - PHP Unknown: Twig\Template::displayBlock(): Implicitly marking parameter $templateContext as nullable is deprecated, the explicit nullable type must be used instead
File: /Users/mezbjen/Desktop/meschain-sync-enterprise-1/RESTRUCTURED_UPLOAD/storage/vendor/twig/twig/src/Template.php
Line: 151

2025-06-21 09:47:56 - PHP Unknown:  Twig\Loader\FilesystemLoader::__construct(): Implicitly marking parameter $rootPath as nullable is deprecated, the explicit nullable type must be used instead in /Users/mezbjen/Desktop/meschain-sync-enterprise-1/RESTRUCTURED_UPLOAD/storage/vendor/twig/twig/src/Loader/FilesystemLoader.php on line 37
2025-06-21 09:47:58 - PHP Unknown: Twig\Environment::getTemplateClass(): Implicitly marking parameter $index as nullable is deprecated, the explicit nullable type must be used instead
File: /Users/mezbjen/Desktop/meschain-sync-enterprise-1/RESTRUCTURED_UPLOAD/storage/vendor/twig/twig/src/Environment.php
Line: 259

2025-06-21 09:47:58 - PHP Unknown: Twig\Environment::loadTemplate(): Implicitly marking parameter $index as nullable is deprecated, the explicit nullable type must be used instead
File: /Users/mezbjen/Desktop/meschain-sync-enterprise-1/RESTRUCTURED_UPLOAD/storage/vendor/twig/twig/src/Environment.php
Line: 327

2025-06-21 09:47:58 - PHP Unknown: Twig\Environment::createTemplate(): Implicitly marking parameter $name as nullable is deprecated, the explicit nullable type must be used instead
File: /Users/mezbjen/Desktop/meschain-sync-enterprise-1/RESTRUCTURED_UPLOAD/storage/vendor/twig/twig/src/Environment.php
Line: 383

2025-06-21 09:47:58 - PHP Unknown: Twig\Template::displayBlock(): Implicitly marking parameter $templateContext as nullable is deprecated, the explicit nullable type must be used instead
File: /Users/mezbjen/Desktop/meschain-sync-enterprise-1/RESTRUCTURED_UPLOAD/storage/vendor/twig/twig/src/Template.php
Line: 151

2025-06-21 09:47:58 - PHP Unknown:  Twig\Loader\FilesystemLoader::__construct(): Implicitly marking parameter $rootPath as nullable is deprecated, the explicit nullable type must be used instead in /Users/mezbjen/Desktop/meschain-sync-enterprise-1/RESTRUCTURED_UPLOAD/storage/vendor/twig/twig/src/Loader/FilesystemLoader.php on line 37
2025-06-21 09:47:58 - PHP Unknown: Twig\Environment::getTemplateClass(): Implicitly marking parameter $index as nullable is deprecated, the explicit nullable type must be used instead
File: /Users/mezbjen/Desktop/meschain-sync-enterprise-1/RESTRUCTURED_UPLOAD/storage/vendor/twig/twig/src/Environment.php
Line: 259

2025-06-21 09:47:58 - PHP Unknown: Twig\Environment::loadTemplate(): Implicitly marking parameter $index as nullable is deprecated, the explicit nullable type must be used instead
File: /Users/mezbjen/Desktop/meschain-sync-enterprise-1/RESTRUCTURED_UPLOAD/storage/vendor/twig/twig/src/Environment.php
Line: 327

2025-06-21 09:47:58 - PHP Unknown: Twig\Environment::createTemplate(): Implicitly marking parameter $name as nullable is deprecated, the explicit nullable type must be used instead
File: /Users/mezbjen/Desktop/meschain-sync-enterprise-1/RESTRUCTURED_UPLOAD/storage/vendor/twig/twig/src/Environment.php
Line: 383

2025-06-21 09:47:58 - PHP Unknown: Twig\Template::displayBlock(): Implicitly marking parameter $templateContext as nullable is deprecated, the explicit nullable type must be used instead
File: /Users/mezbjen/Desktop/meschain-sync-enterprise-1/RESTRUCTURED_UPLOAD/storage/vendor/twig/twig/src/Template.php
Line: 151

2025-06-21 09:48:04 - PHP Unknown:  Twig\Loader\FilesystemLoader::__construct(): Implicitly marking parameter $rootPath as nullable is deprecated, the explicit nullable type must be used instead in /Users/mezbjen/Desktop/meschain-sync-enterprise-1/RESTRUCTURED_UPLOAD/storage/vendor/twig/twig/src/Loader/FilesystemLoader.php on line 37
2025-06-21 09:48:04 - PHP Unknown: Twig\Environment::getTemplateClass(): Implicitly marking parameter $index as nullable is deprecated, the explicit nullable type must be used instead
File: /Users/mezbjen/Desktop/meschain-sync-enterprise-1/RESTRUCTURED_UPLOAD/storage/vendor/twig/twig/src/Environment.php
Line: 259

2025-06-21 09:48:04 - PHP Unknown: Twig\Environment::loadTemplate(): Implicitly marking parameter $index as nullable is deprecated, the explicit nullable type must be used instead
File: /Users/mezbjen/Desktop/meschain-sync-enterprise-1/RESTRUCTURED_UPLOAD/storage/vendor/twig/twig/src/Environment.php
Line: 327

2025-06-21 09:48:04 - PHP Unknown: Twig\Environment::createTemplate(): Implicitly marking parameter $name as nullable is deprecated, the explicit nullable type must be used instead
File: /Users/mezbjen/Desktop/meschain-sync-enterprise-1/RESTRUCTURED_UPLOAD/storage/vendor/twig/twig/src/Environment.php
Line: 383

2025-06-21 09:48:04 - PHP Unknown: Twig\Template::displayBlock(): Implicitly marking parameter $templateContext as nullable is deprecated, the explicit nullable type must be used instead
File: /Users/mezbjen/Desktop/meschain-sync-enterprise-1/RESTRUCTURED_UPLOAD/storage/vendor/twig/twig/src/Template.php
Line: 151

2025-06-21 09:48:04 - PHP Unknown:  Twig\Loader\FilesystemLoader::__construct(): Implicitly marking parameter $rootPath as nullable is deprecated, the explicit nullable type must be used instead in /Users/mezbjen/Desktop/meschain-sync-enterprise-1/RESTRUCTURED_UPLOAD/storage/vendor/twig/twig/src/Loader/FilesystemLoader.php on line 37
2025-06-21 09:48:04 - PHP Unknown: Twig\Environment::getTemplateClass(): Implicitly marking parameter $index as nullable is deprecated, the explicit nullable type must be used instead
File: /Users/mezbjen/Desktop/meschain-sync-enterprise-1/RESTRUCTURED_UPLOAD/storage/vendor/twig/twig/src/Environment.php
Line: 259

2025-06-21 09:48:04 - PHP Unknown: Twig\Environment::loadTemplate(): Implicitly marking parameter $index as nullable is deprecated, the explicit nullable type must be used instead
File: /Users/mezbjen/Desktop/meschain-sync-enterprise-1/RESTRUCTURED_UPLOAD/storage/vendor/twig/twig/src/Environment.php
Line: 327

2025-06-21 09:48:04 - PHP Unknown: Twig\Environment::createTemplate(): Implicitly marking parameter $name as nullable is deprecated, the explicit nullable type must be used instead
File: /Users/mezbjen/Desktop/meschain-sync-enterprise-1/RESTRUCTURED_UPLOAD/storage/vendor/twig/twig/src/Environment.php
Line: 383

2025-06-21 09:48:04 - PHP Unknown: Twig\Template::displayBlock(): Implicitly marking parameter $templateContext as nullable is deprecated, the explicit nullable type must be used instead
File: /Users/mezbjen/Desktop/meschain-sync-enterprise-1/RESTRUCTURED_UPLOAD/storage/vendor/twig/twig/src/Template.php
Line: 151

2025-06-21 09:55:10 - PHP Unknown:  Twig\Loader\FilesystemLoader::__construct(): Implicitly marking parameter $rootPath as nullable is deprecated, the explicit nullable type must be used instead in /Users/mezbjen/Desktop/meschain-sync-enterprise-1/RESTRUCTURED_UPLOAD/storage/vendor/twig/twig/src/Loader/FilesystemLoader.php on line 37
2025-06-21 09:55:11 - PHP Unknown:  Twig\Environment::getTemplateClass(): Implicitly marking parameter $index as nullable is deprecated, the explicit nullable type must be used instead in /Users/mezbjen/Desktop/meschain-sync-enterprise-1/RESTRUCTURED_UPLOAD/storage/vendor/twig/twig/src/Environment.php on line 259
2025-06-21 09:55:11 - PHP Unknown:  Twig\Environment::loadTemplate(): Implicitly marking parameter $index as nullable is deprecated, the explicit nullable type must be used instead in /Users/mezbjen/Desktop/meschain-sync-enterprise-1/RESTRUCTURED_UPLOAD/storage/vendor/twig/twig/src/Environment.php on line 327
2025-06-21 09:55:11 - PHP Unknown:  Twig\Environment::createTemplate(): Implicitly marking parameter $name as nullable is deprecated, the explicit nullable type must be used instead in /Users/mezbjen/Desktop/meschain-sync-enterprise-1/RESTRUCTURED_UPLOAD/storage/vendor/twig/twig/src/Environment.php on line 383
2025-06-21 09:55:11 - PHP Unknown:  Twig\Template::displayBlock(): Implicitly marking parameter $templateContext as nullable is deprecated, the explicit nullable type must be used instead in /Users/mezbjen/Desktop/meschain-sync-enterprise-1/RESTRUCTURED_UPLOAD/storage/vendor/twig/twig/src/Template.php on line 151
2025-06-21 09:55:11 - PHP Unknown:  Twig\Loader\FilesystemLoader::__construct(): Implicitly marking parameter $rootPath as nullable is deprecated, the explicit nullable type must be used instead in /Users/mezbjen/Desktop/meschain-sync-enterprise-1/RESTRUCTURED_UPLOAD/storage/vendor/twig/twig/src/Loader/FilesystemLoader.php on line 37
2025-06-21 09:55:11 - PHP Unknown:  Twig\Environment::getTemplateClass(): Implicitly marking parameter $index as nullable is deprecated, the explicit nullable type must be used instead in /Users/mezbjen/Desktop/meschain-sync-enterprise-1/RESTRUCTURED_UPLOAD/storage/vendor/twig/twig/src/Environment.php on line 259
2025-06-21 09:55:11 - PHP Unknown:  Twig\Environment::loadTemplate(): Implicitly marking parameter $index as nullable is deprecated, the explicit nullable type must be used instead in /Users/mezbjen/Desktop/meschain-sync-enterprise-1/RESTRUCTURED_UPLOAD/storage/vendor/twig/twig/src/Environment.php on line 327
2025-06-21 09:55:11 - PHP Unknown:  Twig\Environment::createTemplate(): Implicitly marking parameter $name as nullable is deprecated, the explicit nullable type must be used instead in /Users/mezbjen/Desktop/meschain-sync-enterprise-1/RESTRUCTURED_UPLOAD/storage/vendor/twig/twig/src/Environment.php on line 383
2025-06-21 09:55:11 - PHP Unknown:  Twig\Template::displayBlock(): Implicitly marking parameter $templateContext as nullable is deprecated, the explicit nullable type must be used instead in /Users/mezbjen/Desktop/meschain-sync-enterprise-1/RESTRUCTURED_UPLOAD/storage/vendor/twig/twig/src/Template.php on line 151
2025-06-21 09:55:13 - PHP Unknown:  Twig\Loader\FilesystemLoader::__construct(): Implicitly marking parameter $rootPath as nullable is deprecated, the explicit nullable type must be used instead in /Users/mezbjen/Desktop/meschain-sync-enterprise-1/RESTRUCTURED_UPLOAD/storage/vendor/twig/twig/src/Loader/FilesystemLoader.php on line 37
2025-06-21 09:55:13 - PHP Unknown: Twig\Environment::getTemplateClass(): Implicitly marking parameter $index as nullable is deprecated, the explicit nullable type must be used instead
File: /Users/mezbjen/Desktop/meschain-sync-enterprise-1/RESTRUCTURED_UPLOAD/storage/vendor/twig/twig/src/Environment.php
Line: 259

2025-06-21 09:55:13 - PHP Unknown: Twig\Environment::loadTemplate(): Implicitly marking parameter $index as nullable is deprecated, the explicit nullable type must be used instead
File: /Users/mezbjen/Desktop/meschain-sync-enterprise-1/RESTRUCTURED_UPLOAD/storage/vendor/twig/twig/src/Environment.php
Line: 327

2025-06-21 09:55:13 - PHP Unknown: Twig\Environment::createTemplate(): Implicitly marking parameter $name as nullable is deprecated, the explicit nullable type must be used instead
File: /Users/mezbjen/Desktop/meschain-sync-enterprise-1/RESTRUCTURED_UPLOAD/storage/vendor/twig/twig/src/Environment.php
Line: 383

2025-06-21 09:55:13 - PHP Unknown: Twig\Template::displayBlock(): Implicitly marking parameter $templateContext as nullable is deprecated, the explicit nullable type must be used instead
File: /Users/mezbjen/Desktop/meschain-sync-enterprise-1/RESTRUCTURED_UPLOAD/storage/vendor/twig/twig/src/Template.php
Line: 151

2025-06-21 09:55:13 - PHP Unknown:  Twig\Loader\FilesystemLoader::__construct(): Implicitly marking parameter $rootPath as nullable is deprecated, the explicit nullable type must be used instead in /Users/mezbjen/Desktop/meschain-sync-enterprise-1/RESTRUCTURED_UPLOAD/storage/vendor/twig/twig/src/Loader/FilesystemLoader.php on line 37
2025-06-21 09:55:13 - PHP Unknown: Twig\Environment::getTemplateClass(): Implicitly marking parameter $index as nullable is deprecated, the explicit nullable type must be used instead
File: /Users/mezbjen/Desktop/meschain-sync-enterprise-1/RESTRUCTURED_UPLOAD/storage/vendor/twig/twig/src/Environment.php
Line: 259

2025-06-21 09:55:13 - PHP Unknown: Twig\Environment::loadTemplate(): Implicitly marking parameter $index as nullable is deprecated, the explicit nullable type must be used instead
File: /Users/mezbjen/Desktop/meschain-sync-enterprise-1/RESTRUCTURED_UPLOAD/storage/vendor/twig/twig/src/Environment.php
Line: 327

2025-06-21 09:55:13 - PHP Unknown: Twig\Environment::createTemplate(): Implicitly marking parameter $name as nullable is deprecated, the explicit nullable type must be used instead
File: /Users/mezbjen/Desktop/meschain-sync-enterprise-1/RESTRUCTURED_UPLOAD/storage/vendor/twig/twig/src/Environment.php
Line: 383

2025-06-21 09:55:13 - PHP Unknown: Twig\Template::displayBlock(): Implicitly marking parameter $templateContext as nullable is deprecated, the explicit nullable type must be used instead
File: /Users/mezbjen/Desktop/meschain-sync-enterprise-1/RESTRUCTURED_UPLOAD/storage/vendor/twig/twig/src/Template.php
Line: 151

2025-06-21 09:56:56 - PHP Unknown:  Twig\Loader\FilesystemLoader::__construct(): Implicitly marking parameter $rootPath as nullable is deprecated, the explicit nullable type must be used instead in /Users/mezbjen/Desktop/meschain-sync-enterprise-1/RESTRUCTURED_UPLOAD/storage/vendor/twig/twig/src/Loader/FilesystemLoader.php on line 37
2025-06-21 09:57:01 - PHP Unknown:  Twig\Environment::getTemplateClass(): Implicitly marking parameter $index as nullable is deprecated, the explicit nullable type must be used instead in /Users/mezbjen/Desktop/meschain-sync-enterprise-1/RESTRUCTURED_UPLOAD/storage/vendor/twig/twig/src/Environment.php on line 259
2025-06-21 09:57:01 - PHP Unknown:  Twig\Environment::loadTemplate(): Implicitly marking parameter $index as nullable is deprecated, the explicit nullable type must be used instead in /Users/mezbjen/Desktop/meschain-sync-enterprise-1/RESTRUCTURED_UPLOAD/storage/vendor/twig/twig/src/Environment.php on line 327
2025-06-21 09:57:01 - PHP Unknown:  Twig\Environment::createTemplate(): Implicitly marking parameter $name as nullable is deprecated, the explicit nullable type must be used instead in /Users/mezbjen/Desktop/meschain-sync-enterprise-1/RESTRUCTURED_UPLOAD/storage/vendor/twig/twig/src/Environment.php on line 383
2025-06-21 09:57:01 - PHP Unknown:  Twig\Template::displayBlock(): Implicitly marking parameter $templateContext as nullable is deprecated, the explicit nullable type must be used instead in /Users/mezbjen/Desktop/meschain-sync-enterprise-1/RESTRUCTURED_UPLOAD/storage/vendor/twig/twig/src/Template.php on line 151
2025-06-21 09:57:05 - PHP Unknown:  Twig\Loader\FilesystemLoader::__construct(): Implicitly marking parameter $rootPath as nullable is deprecated, the explicit nullable type must be used instead in /Users/mezbjen/Desktop/meschain-sync-enterprise-1/RESTRUCTURED_UPLOAD/storage/vendor/twig/twig/src/Loader/FilesystemLoader.php on line 37
2025-06-21 09:57:06 - PHP Unknown:  Twig\Environment::getTemplateClass(): Implicitly marking parameter $index as nullable is deprecated, the explicit nullable type must be used instead in /Users/mezbjen/Desktop/meschain-sync-enterprise-1/RESTRUCTURED_UPLOAD/storage/vendor/twig/twig/src/Environment.php on line 259
2025-06-21 09:57:06 - PHP Unknown:  Twig\Environment::loadTemplate(): Implicitly marking parameter $index as nullable is deprecated, the explicit nullable type must be used instead in /Users/mezbjen/Desktop/meschain-sync-enterprise-1/RESTRUCTURED_UPLOAD/storage/vendor/twig/twig/src/Environment.php on line 327
2025-06-21 09:57:06 - PHP Unknown:  Twig\Environment::createTemplate(): Implicitly marking parameter $name as nullable is deprecated, the explicit nullable type must be used instead in /Users/mezbjen/Desktop/meschain-sync-enterprise-1/RESTRUCTURED_UPLOAD/storage/vendor/twig/twig/src/Environment.php on line 383
2025-06-21 09:57:06 - PHP Unknown:  Twig\Template::displayBlock(): Implicitly marking parameter $templateContext as nullable is deprecated, the explicit nullable type must be used instead in /Users/mezbjen/Desktop/meschain-sync-enterprise-1/RESTRUCTURED_UPLOAD/storage/vendor/twig/twig/src/Template.php on line 151
2025-06-21 09:57:07 - PHP Unknown:  Twig\Loader\FilesystemLoader::__construct(): Implicitly marking parameter $rootPath as nullable is deprecated, the explicit nullable type must be used instead in /Users/mezbjen/Desktop/meschain-sync-enterprise-1/RESTRUCTURED_UPLOAD/storage/vendor/twig/twig/src/Loader/FilesystemLoader.php on line 37
2025-06-21 09:57:07 - PHP Unknown: Twig\Environment::getTemplateClass(): Implicitly marking parameter $index as nullable is deprecated, the explicit nullable type must be used instead
File: /Users/mezbjen/Desktop/meschain-sync-enterprise-1/RESTRUCTURED_UPLOAD/storage/vendor/twig/twig/src/Environment.php
Line: 259

2025-06-21 09:57:07 - PHP Unknown: Twig\Environment::loadTemplate(): Implicitly marking parameter $index as nullable is deprecated, the explicit nullable type must be used instead
File: /Users/mezbjen/Desktop/meschain-sync-enterprise-1/RESTRUCTURED_UPLOAD/storage/vendor/twig/twig/src/Environment.php
Line: 327

2025-06-21 09:57:07 - PHP Unknown: Twig\Environment::createTemplate(): Implicitly marking parameter $name as nullable is deprecated, the explicit nullable type must be used instead
File: /Users/mezbjen/Desktop/meschain-sync-enterprise-1/RESTRUCTURED_UPLOAD/storage/vendor/twig/twig/src/Environment.php
Line: 383

2025-06-21 09:57:07 - PHP Unknown: Twig\Template::displayBlock(): Implicitly marking parameter $templateContext as nullable is deprecated, the explicit nullable type must be used instead
File: /Users/mezbjen/Desktop/meschain-sync-enterprise-1/RESTRUCTURED_UPLOAD/storage/vendor/twig/twig/src/Template.php
Line: 151

2025-06-21 09:57:07 - PHP Unknown:  Twig\Loader\FilesystemLoader::__construct(): Implicitly marking parameter $rootPath as nullable is deprecated, the explicit nullable type must be used instead in /Users/mezbjen/Desktop/meschain-sync-enterprise-1/RESTRUCTURED_UPLOAD/storage/vendor/twig/twig/src/Loader/FilesystemLoader.php on line 37
2025-06-21 09:57:08 - PHP Unknown: Twig\Environment::getTemplateClass(): Implicitly marking parameter $index as nullable is deprecated, the explicit nullable type must be used instead
File: /Users/mezbjen/Desktop/meschain-sync-enterprise-1/RESTRUCTURED_UPLOAD/storage/vendor/twig/twig/src/Environment.php
Line: 259

2025-06-21 09:57:08 - PHP Unknown: Twig\Environment::loadTemplate(): Implicitly marking parameter $index as nullable is deprecated, the explicit nullable type must be used instead
File: /Users/mezbjen/Desktop/meschain-sync-enterprise-1/RESTRUCTURED_UPLOAD/storage/vendor/twig/twig/src/Environment.php
Line: 327

2025-06-21 09:57:08 - PHP Unknown: Twig\Environment::createTemplate(): Implicitly marking parameter $name as nullable is deprecated, the explicit nullable type must be used instead
File: /Users/mezbjen/Desktop/meschain-sync-enterprise-1/RESTRUCTURED_UPLOAD/storage/vendor/twig/twig/src/Environment.php
Line: 383

2025-06-21 09:57:08 - PHP Unknown: Twig\Template::displayBlock(): Implicitly marking parameter $templateContext as nullable is deprecated, the explicit nullable type must be used instead
File: /Users/mezbjen/Desktop/meschain-sync-enterprise-1/RESTRUCTURED_UPLOAD/storage/vendor/twig/twig/src/Template.php
Line: 151

2025-06-21 09:58:57 - PHP Unknown:  Twig\Loader\FilesystemLoader::__construct(): Implicitly marking parameter $rootPath as nullable is deprecated, the explicit nullable type must be used instead in /Users/mezbjen/Desktop/meschain-sync-enterprise-1/RESTRUCTURED_UPLOAD/storage/vendor/twig/twig/src/Loader/FilesystemLoader.php on line 37
2025-06-21 09:58:57 - PHP Unknown: Twig\Environment::getTemplateClass(): Implicitly marking parameter $index as nullable is deprecated, the explicit nullable type must be used instead
File: /Users/mezbjen/Desktop/meschain-sync-enterprise-1/RESTRUCTURED_UPLOAD/storage/vendor/twig/twig/src/Environment.php
Line: 259

2025-06-21 09:58:57 - PHP Unknown: Twig\Environment::loadTemplate(): Implicitly marking parameter $index as nullable is deprecated, the explicit nullable type must be used instead
File: /Users/mezbjen/Desktop/meschain-sync-enterprise-1/RESTRUCTURED_UPLOAD/storage/vendor/twig/twig/src/Environment.php
Line: 327

2025-06-21 09:58:57 - PHP Unknown: Twig\Environment::createTemplate(): Implicitly marking parameter $name as nullable is deprecated, the explicit nullable type must be used instead
File: /Users/mezbjen/Desktop/meschain-sync-enterprise-1/RESTRUCTURED_UPLOAD/storage/vendor/twig/twig/src/Environment.php
Line: 383

2025-06-21 09:58:57 - PHP Unknown: Twig\Template::displayBlock(): Implicitly marking parameter $templateContext as nullable is deprecated, the explicit nullable type must be used instead
File: /Users/mezbjen/Desktop/meschain-sync-enterprise-1/RESTRUCTURED_UPLOAD/storage/vendor/twig/twig/src/Template.php
Line: 151

2025-06-21 09:58:57 - PHP Unknown:  Twig\Loader\FilesystemLoader::__construct(): Implicitly marking parameter $rootPath as nullable is deprecated, the explicit nullable type must be used instead in /Users/mezbjen/Desktop/meschain-sync-enterprise-1/RESTRUCTURED_UPLOAD/storage/vendor/twig/twig/src/Loader/FilesystemLoader.php on line 37
2025-06-21 09:58:57 - PHP Unknown: Twig\Environment::getTemplateClass(): Implicitly marking parameter $index as nullable is deprecated, the explicit nullable type must be used instead
File: /Users/mezbjen/Desktop/meschain-sync-enterprise-1/RESTRUCTURED_UPLOAD/storage/vendor/twig/twig/src/Environment.php
Line: 259

2025-06-21 09:58:57 - PHP Unknown: Twig\Environment::loadTemplate(): Implicitly marking parameter $index as nullable is deprecated, the explicit nullable type must be used instead
File: /Users/mezbjen/Desktop/meschain-sync-enterprise-1/RESTRUCTURED_UPLOAD/storage/vendor/twig/twig/src/Environment.php
Line: 327

2025-06-21 09:58:57 - PHP Unknown: Twig\Environment::createTemplate(): Implicitly marking parameter $name as nullable is deprecated, the explicit nullable type must be used instead
File: /Users/mezbjen/Desktop/meschain-sync-enterprise-1/RESTRUCTURED_UPLOAD/storage/vendor/twig/twig/src/Environment.php
Line: 383

2025-06-21 09:58:57 - PHP Unknown: Twig\Template::displayBlock(): Implicitly marking parameter $templateContext as nullable is deprecated, the explicit nullable type must be used instead
File: /Users/mezbjen/Desktop/meschain-sync-enterprise-1/RESTRUCTURED_UPLOAD/storage/vendor/twig/twig/src/Template.php
Line: 151

2025-06-21 10:00:58 - PHP Unknown:  Twig\Loader\FilesystemLoader::__construct(): Implicitly marking parameter $rootPath as nullable is deprecated, the explicit nullable type must be used instead in /Users/mezbjen/Desktop/meschain-sync-enterprise-1/RESTRUCTURED_UPLOAD/storage/vendor/twig/twig/src/Loader/FilesystemLoader.php on line 37
2025-06-21 10:00:59 - PHP Unknown: Twig\Environment::getTemplateClass(): Implicitly marking parameter $index as nullable is deprecated, the explicit nullable type must be used instead
File: /Users/mezbjen/Desktop/meschain-sync-enterprise-1/RESTRUCTURED_UPLOAD/storage/vendor/twig/twig/src/Environment.php
Line: 259

2025-06-21 10:00:59 - PHP Unknown: Twig\Environment::loadTemplate(): Implicitly marking parameter $index as nullable is deprecated, the explicit nullable type must be used instead
File: /Users/mezbjen/Desktop/meschain-sync-enterprise-1/RESTRUCTURED_UPLOAD/storage/vendor/twig/twig/src/Environment.php
Line: 327

2025-06-21 10:00:59 - PHP Unknown: Twig\Environment::createTemplate(): Implicitly marking parameter $name as nullable is deprecated, the explicit nullable type must be used instead
File: /Users/mezbjen/Desktop/meschain-sync-enterprise-1/RESTRUCTURED_UPLOAD/storage/vendor/twig/twig/src/Environment.php
Line: 383

2025-06-21 10:00:59 - PHP Unknown: Twig\Template::displayBlock(): Implicitly marking parameter $templateContext as nullable is deprecated, the explicit nullable type must be used instead
File: /Users/mezbjen/Desktop/meschain-sync-enterprise-1/RESTRUCTURED_UPLOAD/storage/vendor/twig/twig/src/Template.php
Line: 151

2025-06-21 10:01:00 - PHP Unknown:  Twig\Loader\FilesystemLoader::__construct(): Implicitly marking parameter $rootPath as nullable is deprecated, the explicit nullable type must be used instead in /Users/mezbjen/Desktop/meschain-sync-enterprise-1/RESTRUCTURED_UPLOAD/storage/vendor/twig/twig/src/Loader/FilesystemLoader.php on line 37
2025-06-21 10:01:00 - PHP Unknown: Twig\Environment::getTemplateClass(): Implicitly marking parameter $index as nullable is deprecated, the explicit nullable type must be used instead
File: /Users/mezbjen/Desktop/meschain-sync-enterprise-1/RESTRUCTURED_UPLOAD/storage/vendor/twig/twig/src/Environment.php
Line: 259

2025-06-21 10:01:00 - PHP Unknown: Twig\Environment::loadTemplate(): Implicitly marking parameter $index as nullable is deprecated, the explicit nullable type must be used instead
File: /Users/mezbjen/Desktop/meschain-sync-enterprise-1/RESTRUCTURED_UPLOAD/storage/vendor/twig/twig/src/Environment.php
Line: 327

2025-06-21 10:01:00 - PHP Unknown: Twig\Environment::createTemplate(): Implicitly marking parameter $name as nullable is deprecated, the explicit nullable type must be used instead
File: /Users/mezbjen/Desktop/meschain-sync-enterprise-1/RESTRUCTURED_UPLOAD/storage/vendor/twig/twig/src/Environment.php
Line: 383

2025-06-21 10:01:00 - PHP Unknown: Twig\Template::displayBlock(): Implicitly marking parameter $templateContext as nullable is deprecated, the explicit nullable type must be used instead
File: /Users/mezbjen/Desktop/meschain-sync-enterprise-1/RESTRUCTURED_UPLOAD/storage/vendor/twig/twig/src/Template.php
Line: 151

2025-06-21 10:08:36 - PHP Unknown: Twig\Environment::loadTemplate(): Implicitly marking parameter $index as nullable is deprecated, the explicit nullable type must be used instead
File: /Users/mezbjen/Desktop/meschain-sync-enterprise-1/RESTRUCTURED_UPLOAD/storage/vendor/twig/twig/src/Environment.php
Line: 327

2025-06-21 10:08:36 - PHP Unknown: Twig\Template::displayBlock(): Implicitly marking parameter $templateContext as nullable is deprecated, the explicit nullable type must be used instead
File: /Users/mezbjen/Desktop/meschain-sync-enterprise-1/RESTRUCTURED_UPLOAD/storage/vendor/twig/twig/src/Template.php
Line: 151

2025-06-21 10:08:38 - PHP Unknown: Twig\Environment::loadTemplate(): Implicitly marking parameter $index as nullable is deprecated, the explicit nullable type must be used instead
File: /Users/mezbjen/Desktop/meschain-sync-enterprise-1/RESTRUCTURED_UPLOAD/storage/vendor/twig/twig/src/Environment.php
Line: 327

2025-06-21 10:08:39 - PHP Unknown: Twig\Template::displayBlock(): Implicitly marking parameter $templateContext as nullable is deprecated, the explicit nullable type must be used instead
File: /Users/mezbjen/Desktop/meschain-sync-enterprise-1/RESTRUCTURED_UPLOAD/storage/vendor/twig/twig/src/Template.php
Line: 151

2025-06-21 10:09:21 - PHP Unknown: Twig\Environment::loadTemplate(): Implicitly marking parameter $index as nullable is deprecated, the explicit nullable type must be used instead
File: /Users/mezbjen/Desktop/meschain-sync-enterprise-1/RESTRUCTURED_UPLOAD/storage/vendor/twig/twig/src/Environment.php
Line: 327

2025-06-21 10:09:21 - PHP Unknown: Twig\Template::displayBlock(): Implicitly marking parameter $templateContext as nullable is deprecated, the explicit nullable type must be used instead
File: /Users/mezbjen/Desktop/meschain-sync-enterprise-1/RESTRUCTURED_UPLOAD/storage/vendor/twig/twig/src/Template.php
Line: 151

2025-06-21 10:09:21 - PHP Unknown: Twig\Environment::loadTemplate(): Implicitly marking parameter $index as nullable is deprecated, the explicit nullable type must be used instead
File: /Users/mezbjen/Desktop/meschain-sync-enterprise-1/RESTRUCTURED_UPLOAD/storage/vendor/twig/twig/src/Environment.php
Line: 327

2025-06-21 10:09:21 - PHP Unknown: Twig\Template::displayBlock(): Implicitly marking parameter $templateContext as nullable is deprecated, the explicit nullable type must be used instead
File: /Users/mezbjen/Desktop/meschain-sync-enterprise-1/RESTRUCTURED_UPLOAD/storage/vendor/twig/twig/src/Template.php
Line: 151

2025-06-21 10:09:24 - PHP Unknown: Twig\Environment::loadTemplate(): Implicitly marking parameter $index as nullable is deprecated, the explicit nullable type must be used instead
File: /Users/mezbjen/Desktop/meschain-sync-enterprise-1/RESTRUCTURED_UPLOAD/storage/vendor/twig/twig/src/Environment.php
Line: 327

2025-06-21 10:09:24 - PHP Unknown: Twig\Template::displayBlock(): Implicitly marking parameter $templateContext as nullable is deprecated, the explicit nullable type must be used instead
File: /Users/mezbjen/Desktop/meschain-sync-enterprise-1/RESTRUCTURED_UPLOAD/storage/vendor/twig/twig/src/Template.php
Line: 151

2025-06-21 10:09:24 - PHP Unknown: Twig\Environment::loadTemplate(): Implicitly marking parameter $index as nullable is deprecated, the explicit nullable type must be used instead
File: /Users/mezbjen/Desktop/meschain-sync-enterprise-1/RESTRUCTURED_UPLOAD/storage/vendor/twig/twig/src/Environment.php
Line: 327

2025-06-21 10:09:24 - PHP Unknown: Twig\Template::displayBlock(): Implicitly marking parameter $templateContext as nullable is deprecated, the explicit nullable type must be used instead
File: /Users/mezbjen/Desktop/meschain-sync-enterprise-1/RESTRUCTURED_UPLOAD/storage/vendor/twig/twig/src/Template.php
Line: 151

2025-06-21 10:09:45 - PHP Unknown: Twig\Environment::loadTemplate(): Implicitly marking parameter $index as nullable is deprecated, the explicit nullable type must be used instead
File: /Users/mezbjen/Desktop/meschain-sync-enterprise-1/RESTRUCTURED_UPLOAD/storage/vendor/twig/twig/src/Environment.php
Line: 327

2025-06-21 10:09:45 - PHP Unknown: Twig\Template::displayBlock(): Implicitly marking parameter $templateContext as nullable is deprecated, the explicit nullable type must be used instead
File: /Users/mezbjen/Desktop/meschain-sync-enterprise-1/RESTRUCTURED_UPLOAD/storage/vendor/twig/twig/src/Template.php
Line: 151

2025-06-21 10:09:48 - PHP Unknown: Twig\Environment::loadTemplate(): Implicitly marking parameter $index as nullable is deprecated, the explicit nullable type must be used instead
File: /Users/mezbjen/Desktop/meschain-sync-enterprise-1/RESTRUCTURED_UPLOAD/storage/vendor/twig/twig/src/Environment.php
Line: 327

2025-06-21 10:09:48 - PHP Unknown: Twig\Template::displayBlock(): Implicitly marking parameter $templateContext as nullable is deprecated, the explicit nullable type must be used instead
File: /Users/mezbjen/Desktop/meschain-sync-enterprise-1/RESTRUCTURED_UPLOAD/storage/vendor/twig/twig/src/Template.php
Line: 151

2025-06-21 10:10:00 - PHP Unknown: Twig\Environment::loadTemplate(): Implicitly marking parameter $index as nullable is deprecated, the explicit nullable type must be used instead
File: /Users/mezbjen/Desktop/meschain-sync-enterprise-1/RESTRUCTURED_UPLOAD/storage/vendor/twig/twig/src/Environment.php
Line: 327

2025-06-21 10:10:00 - PHP Unknown: Twig\Template::displayBlock(): Implicitly marking parameter $templateContext as nullable is deprecated, the explicit nullable type must be used instead
File: /Users/mezbjen/Desktop/meschain-sync-enterprise-1/RESTRUCTURED_UPLOAD/storage/vendor/twig/twig/src/Template.php
Line: 151

2025-06-21 10:10:06 - PHP Unknown: Twig\Environment::loadTemplate(): Implicitly marking parameter $index as nullable is deprecated, the explicit nullable type must be used instead
File: /Users/mezbjen/Desktop/meschain-sync-enterprise-1/RESTRUCTURED_UPLOAD/storage/vendor/twig/twig/src/Environment.php
Line: 327

2025-06-21 10:10:06 - PHP Unknown: Twig\NodeVisitor\SafeAnalysisNodeVisitor::intersectSafe(): Implicitly marking parameter $a as nullable is deprecated, the explicit nullable type must be used instead
File: /Users/mezbjen/Desktop/meschain-sync-enterprise-1/RESTRUCTURED_UPLOAD/storage/vendor/twig/twig/src/NodeVisitor/SafeAnalysisNodeVisitor.php
Line: 139

2025-06-21 10:10:06 - PHP Unknown: Twig\NodeVisitor\SafeAnalysisNodeVisitor::intersectSafe(): Implicitly marking parameter $b as nullable is deprecated, the explicit nullable type must be used instead
File: /Users/mezbjen/Desktop/meschain-sync-enterprise-1/RESTRUCTURED_UPLOAD/storage/vendor/twig/twig/src/NodeVisitor/SafeAnalysisNodeVisitor.php
Line: 139

2025-06-21 10:10:06 - PHP Unknown: Twig\TokenStream::__construct(): Implicitly marking parameter $source as nullable is deprecated, the explicit nullable type must be used instead
File: /Users/mezbjen/Desktop/meschain-sync-enterprise-1/RESTRUCTURED_UPLOAD/storage/vendor/twig/twig/src/TokenStream.php
Line: 28

2025-06-21 10:10:06 - PHP Unknown: Twig\TokenStream::expect(): Implicitly marking parameter $message as nullable is deprecated, the explicit nullable type must be used instead
File: /Users/mezbjen/Desktop/meschain-sync-enterprise-1/RESTRUCTURED_UPLOAD/storage/vendor/twig/twig/src/TokenStream.php
Line: 71

2025-06-21 10:10:06 - PHP Unknown: Twig\Parser::addImportedSymbol(): Implicitly marking parameter $name as nullable is deprecated, the explicit nullable type must be used instead
File: /Users/mezbjen/Desktop/meschain-sync-enterprise-1/RESTRUCTURED_UPLOAD/storage/vendor/twig/twig/src/Parser.php
Line: 250

2025-06-21 10:10:06 - PHP Unknown: Twig\Parser::addImportedSymbol(): Implicitly marking parameter $node as nullable is deprecated, the explicit nullable type must be used instead
File: /Users/mezbjen/Desktop/meschain-sync-enterprise-1/RESTRUCTURED_UPLOAD/storage/vendor/twig/twig/src/Parser.php
Line: 250

2025-06-21 10:10:06 - PHP Unknown: Twig\Node\Node::__construct(): Implicitly marking parameter $tag as nullable is deprecated, the explicit nullable type must be used instead
File: /Users/mezbjen/Desktop/meschain-sync-enterprise-1/RESTRUCTURED_UPLOAD/storage/vendor/twig/twig/src/Node/Node.php
Line: 39

2025-06-21 10:10:06 - PHP Unknown: Twig\Node\PrintNode::__construct(): Implicitly marking parameter $tag as nullable is deprecated, the explicit nullable type must be used instead
File: /Users/mezbjen/Desktop/meschain-sync-enterprise-1/RESTRUCTURED_UPLOAD/storage/vendor/twig/twig/src/Node/PrintNode.php
Line: 25

2025-06-21 10:10:06 - PHP Unknown: Twig\Node\Expression\FilterExpression::__construct(): Implicitly marking parameter $tag as nullable is deprecated, the explicit nullable type must be used instead
File: /Users/mezbjen/Desktop/meschain-sync-enterprise-1/RESTRUCTURED_UPLOAD/storage/vendor/twig/twig/src/Node/Expression/FilterExpression.php
Line: 20

2025-06-21 10:10:06 - PHP Unknown: Twig\Node\IfNode::__construct(): Implicitly marking parameter $tag as nullable is deprecated, the explicit nullable type must be used instead
File: /Users/mezbjen/Desktop/meschain-sync-enterprise-1/RESTRUCTURED_UPLOAD/storage/vendor/twig/twig/src/Node/IfNode.php
Line: 24

2025-06-21 10:10:06 - PHP Unknown: Twig\Node\Expression\ArrayExpression::addElement(): Implicitly marking parameter $key as nullable is deprecated, the explicit nullable type must be used instead
File: /Users/mezbjen/Desktop/meschain-sync-enterprise-1/RESTRUCTURED_UPLOAD/storage/vendor/twig/twig/src/Node/Expression/ArrayExpression.php
Line: 58

2025-06-21 10:10:06 - PHP Unknown: Twig\Template::displayBlock(): Implicitly marking parameter $templateContext as nullable is deprecated, the explicit nullable type must be used instead
File: /Users/mezbjen/Desktop/meschain-sync-enterprise-1/RESTRUCTURED_UPLOAD/storage/vendor/twig/twig/src/Template.php
Line: 151

2025-06-21 10:10:06 - PHP Unknown: Twig\Node\ForNode::__construct(): Implicitly marking parameter $tag as nullable is deprecated, the explicit nullable type must be used instead
File: /Users/mezbjen/Desktop/meschain-sync-enterprise-1/RESTRUCTURED_UPLOAD/storage/vendor/twig/twig/src/Node/ForNode.php
Line: 28

2025-06-21 10:10:06 - PHP Unknown: Twig\Node\ForLoopNode::__construct(): Implicitly marking parameter $tag as nullable is deprecated, the explicit nullable type must be used instead
File: /Users/mezbjen/Desktop/meschain-sync-enterprise-1/RESTRUCTURED_UPLOAD/storage/vendor/twig/twig/src/Node/ForLoopNode.php
Line: 23

2025-06-21 10:10:10 - PHP Unknown: Twig\Environment::loadTemplate(): Implicitly marking parameter $index as nullable is deprecated, the explicit nullable type must be used instead
File: /Users/mezbjen/Desktop/meschain-sync-enterprise-1/RESTRUCTURED_UPLOAD/storage/vendor/twig/twig/src/Environment.php
Line: 327

2025-06-21 10:10:10 - PHP Unknown: Twig\Template::displayBlock(): Implicitly marking parameter $templateContext as nullable is deprecated, the explicit nullable type must be used instead
File: /Users/mezbjen/Desktop/meschain-sync-enterprise-1/RESTRUCTURED_UPLOAD/storage/vendor/twig/twig/src/Template.php
Line: 151

2025-06-21 10:10:10 - PHP Unknown: Twig\NodeVisitor\SafeAnalysisNodeVisitor::intersectSafe(): Implicitly marking parameter $a as nullable is deprecated, the explicit nullable type must be used instead
File: /Users/mezbjen/Desktop/meschain-sync-enterprise-1/RESTRUCTURED_UPLOAD/storage/vendor/twig/twig/src/NodeVisitor/SafeAnalysisNodeVisitor.php
Line: 139

2025-06-21 10:10:10 - PHP Unknown: Twig\NodeVisitor\SafeAnalysisNodeVisitor::intersectSafe(): Implicitly marking parameter $b as nullable is deprecated, the explicit nullable type must be used instead
File: /Users/mezbjen/Desktop/meschain-sync-enterprise-1/RESTRUCTURED_UPLOAD/storage/vendor/twig/twig/src/NodeVisitor/SafeAnalysisNodeVisitor.php
Line: 139

2025-06-21 10:10:10 - PHP Unknown: Twig\TokenStream::__construct(): Implicitly marking parameter $source as nullable is deprecated, the explicit nullable type must be used instead
File: /Users/mezbjen/Desktop/meschain-sync-enterprise-1/RESTRUCTURED_UPLOAD/storage/vendor/twig/twig/src/TokenStream.php
Line: 28

2025-06-21 10:10:10 - PHP Unknown: Twig\TokenStream::expect(): Implicitly marking parameter $message as nullable is deprecated, the explicit nullable type must be used instead
File: /Users/mezbjen/Desktop/meschain-sync-enterprise-1/RESTRUCTURED_UPLOAD/storage/vendor/twig/twig/src/TokenStream.php
Line: 71

2025-06-21 10:10:10 - PHP Unknown: Twig\Parser::addImportedSymbol(): Implicitly marking parameter $name as nullable is deprecated, the explicit nullable type must be used instead
File: /Users/mezbjen/Desktop/meschain-sync-enterprise-1/RESTRUCTURED_UPLOAD/storage/vendor/twig/twig/src/Parser.php
Line: 250

2025-06-21 10:10:10 - PHP Unknown: Twig\Parser::addImportedSymbol(): Implicitly marking parameter $node as nullable is deprecated, the explicit nullable type must be used instead
File: /Users/mezbjen/Desktop/meschain-sync-enterprise-1/RESTRUCTURED_UPLOAD/storage/vendor/twig/twig/src/Parser.php
Line: 250

2025-06-21 10:10:10 - PHP Unknown: Twig\Node\Node::__construct(): Implicitly marking parameter $tag as nullable is deprecated, the explicit nullable type must be used instead
File: /Users/mezbjen/Desktop/meschain-sync-enterprise-1/RESTRUCTURED_UPLOAD/storage/vendor/twig/twig/src/Node/Node.php
Line: 39

2025-06-21 10:10:10 - PHP Unknown: Twig\Node\PrintNode::__construct(): Implicitly marking parameter $tag as nullable is deprecated, the explicit nullable type must be used instead
File: /Users/mezbjen/Desktop/meschain-sync-enterprise-1/RESTRUCTURED_UPLOAD/storage/vendor/twig/twig/src/Node/PrintNode.php
Line: 25

2025-06-21 10:10:10 - PHP Unknown: Twig\Node\Expression\ArrayExpression::addElement(): Implicitly marking parameter $key as nullable is deprecated, the explicit nullable type must be used instead
File: /Users/mezbjen/Desktop/meschain-sync-enterprise-1/RESTRUCTURED_UPLOAD/storage/vendor/twig/twig/src/Node/Expression/ArrayExpression.php
Line: 58

2025-06-21 10:10:10 - PHP Unknown: Twig\Node\ForNode::__construct(): Implicitly marking parameter $tag as nullable is deprecated, the explicit nullable type must be used instead
File: /Users/mezbjen/Desktop/meschain-sync-enterprise-1/RESTRUCTURED_UPLOAD/storage/vendor/twig/twig/src/Node/ForNode.php
Line: 28

2025-06-21 10:10:10 - PHP Unknown: Twig\Node\ForLoopNode::__construct(): Implicitly marking parameter $tag as nullable is deprecated, the explicit nullable type must be used instead
File: /Users/mezbjen/Desktop/meschain-sync-enterprise-1/RESTRUCTURED_UPLOAD/storage/vendor/twig/twig/src/Node/ForLoopNode.php
Line: 23

2025-06-21 10:10:10 - PHP Unknown: Twig\Node\IfNode::__construct(): Implicitly marking parameter $tag as nullable is deprecated, the explicit nullable type must be used instead
File: /Users/mezbjen/Desktop/meschain-sync-enterprise-1/RESTRUCTURED_UPLOAD/storage/vendor/twig/twig/src/Node/IfNode.php
Line: 24

2025-06-21 10:10:27 - PHP Unknown: Twig\Environment::loadTemplate(): Implicitly marking parameter $index as nullable is deprecated, the explicit nullable type must be used instead
File: /Users/mezbjen/Desktop/meschain-sync-enterprise-1/RESTRUCTURED_UPLOAD/storage/vendor/twig/twig/src/Environment.php
Line: 327

2025-06-21 10:10:27 - PHP Unknown: Twig\Template::displayBlock(): Implicitly marking parameter $templateContext as nullable is deprecated, the explicit nullable type must be used instead
File: /Users/mezbjen/Desktop/meschain-sync-enterprise-1/RESTRUCTURED_UPLOAD/storage/vendor/twig/twig/src/Template.php
Line: 151

2025-06-21 10:10:31 - PHP Unknown: Twig\Environment::loadTemplate(): Implicitly marking parameter $index as nullable is deprecated, the explicit nullable type must be used instead
File: /Users/mezbjen/Desktop/meschain-sync-enterprise-1/RESTRUCTURED_UPLOAD/storage/vendor/twig/twig/src/Environment.php
Line: 327

2025-06-21 10:10:31 - PHP Unknown: Twig\Template::displayBlock(): Implicitly marking parameter $templateContext as nullable is deprecated, the explicit nullable type must be used instead
File: /Users/mezbjen/Desktop/meschain-sync-enterprise-1/RESTRUCTURED_UPLOAD/storage/vendor/twig/twig/src/Template.php
Line: 151

2025-06-21 10:10:37 - PHP Unknown: Twig\Environment::loadTemplate(): Implicitly marking parameter $index as nullable is deprecated, the explicit nullable type must be used instead
File: /Users/mezbjen/Desktop/meschain-sync-enterprise-1/RESTRUCTURED_UPLOAD/storage/vendor/twig/twig/src/Environment.php
Line: 327

2025-06-21 10:10:37 - PHP Unknown: Twig\Template::displayBlock(): Implicitly marking parameter $templateContext as nullable is deprecated, the explicit nullable type must be used instead
File: /Users/mezbjen/Desktop/meschain-sync-enterprise-1/RESTRUCTURED_UPLOAD/storage/vendor/twig/twig/src/Template.php
Line: 151

2025-06-21 10:13:43 - PHP Unknown: Twig\Environment::loadTemplate(): Implicitly marking parameter $index as nullable is deprecated, the explicit nullable type must be used instead
File: /Users/mezbjen/Desktop/meschain-sync-enterprise-1/RESTRUCTURED_UPLOAD/storage/vendor/twig/twig/src/Environment.php
Line: 327

2025-06-21 10:13:43 - PHP Unknown: Twig\Template::displayBlock(): Implicitly marking parameter $templateContext as nullable is deprecated, the explicit nullable type must be used instead
File: /Users/mezbjen/Desktop/meschain-sync-enterprise-1/RESTRUCTURED_UPLOAD/storage/vendor/twig/twig/src/Template.php
Line: 151

2025-06-21 10:13:44 - PHP Unknown: Twig\Environment::loadTemplate(): Implicitly marking parameter $index as nullable is deprecated, the explicit nullable type must be used instead
File: /Users/mezbjen/Desktop/meschain-sync-enterprise-1/RESTRUCTURED_UPLOAD/storage/vendor/twig/twig/src/Environment.php
Line: 327

2025-06-21 10:13:44 - PHP Unknown: Twig\Template::displayBlock(): Implicitly marking parameter $templateContext as nullable is deprecated, the explicit nullable type must be used instead
File: /Users/mezbjen/Desktop/meschain-sync-enterprise-1/RESTRUCTURED_UPLOAD/storage/vendor/twig/twig/src/Template.php
Line: 151

2025-06-21 11:44:42 - PHP Unknown: Twig\NodeVisitor\SafeAnalysisNodeVisitor::intersectSafe(): Implicitly marking parameter $a as nullable is deprecated, the explicit nullable type must be used instead
File: /Users/mezbjen/Desktop/meschain-sync-enterprise-1/RESTRUCTURED_UPLOAD/storage/vendor/twig/twig/src/NodeVisitor/SafeAnalysisNodeVisitor.php
Line: 139

2025-06-21 11:44:42 - PHP Unknown: Twig\NodeVisitor\SafeAnalysisNodeVisitor::intersectSafe(): Implicitly marking parameter $b as nullable is deprecated, the explicit nullable type must be used instead
File: /Users/mezbjen/Desktop/meschain-sync-enterprise-1/RESTRUCTURED_UPLOAD/storage/vendor/twig/twig/src/NodeVisitor/SafeAnalysisNodeVisitor.php
Line: 139

2025-06-21 11:44:42 - PHP Unknown: Twig\TokenStream::__construct(): Implicitly marking parameter $source as nullable is deprecated, the explicit nullable type must be used instead
File: /Users/mezbjen/Desktop/meschain-sync-enterprise-1/RESTRUCTURED_UPLOAD/storage/vendor/twig/twig/src/TokenStream.php
Line: 28

2025-06-21 11:44:42 - PHP Unknown: Twig\TokenStream::expect(): Implicitly marking parameter $message as nullable is deprecated, the explicit nullable type must be used instead
File: /Users/mezbjen/Desktop/meschain-sync-enterprise-1/RESTRUCTURED_UPLOAD/storage/vendor/twig/twig/src/TokenStream.php
Line: 71

2025-06-21 11:44:42 - PHP Unknown: Twig\Parser::addImportedSymbol(): Implicitly marking parameter $name as nullable is deprecated, the explicit nullable type must be used instead
File: /Users/mezbjen/Desktop/meschain-sync-enterprise-1/RESTRUCTURED_UPLOAD/storage/vendor/twig/twig/src/Parser.php
Line: 250

2025-06-21 11:44:42 - PHP Unknown: Twig\Parser::addImportedSymbol(): Implicitly marking parameter $node as nullable is deprecated, the explicit nullable type must be used instead
File: /Users/mezbjen/Desktop/meschain-sync-enterprise-1/RESTRUCTURED_UPLOAD/storage/vendor/twig/twig/src/Parser.php
Line: 250

2025-06-21 11:44:42 - PHP Unknown: Twig\Node\Node::__construct(): Implicitly marking parameter $tag as nullable is deprecated, the explicit nullable type must be used instead
File: /Users/mezbjen/Desktop/meschain-sync-enterprise-1/RESTRUCTURED_UPLOAD/storage/vendor/twig/twig/src/Node/Node.php
Line: 39

2025-06-21 11:44:42 - PHP Unknown: Twig\Node\PrintNode::__construct(): Implicitly marking parameter $tag as nullable is deprecated, the explicit nullable type must be used instead
File: /Users/mezbjen/Desktop/meschain-sync-enterprise-1/RESTRUCTURED_UPLOAD/storage/vendor/twig/twig/src/Node/PrintNode.php
Line: 25

