::1 - - [06/Jun/2025 23:44:48] "GET / HTTP/1.1" 200 -
::1 - - [06/Jun/2025 23:44:48] code 404, message File not found
::1 - - [06/Jun/2025 23:44:48] "GET /favicon.ico HTTP/1.1" 404 -
::1 - - [07/Jun/2025 00:09:14] "GET / HTTP/1.1" 304 -
::1 - - [07/Jun/2025 02:25:14] "GET / HTTP/1.1" 304 -
::1 - - [07/Jun/2025 02:25:14] "GET / HTTP/1.1" 304 -
::1 - - [07/Jun/2025 03:22:36] "GET / HTTP/1.1" 304 -
::1 - - [07/Jun/2025 11:21:49] code 404, message File not found
::1 - - [07/Jun/2025 11:21:49] "GET /health HTTP/1.1" 404 -
::1 - - [07/Jun/2025 11:21:49] "GET / HTTP/1.1" 200 -
::1 - - [08/Jun/2025 00:12:24] "GET / HTTP/1.1" 304 -
::1 - - [08/Jun/2025 00:12:24] code 404, message File not found
::1 - - [08/Jun/2025 00:12:24] "GET /favicon.ico HTTP/1.1" 404 -
::1 - - [08/Jun/2025 00:14:34] "GET /gemini_super_admin.html?id=1bc046ce-7f72-4234-8967-8e885fe59a4f&vscodeBrowserReqId=1749330874925 HTTP/1.1" 200 -
::1 - - [08/Jun/2025 00:14:50] "GET /gemini_super_admin.html HTTP/1.1" 200 -
::1 - - [08/Jun/2025 00:16:44] "HEAD /gemini_super_admin.html HTTP/1.1" 200 -
::1 - - [08/Jun/2025 00:16:51] "GET / HTTP/1.1" 200 -
::1 - - [08/Jun/2025 00:16:53] "GET / HTTP/1.1" 304 -
::1 - - [08/Jun/2025 00:16:58] "GET /?id=1bc046ce-7f72-4234-8967-8e885fe59a4f&vscodeBrowserReqId=1749331018927 HTTP/1.1" 200 -
::1 - - [08/Jun/2025 00:17:03] "GET /gemini_super_admin.html?id=1bc046ce-7f72-4234-8967-8e885fe59a4f&vscodeBrowserReqId=1749331023842 HTTP/1.1" 200 -
::1 - - [08/Jun/2025 00:17:08] "GET / HTTP/1.1" 304 -
::1 - - [08/Jun/2025 00:17:24] "GET /gemini_super_admin.html HTTP/1.1" 200 -
::1 - - [08/Jun/2025 00:17:37] "HEAD /gemini_super_admin.js HTTP/1.1" 200 -
::1 - - [08/Jun/2025 00:18:19] "GET / HTTP/1.1" 200 -
::1 - - [08/Jun/2025 00:18:19] code 404, message File not found
::1 - - [08/Jun/2025 00:18:19] "GET /favicon.ico HTTP/1.1" 404 -
::1 - - [08/Jun/2025 00:18:30] "GET /gemini_super_admin.html HTTP/1.1" 200 -
::1 - - [08/Jun/2025 00:24:41] "GET / HTTP/1.1" 304 -
::1 - - [08/Jun/2025 00:24:42] "GET / HTTP/1.1" 304 -
::1 - - [08/Jun/2025 00:24:43] "GET / HTTP/1.1" 304 -
::1 - - [08/Jun/2025 00:24:44] "GET / HTTP/1.1" 304 -
::1 - - [08/Jun/2025 00:24:44] "GET / HTTP/1.1" 304 -
::1 - - [08/Jun/2025 00:24:44] "GET / HTTP/1.1" 304 -
::1 - - [08/Jun/2025 00:24:47] "GET /gemini_super_admin.html HTTP/1.1" 200 -
::1 - - [08/Jun/2025 00:24:55] "GET /gemini_super_admin.html HTTP/1.1" 304 -
::1 - - [08/Jun/2025 00:26:08] "GET /gemini_super_admin.html HTTP/1.1" 304 -
::1 - - [08/Jun/2025 00:29:02] "GET /gemini_super_admin.html HTTP/1.1" 304 -
::1 - - [08/Jun/2025 00:29:04] "GET /gemini_super_admin.html HTTP/1.1" 304 -
::1 - - [08/Jun/2025 00:30:46] "GET /gemini_super_admin.html HTTP/1.1" 304 -
::1 - - [08/Jun/2025 00:34:40] "GET /gemini_super_admin.html HTTP/1.1" 304 -
::1 - - [08/Jun/2025 00:38:00] "GET /gemini_super_admin.html HTTP/1.1" 304 -
::1 - - [08/Jun/2025 00:39:24] "GET /gemini_super_admin.html HTTP/1.1" 304 -
::1 - - [08/Jun/2025 00:39:25] "GET /gemini_super_admin.html HTTP/1.1" 304 -
::1 - - [08/Jun/2025 00:39:28] "GET /gemini_super_admin.html HTTP/1.1" 304 -
::1 - - [08/Jun/2025 00:39:40] "GET / HTTP/1.1" 200 -
::1 - - [08/Jun/2025 00:39:48] "GET /trendyol-admin.html HTTP/1.1" 200 -
::1 - - [08/Jun/2025 00:39:55] "GET /meschain_sync_super_admin.html HTTP/1.1" 200 -
::1 - - [08/Jun/2025 00:39:55] "GET /meschain_sync_super_admin.js HTTP/1.1" 200 -
::1 - - [08/Jun/2025 00:42:42] "GET /meschain_sync_super_admin.html HTTP/1.1" 304 -
::1 - - [08/Jun/2025 00:42:42] "GET /meschain_sync_super_admin.js HTTP/1.1" 200 -
::1 - - [08/Jun/2025 00:42:43] "GET /meschain_sync_super_admin.html HTTP/1.1" 304 -
::1 - - [08/Jun/2025 00:42:43] "GET /meschain_sync_super_admin.js HTTP/1.1" 304 -
::1 - - [08/Jun/2025 00:45:32] "GET /meschain_sync_super_admin.html HTTP/1.1" 200 -
::1 - - [08/Jun/2025 00:45:32] "GET /meschain_sync_super_admin.js HTTP/1.1" 200 -
::1 - - [08/Jun/2025 00:45:34] "GET /meschain_sync_super_admin.html HTTP/1.1" 304 -
::1 - - [08/Jun/2025 00:49:12] "GET /meschain_sync_super_admin.html HTTP/1.1" 200 -
::1 - - [08/Jun/2025 00:49:12] "GET /meschain_sync_super_admin.js HTTP/1.1" 200 -
::1 - - [08/Jun/2025 00:50:28] "GET /meschain_sync_super_admin.html HTTP/1.1" 200 -
::1 - - [08/Jun/2025 00:50:28] "GET /meschain_sync_super_admin.js HTTP/1.1" 304 -
::1 - - [08/Jun/2025 00:50:31] "GET /meschain_sync_super_admin.html HTTP/1.1" 304 -
::1 - - [08/Jun/2025 00:58:51] "GET /meschain_sync_super_admin.html HTTP/1.1" 304 -
::1 - - [08/Jun/2025 00:58:51] "GET /meschain_sync_super_admin.js HTTP/1.1" 304 -
::1 - - [08/Jun/2025 00:58:54] "GET /meschain_sync_super_admin.html HTTP/1.1" 304 -
::1 - - [08/Jun/2025 01:01:11] "GET /meschain_sync_super_admin.html HTTP/1.1" 200 -
::1 - - [08/Jun/2025 01:01:11] "GET /meschain_sync_super_admin.js HTTP/1.1" 304 -
::1 - - [08/Jun/2025 01:02:43] "GET /meschain_sync_super_admin.html HTTP/1.1" 304 -
::1 - - [08/Jun/2025 01:02:43] "GET /meschain_sync_super_admin.js HTTP/1.1" 304 -
::1 - - [08/Jun/2025 01:04:27] "GET /gemini_super_admin.html HTTP/1.1" 304 -
::1 - - [08/Jun/2025 01:06:57] "GET /meschain_sync_super_admin.html HTTP/1.1" 200 -
::1 - - [08/Jun/2025 01:06:57] "GET /meschain_sync_super_admin.js HTTP/1.1" 304 -
::1 - - [08/Jun/2025 01:08:50] "GET /meschain_sync_super_admin.html HTTP/1.1" 304 -
::1 - - [08/Jun/2025 01:08:50] "GET /meschain_sync_super_admin.js HTTP/1.1" 304 -
::1 - - [08/Jun/2025 01:11:37] "GET /trendyol-admin.html HTTP/1.1" 304 -
::1 - - [08/Jun/2025 08:19:53] "GET /meschain_sync_super_admin.html HTTP/1.1" 200 -
::1 - - [08/Jun/2025 08:19:53] "GET /meschain_sync_super_admin.js HTTP/1.1" 200 -
::1 - - [08/Jun/2025 08:24:10] "GET /meschain_sync_super_admin.html HTTP/1.1" 304 -
::1 - - [08/Jun/2025 09:17:52] "GET /meschain_sync_super_admin.html HTTP/1.1" 304 -
::1 - - [08/Jun/2025 09:17:52] "GET /meschain_sync_super_admin.js HTTP/1.1" 304 -
::1 - - [08/Jun/2025 09:33:55] "GET /meschain_sync_super_admin.html HTTP/1.1" 304 -
::1 - - [08/Jun/2025 10:45:29] "GET /meschain_sync_super_admin.html HTTP/1.1" 304 -
::1 - - [08/Jun/2025 10:45:29] "GET /meschain_sync_super_admin.js HTTP/1.1" 304 -
::1 - - [08/Jun/2025 10:45:32] "GET /trendyol-admin.html HTTP/1.1" 304 -
::1 - - [08/Jun/2025 11:27:34] "GET /trendyol-admin.html HTTP/1.1" 304 -
::1 - - [08/Jun/2025 11:27:38] "GET /meschain_sync_super_admin.html HTTP/1.1" 304 -
::1 - - [08/Jun/2025 12:01:42] "GET / HTTP/1.1" 304 -
::1 - - [08/Jun/2025 12:01:44] "GET / HTTP/1.1" 304 -
::1 - - [08/Jun/2025 12:01:53] "GET /trendyol-admin.html HTTP/1.1" 304 -
::1 - - [08/Jun/2025 13:15:02] "GET /trendyol-admin.html HTTP/1.1" 304 -
::1 - - [08/Jun/2025 13:15:10] "GET /gemini_super_admin.html HTTP/1.1" 304 -
::1 - - [08/Jun/2025 13:15:11] "GET /gemini_super_admin.html HTTP/1.1" 304 -
::1 - - [08/Jun/2025 13:15:16] "GET / HTTP/1.1" 304 -
::1 - - [08/Jun/2025 13:15:22] "GET /meschain_sync_super_admin.html HTTP/1.1" 200 -
::1 - - [08/Jun/2025 13:15:22] "GET /meschain_sync_super_admin.js HTTP/1.1" 200 -
::1 - - [08/Jun/2025 14:45:17] "GET /meschain_sync_super_admin.html HTTP/1.1" 304 -
::1 - - [08/Jun/2025 14:45:17] "GET /meschain_sync_super_admin.js HTTP/1.1" 200 -
::1 - - [08/Jun/2025 15:05:13] "GET /meschain_sync_super_admin.html HTTP/1.1" 304 -
::1 - - [08/Jun/2025 15:05:13] "GET /meschain_sync_super_admin.js HTTP/1.1" 304 -
::1 - - [08/Jun/2025 18:20:25] "GET /gemini_super_admin.html HTTP/1.1" 304 -
::1 - - [08/Jun/2025 18:21:14] "GET /trendyol-admin.html HTTP/1.1" 304 -
::1 - - [08/Jun/2025 18:21:15] "GET /trendyol-admin.html HTTP/1.1" 304 -
::1 - - [08/Jun/2025 18:35:55] "GET /meschain_sync_super_admin.html HTTP/1.1" 304 -
::1 - - [08/Jun/2025 18:35:55] "GET /meschain_sync_super_admin.js HTTP/1.1" 304 -
::1 - - [08/Jun/2025 18:40:19] code 404, message File not found
::1 - - [08/Jun/2025 18:40:19] "GET /health HTTP/1.1" 404 -
::1 - - [08/Jun/2025 18:43:16] "GET /meschain_sync_super_admin.html HTTP/1.1" 200 -
::1 - - [08/Jun/2025 18:44:48] "GET /meschain_sync_super_admin.html HTTP/1.1" 200 -
::1 - - [08/Jun/2025 18:44:50] "GET /meschain_sync_super_admin.html HTTP/1.1" 304 -
::1 - - [08/Jun/2025 18:50:17] "GET /meschain_sync_super_admin.html HTTP/1.1" 200 -
::1 - - [08/Jun/2025 18:52:13] "GET /meschain_sync_super_admin.html HTTP/1.1" 200 -
::1 - - [08/Jun/2025 18:53:56] "GET /meschain_sync_super_admin.html HTTP/1.1" 200 -
::1 - - [08/Jun/2025 18:57:37] "GET /meschain_sync_super_admin.html HTTP/1.1" 200 -
::1 - - [08/Jun/2025 18:58:05] "GET /meschain_sync_super_admin.html HTTP/1.1" 304 -
::1 - - [08/Jun/2025 19:00:20] "GET /meschain_sync_super_admin.html HTTP/1.1" 200 -
::1 - - [08/Jun/2025 19:01:03] "GET /meschain_sync_super_admin.html HTTP/1.1" 304 -
::1 - - [08/Jun/2025 19:04:13] "GET /trendyol-admin.html HTTP/1.1" 304 -
::1 - - [08/Jun/2025 19:04:43] "GET /gemini_super_admin.html HTTP/1.1" 304 -
::1 - - [08/Jun/2025 19:04:59] "GET /meschain_sync_super_admin.html HTTP/1.1" 200 -
::1 - - [08/Jun/2025 19:11:17] "GET /meschain_sync_super_admin.html HTTP/1.1" 200 -
::1 - - [08/Jun/2025 19:11:17] "GET /meschain_sync_super_admin.js HTTP/1.1" 304 -
::1 - - [08/Jun/2025 19:15:47] "GET /meschain_sync_super_admin.html HTTP/1.1" 304 -
::1 - - [08/Jun/2025 19:19:10] "GET /meschain_sync_super_admin.html HTTP/1.1" 304 -
::1 - - [08/Jun/2025 19:25:41] "GET /meschain_sync_super_admin.html HTTP/1.1" 200 -
::1 - - [08/Jun/2025 19:25:58] "GET /meschain_sync_super_admin.html HTTP/1.1" 304 -
::1 - - [08/Jun/2025 23:42:34] "GET /meschain_sync_super_admin.html HTTP/1.1" 304 -
::1 - - [08/Jun/2025 23:42:34] "GET /meschain_sync_super_admin.js HTTP/1.1" 304 -
::1 - - [09/Jun/2025 01:04:05] "GET /meschain_sync_super_admin.html HTTP/1.1" 304 -
::1 - - [09/Jun/2025 01:04:06] "GET /meschain_sync_super_admin.js HTTP/1.1" 304 -
::1 - - [09/Jun/2025 01:10:24] "GET /meschain_sync_super_admin.html HTTP/1.1" 200 -
----------------------------------------
Exception occurred during processing of request from ('::1', 55084, 0, 0)
Traceback (most recent call last):
  File "/Library/Developer/CommandLineTools/Library/Frameworks/Python3.framework/Versions/3.9/lib/python3.9/socketserver.py", line 683, in process_request_thread
    self.finish_request(request, client_address)
  File "/Library/Developer/CommandLineTools/Library/Frameworks/Python3.framework/Versions/3.9/lib/python3.9/socketserver.py", line 360, in finish_request
    self.RequestHandlerClass(request, client_address, self)
  File "/Library/Developer/CommandLineTools/Library/Frameworks/Python3.framework/Versions/3.9/lib/python3.9/http/server.py", line 660, in __init__
    super().__init__(*args, **kwargs)
  File "/Library/Developer/CommandLineTools/Library/Frameworks/Python3.framework/Versions/3.9/lib/python3.9/socketserver.py", line 747, in __init__
    self.handle()
  File "/Library/Developer/CommandLineTools/Library/Frameworks/Python3.framework/Versions/3.9/lib/python3.9/http/server.py", line 434, in handle
    self.handle_one_request()
  File "/Library/Developer/CommandLineTools/Library/Frameworks/Python3.framework/Versions/3.9/lib/python3.9/http/server.py", line 422, in handle_one_request
    method()
  File "/Library/Developer/CommandLineTools/Library/Frameworks/Python3.framework/Versions/3.9/lib/python3.9/http/server.py", line 667, in do_GET
    self.copyfile(f, self.wfile)
  File "/Library/Developer/CommandLineTools/Library/Frameworks/Python3.framework/Versions/3.9/lib/python3.9/http/server.py", line 867, in copyfile
    shutil.copyfileobj(source, outputfile)
  File "/Library/Developer/CommandLineTools/Library/Frameworks/Python3.framework/Versions/3.9/lib/python3.9/shutil.py", line 208, in copyfileobj
    fdst_write(buf)
  File "/Library/Developer/CommandLineTools/Library/Frameworks/Python3.framework/Versions/3.9/lib/python3.9/socketserver.py", line 826, in write
    self._sock.sendall(b)
BrokenPipeError: [Errno 32] Broken pipe
----------------------------------------
::1 - - [09/Jun/2025 01:12:34] "GET /meschain_sync_super_admin.html HTTP/1.1" 200 -
::1 - - [09/Jun/2025 01:50:51] "GET /meschain_sync_super_admin.html HTTP/1.1" 200 -
::1 - - [09/Jun/2025 01:56:43] "GET /meschain_sync_super_admin.html HTTP/1.1" 304 -
::1 - - [09/Jun/2025 02:40:19] "GET /meschain_sync_super_admin.html HTTP/1.1" 200 -
::1 - - [09/Jun/2025 02:40:29] "GET /meschain_sync_super_admin.html HTTP/1.1" 200 -
::1 - - [09/Jun/2025 02:44:44] "GET /meschain_sync_super_admin.html HTTP/1.1" 200 -
::1 - - [09/Jun/2025 02:46:59] code 404, message File not found
::1 - - [09/Jun/2025 02:46:59] "GET /meschain_sync_super_admin_enhanced_3d.html HTTP/1.1" 404 -
::1 - - [09/Jun/2025 02:58:45] "GET /meschain_sync_super_admin.html HTTP/1.1" 304 -
::1 - - [09/Jun/2025 02:58:45] "GET /meschain_sync_super_admin.js HTTP/1.1" 304 -
::1 - - [09/Jun/2025 02:59:00] "GET /meschain_sync_super_admin.html HTTP/1.1" 304 -
::1 - - [09/Jun/2025 03:00:17] "GET /meschain_sync_super_admin.html HTTP/1.1" 200 -
::1 - - [09/Jun/2025 03:00:17] "GET /meschain_sync_super_admin.js HTTP/1.1" 200 -
::1 - - [09/Jun/2025 03:02:03] code 404, message File not found
::1 - - [09/Jun/2025 03:02:03] "GET /meschain_sync_super_admin_enhanced_3d.html HTTP/1.1" 404 -
::1 - - [09/Jun/2025 03:09:04] "GET /meschain_sync_super_admin.html HTTP/1.1" 200 -
----------------------------------------
Exception occurred during processing of request from ('::1', 60369, 0, 0)
Traceback (most recent call last):
  File "/Library/Developer/CommandLineTools/Library/Frameworks/Python3.framework/Versions/3.9/lib/python3.9/socketserver.py", line 683, in process_request_thread
    self.finish_request(request, client_address)
  File "/Library/Developer/CommandLineTools/Library/Frameworks/Python3.framework/Versions/3.9/lib/python3.9/socketserver.py", line 360, in finish_request
    self.RequestHandlerClass(request, client_address, self)
  File "/Library/Developer/CommandLineTools/Library/Frameworks/Python3.framework/Versions/3.9/lib/python3.9/http/server.py", line 660, in __init__
    super().__init__(*args, **kwargs)
  File "/Library/Developer/CommandLineTools/Library/Frameworks/Python3.framework/Versions/3.9/lib/python3.9/socketserver.py", line 747, in __init__
    self.handle()
  File "/Library/Developer/CommandLineTools/Library/Frameworks/Python3.framework/Versions/3.9/lib/python3.9/http/server.py", line 434, in handle
    self.handle_one_request()
  File "/Library/Developer/CommandLineTools/Library/Frameworks/Python3.framework/Versions/3.9/lib/python3.9/http/server.py", line 422, in handle_one_request
    method()
  File "/Library/Developer/CommandLineTools/Library/Frameworks/Python3.framework/Versions/3.9/lib/python3.9/http/server.py", line 667, in do_GET
    self.copyfile(f, self.wfile)
  File "/Library/Developer/CommandLineTools/Library/Frameworks/Python3.framework/Versions/3.9/lib/python3.9/http/server.py", line 867, in copyfile
    shutil.copyfileobj(source, outputfile)
  File "/Library/Developer/CommandLineTools/Library/Frameworks/Python3.framework/Versions/3.9/lib/python3.9/shutil.py", line 208, in copyfileobj
    fdst_write(buf)
  File "/Library/Developer/CommandLineTools/Library/Frameworks/Python3.framework/Versions/3.9/lib/python3.9/socketserver.py", line 826, in write
    self._sock.sendall(b)
BrokenPipeError: [Errno 32] Broken pipe
----------------------------------------
::1 - - [09/Jun/2025 03:18:09] code 404, message File not found
::1 - - [09/Jun/2025 03:18:09] "GET /meschain_sync_super_admin_enhanced_3d.html HTTP/1.1" 404 -
::1 - - [09/Jun/2025 03:18:20] "GET /meschain_sync_super_admin.html HTTP/1.1" 304 -
::1 - - [09/Jun/2025 03:27:29] "GET /meschain_sync_super_admin.html HTTP/1.1" 304 -
::1 - - [09/Jun/2025 03:29:22] "GET /meschain_sync_super_admin.html HTTP/1.1" 304 -
::1 - - [09/Jun/2025 03:30:30] code 404, message File not found
::1 - - [09/Jun/2025 03:30:30] "GET /meschain_sync_super_admin_enhanced_3d.html HTTP/1.1" 404 -
::1 - - [09/Jun/2025 03:30:41] "GET / HTTP/1.1" 304 -
::1 - - [09/Jun/2025 03:35:14] "GET /meschain_sync_super_admin.html HTTP/1.1" 200 -
::1 - - [09/Jun/2025 03:38:03] "GET /meschain_sync_super_admin.html HTTP/1.1" 304 -
::1 - - [09/Jun/2025 03:46:14] "GET /meschain_sync_super_admin.html HTTP/1.1" 304 -
::1 - - [09/Jun/2025 03:46:32] "GET /meschain_sync_super_admin.html HTTP/1.1" 304 -
::1 - - [09/Jun/2025 03:47:26] "GET /meschain_sync_super_admin.html HTTP/1.1" 304 -
::1 - - [09/Jun/2025 03:47:51] "GET / HTTP/1.1" 304 -
::1 - - [09/Jun/2025 03:47:52] "GET / HTTP/1.1" 304 -
::1 - - [09/Jun/2025 03:47:55] "GET /meschain_sync_super_admin.html HTTP/1.1" 304 -
::1 - - [09/Jun/2025 03:50:38] "GET /meschain_sync_super_admin.html HTTP/1.1" 304 -
::1 - - [09/Jun/2025 03:50:40] "GET /meschain_sync_super_admin.html HTTP/1.1" 304 -
::1 - - [09/Jun/2025 03:59:55] "GET /meschain_sync_super_admin.html HTTP/1.1" 304 -
::1 - - [09/Jun/2025 04:02:36] "GET /meschain_sync_super_admin.html HTTP/1.1" 304 -
::1 - - [09/Jun/2025 04:14:13] "GET /meschain_sync_super_admin.html HTTP/1.1" 304 -
::1 - - [09/Jun/2025 04:15:31] code 404, message File not found
::1 - - [09/Jun/2025 04:15:31] "GET /meschain_sync_super_admin_enhanced_3d.html HTTP/1.1" 404 -
::1 - - [09/Jun/2025 04:20:05] "GET /meschain_sync_super_admin.js HTTP/1.1" 304 -
::1 - - [09/Jun/2025 04:20:08] "GET /meschain_sync_super_admin.html HTTP/1.1" 304 -
::1 - - [09/Jun/2025 04:27:50] "GET /meschain_sync_super_admin.html HTTP/1.1" 304 -
::1 - - [09/Jun/2025 04:27:50] "GET /meschain_sync_super_admin.js HTTP/1.1" 304 -
::1 - - [09/Jun/2025 04:44:01] "GET /meschain_sync_super_admin.html HTTP/1.1" 304 -
::1 - - [09/Jun/2025 05:19:54] "GET /meschain_sync_super_admin.html HTTP/1.1" 304 -
::1 - - [09/Jun/2025 05:41:32] "GET /meschain_sync_super_admin.html HTTP/1.1" 304 -
::1 - - [09/Jun/2025 06:00:30] "GET /meschain_sync_super_admin.html HTTP/1.1" 304 -
::1 - - [09/Jun/2025 06:00:30] "GET /meschain_sync_super_admin.js HTTP/1.1" 304 -
::1 - - [09/Jun/2025 06:01:00] "GET /meschain_sync_super_admin.html HTTP/1.1" 304 -
::1 - - [09/Jun/2025 06:01:00] "GET /meschain_sync_super_admin.js HTTP/1.1" 304 -
::1 - - [09/Jun/2025 06:06:35] "GET /meschain_sync_super_admin.html HTTP/1.1" 304 -
::1 - - [09/Jun/2025 06:24:48] "GET /meschain_sync_super_admin.html HTTP/1.1" 304 -
